The files belonging to this database system will be owned by user "postgres".
This user must also own the server process.

The database cluster will be initialized with locale "en_US.utf8".
The default database encoding has accordingly been set to "UTF8".
The default text search configuration will be set to "english".

Data page checksums are disabled.

fixing permissions on existing directory /var/lib/postgresql/data ... ok
creating subdirectories ... ok
selecting dynamic shared memory implementation ... posix
selecting default max_connections ... 100
selecting default shared_buffers ... 128MB
selecting default time zone ... Etc/UTC
creating configuration files ... ok
running bootstrap script ... ok
performing post-bootstrap initialization ... ok
initdb: warning: enabling "trust" authentication for local connections
initdb: hint: You can change this by editing pg_hba.conf or using the option -A, or --auth-local and --auth-host, the next time you run initdb.
syncing data to disk ... ok


Success. You can now start the database server using:

    pg_ctl -D /var/lib/postgresql/data -l logfile start

waiting for server to start....2025-07-31 06:19:54.069 UTC [48] LOG:  starting PostgreSQL 15.13 (Debian 15.13-1.pgdg120+1) on x86_64-pc-linux-gnu, compiled by gcc (Debian 12.2.0-14) 12.2.0, 64-bit
2025-07-31 06:19:54.073 UTC [48] LOG:  listening on Unix socket "/var/run/postgresql/.s.PGSQL.5432"
2025-07-31 06:19:54.083 UTC [51] LOG:  database system was shut down at 2025-07-31 06:19:53 UTC
2025-07-31 06:19:54.091 UTC [48] LOG:  database system is ready to accept connections
 done
server started
CREATE DATABASE


/usr/local/bin/docker-entrypoint.sh: ignoring /docker-entrypoint-initdb.d/*

waiting for server to shut down...2025-07-31 06:19:54.389 UTC [48] LOG:  received fast shutdown request
.2025-07-31 06:19:54.393 UTC [48] LOG:  aborting any active transactions
2025-07-31 06:19:54.395 UTC [48] LOG:  background worker "logical replication launcher" (PID 54) exited with exit code 1
2025-07-31 06:19:54.395 UTC [49] LOG:  shutting down
2025-07-31 06:19:54.398 UTC [49] LOG:  checkpoint starting: shutdown immediate
2025-07-31 06:19:54.547 UTC [49] LOG:  checkpoint complete: wrote 918 buffers (5.6%); 0 WAL file(s) added, 0 removed, 0 recycled; write=0.025 s, sync=0.113 s, total=0.153 s; sync files=301, longest=0.082 s, average=0.001 s; distance=4222 kB, estimate=4222 kB
2025-07-31 06:19:54.553 UTC [48] LOG:  database system is shut down
 done
server stopped

PostgreSQL init process complete; ready for start up.

2025-07-31 06:19:54.630 UTC [1] LOG:  starting PostgreSQL 15.13 (Debian 15.13-1.pgdg120+1) on x86_64-pc-linux-gnu, compiled by gcc (Debian 12.2.0-14) 12.2.0, 64-bit
2025-07-31 06:19:54.631 UTC [1] LOG:  listening on IPv4 address "0.0.0.0", port 5432
2025-07-31 06:19:54.631 UTC [1] LOG:  listening on IPv6 address "::", port 5432
2025-07-31 06:19:54.638 UTC [1] LOG:  listening on Unix socket "/var/run/postgresql/.s.PGSQL.5432"
2025-07-31 06:19:54.647 UTC [64] LOG:  database system was shut down at 2025-07-31 06:19:54 UTC
2025-07-31 06:19:54.654 UTC [1] LOG:  database system is ready to accept connections
2025-07-31 06:20:12.111 UTC [77] ERROR:  relation "VERSION" does not exist at character 32
2025-07-31 06:20:12.111 UTC [77] STATEMENT:  SELECT t."SCHEMA_VERSION" from "VERSION" t
2025-07-31 06:24:54.620 UTC [62] LOG:  checkpoint starting: time
2025-07-31 06:25:28.811 UTC [62] LOG:  checkpoint complete: wrote 342 buffers (2.1%); 0 WAL file(s) added, 0 removed, 0 recycled; write=34.063 s, sync=0.108 s, total=34.192 s; sync files=410, longest=0.009 s, average=0.001 s; distance=2459 kB, estimate=2459 kB
2025-07-31 06:44:54.987 UTC [62] LOG:  checkpoint starting: time
2025-07-31 06:44:59.156 UTC [62] LOG:  checkpoint complete: wrote 43 buffers (0.3%); 0 WAL file(s) added, 0 removed, 0 recycled; write=4.131 s, sync=0.014 s, total=4.170 s; sync files=27, longest=0.010 s, average=0.001 s; distance=17 kB, estimate=2215 kB
2025-07-31 06:47:06.941 UTC [1] LOG:  received fast shutdown request
2025-07-31 06:47:06.945 UTC [1] LOG:  aborting any active transactions
2025-07-31 06:47:06.947 UTC [1] LOG:  background worker "logical replication launcher" (PID 67) exited with exit code 1
2025-07-31 06:47:06.947 UTC [62] LOG:  shutting down
2025-07-31 06:47:06.951 UTC [62] LOG:  checkpoint starting: shutdown immediate
2025-07-31 06:47:06.963 UTC [62] LOG:  checkpoint complete: wrote 0 buffers (0.0%); 0 WAL file(s) added, 0 removed, 0 recycled; write=0.001 s, sync=0.001 s, total=0.016 s; sync files=0, longest=0.000 s, average=0.000 s; distance=0 kB, estimate=1993 kB
2025-07-31 06:47:06.967 UTC [1] LOG:  database system is shut down
The files belonging to this database system will be owned by user "postgres".
This user must also own the server process.

The database cluster will be initialized with locale "en_US.utf8".
The default database encoding has accordingly been set to "UTF8".
The default text search configuration will be set to "english".

Data page checksums are disabled.

fixing permissions on existing directory /var/lib/postgresql/data ... ok
creating subdirectories ... ok
selecting dynamic shared memory implementation ... posix
selecting default max_connections ... 100
selecting default shared_buffers ... 128MB
selecting default time zone ... Etc/UTC
creating configuration files ... ok
running bootstrap script ... ok
performing post-bootstrap initialization ... ok
initdb: warning: enabling "trust" authentication for local connections
initdb: hint: You can change this by editing pg_hba.conf or using the option -A, or --auth-local and --auth-host, the next time you run initdb.
syncing data to disk ... ok


Success. You can now start the database server using:

    pg_ctl -D /var/lib/postgresql/data -l logfile start

waiting for server to start....2025-07-31 06:51:32.886 UTC [48] LOG:  starting PostgreSQL 15.13 (Debian 15.13-1.pgdg120+1) on x86_64-pc-linux-gnu, compiled by gcc (Debian 12.2.0-14) 12.2.0, 64-bit
2025-07-31 06:51:32.890 UTC [48] LOG:  listening on Unix socket "/var/run/postgresql/.s.PGSQL.5432"
2025-07-31 06:51:32.902 UTC [51] LOG:  database system was shut down at 2025-07-31 06:51:32 UTC
2025-07-31 06:51:32.909 UTC [48] LOG:  database system is ready to accept connections
 done
server started
CREATE DATABASE


/usr/local/bin/docker-entrypoint.sh: ignoring /docker-entrypoint-initdb.d/*

waiting for server to shut down...2025-07-31 06:51:33.107 UTC [48] LOG:  received fast shutdown request
.2025-07-31 06:51:33.111 UTC [48] LOG:  aborting any active transactions
2025-07-31 06:51:33.113 UTC [48] LOG:  background worker "logical replication launcher" (PID 54) exited with exit code 1
2025-07-31 06:51:33.114 UTC [49] LOG:  shutting down
2025-07-31 06:51:33.117 UTC [49] LOG:  checkpoint starting: shutdown immediate
2025-07-31 06:51:33.275 UTC [49] LOG:  checkpoint complete: wrote 918 buffers (5.6%); 0 WAL file(s) added, 0 removed, 0 recycled; write=0.068 s, sync=0.078 s, total=0.162 s; sync files=301, longest=0.042 s, average=0.001 s; distance=4222 kB, estimate=4222 kB
2025-07-31 06:51:33.282 UTC [48] LOG:  database system is shut down
 done
server stopped

PostgreSQL init process complete; ready for start up.

2025-07-31 06:51:33.340 UTC [1] LOG:  starting PostgreSQL 15.13 (Debian 15.13-1.pgdg120+1) on x86_64-pc-linux-gnu, compiled by gcc (Debian 12.2.0-14) 12.2.0, 64-bit
2025-07-31 06:51:33.340 UTC [1] LOG:  listening on IPv4 address "0.0.0.0", port 5432
2025-07-31 06:51:33.340 UTC [1] LOG:  listening on IPv6 address "::", port 5432
2025-07-31 06:51:33.347 UTC [1] LOG:  listening on Unix socket "/var/run/postgresql/.s.PGSQL.5432"
2025-07-31 06:51:33.356 UTC [64] LOG:  database system was shut down at 2025-07-31 06:51:33 UTC
2025-07-31 06:51:33.363 UTC [1] LOG:  database system is ready to accept connections
2025-07-31 06:54:11.059 UTC [195] ERROR:  relation "VERSION" does not exist at character 32
2025-07-31 06:54:11.059 UTC [195] STATEMENT:  SELECT t."SCHEMA_VERSION" from "VERSION" t
2025-07-31 06:56:33.435 UTC [62] LOG:  checkpoint starting: time
2025-07-31 06:57:07.630 UTC [62] LOG:  checkpoint complete: wrote 342 buffers (2.1%); 0 WAL file(s) added, 0 removed, 0 recycled; write=34.054 s, sync=0.109 s, total=34.196 s; sync files=410, longest=0.027 s, average=0.001 s; distance=2459 kB, estimate=2459 kB
2025-07-31 07:09:26.948 UTC [1] LOG:  received fast shutdown request
2025-07-31 07:09:26.953 UTC [1] LOG:  aborting any active transactions
2025-07-31 07:09:26.955 UTC [1] LOG:  background worker "logical replication launcher" (PID 67) exited with exit code 1
2025-07-31 07:09:26.956 UTC [62] LOG:  shutting down
2025-07-31 07:09:26.959 UTC [62] LOG:  checkpoint starting: shutdown immediate
2025-07-31 07:09:26.971 UTC [62] LOG:  checkpoint complete: wrote 0 buffers (0.0%); 0 WAL file(s) added, 0 removed, 0 recycled; write=0.001 s, sync=0.001 s, total=0.016 s; sync files=0, longest=0.000 s, average=0.000 s; distance=0 kB, estimate=2213 kB
2025-07-31 07:09:26.979 UTC [1] LOG:  database system is shut down
The files belonging to this database system will be owned by user "postgres".
This user must also own the server process.

The database cluster will be initialized with locale "en_US.utf8".
The default database encoding has accordingly been set to "UTF8".
The default text search configuration will be set to "english".

Data page checksums are disabled.

fixing permissions on existing directory /var/lib/postgresql/data ... ok
creating subdirectories ... ok
selecting dynamic shared memory implementation ... posix
selecting default max_connections ... 100
selecting default shared_buffers ... 128MB
selecting default time zone ... Etc/UTC
creating configuration files ... ok
running bootstrap script ... ok
performing post-bootstrap initialization ... ok
syncing data to disk ... ok


Success. You can now start the database server using:

    pg_ctl -D /var/lib/postgresql/data -l logfile start

initdb: warning: enabling "trust" authentication for local connections
initdb: hint: You can change this by editing pg_hba.conf or using the option -A, or --auth-local and --auth-host, the next time you run initdb.
waiting for server to start....2025-07-31 07:43:14.491 UTC [49] LOG:  starting PostgreSQL 15.13 (Debian 15.13-1.pgdg120+1) on x86_64-pc-linux-gnu, compiled by gcc (Debian 12.2.0-14) 12.2.0, 64-bit
2025-07-31 07:43:14.495 UTC [49] LOG:  listening on Unix socket "/var/run/postgresql/.s.PGSQL.5432"
2025-07-31 07:43:14.508 UTC [52] LOG:  database system was shut down at 2025-07-31 07:43:13 UTC
2025-07-31 07:43:14.515 UTC [49] LOG:  database system is ready to accept connections
 done
server started
CREATE DATABASE


/usr/local/bin/docker-entrypoint.sh: ignoring /docker-entrypoint-initdb.d/*

2025-07-31 07:43:15.182 UTC [49] LOG:  received fast shutdown request
waiting for server to shut down....2025-07-31 07:43:15.186 UTC [49] LOG:  aborting any active transactions
2025-07-31 07:43:15.188 UTC [49] LOG:  background worker "logical replication launcher" (PID 55) exited with exit code 1
2025-07-31 07:43:15.189 UTC [50] LOG:  shutting down
2025-07-31 07:43:15.192 UTC [50] LOG:  checkpoint starting: shutdown immediate
2025-07-31 07:43:15.348 UTC [50] LOG:  checkpoint complete: wrote 918 buffers (5.6%); 0 WAL file(s) added, 0 removed, 0 recycled; write=0.092 s, sync=0.051 s, total=0.160 s; sync files=301, longest=0.016 s, average=0.001 s; distance=4222 kB, estimate=4222 kB
2025-07-31 07:43:15.355 UTC [49] LOG:  database system is shut down
 done
server stopped

PostgreSQL init process complete; ready for start up.

2025-07-31 07:43:15.421 UTC [1] LOG:  starting PostgreSQL 15.13 (Debian 15.13-1.pgdg120+1) on x86_64-pc-linux-gnu, compiled by gcc (Debian 12.2.0-14) 12.2.0, 64-bit
2025-07-31 07:43:15.422 UTC [1] LOG:  listening on IPv4 address "0.0.0.0", port 5432
2025-07-31 07:43:15.422 UTC [1] LOG:  listening on IPv6 address "::", port 5432
2025-07-31 07:43:15.429 UTC [1] LOG:  listening on Unix socket "/var/run/postgresql/.s.PGSQL.5432"
2025-07-31 07:43:15.440 UTC [65] LOG:  database system was shut down at 2025-07-31 07:43:15 UTC
2025-07-31 07:43:15.448 UTC [1] LOG:  database system is ready to accept connections
2025-07-31 07:43:27.921 UTC [77] ERROR:  relation "VERSION" does not exist at character 32
2025-07-31 07:43:27.921 UTC [77] STATEMENT:  SELECT t."SCHEMA_VERSION" from "VERSION" t
2025-07-31 07:48:15.461 UTC [63] LOG:  checkpoint starting: time
2025-07-31 07:48:49.582 UTC [63] LOG:  checkpoint complete: wrote 342 buffers (2.1%); 0 WAL file(s) added, 0 removed, 0 recycled; write=34.052 s, sync=0.052 s, total=34.122 s; sync files=410, longest=0.006 s, average=0.001 s; distance=2461 kB, estimate=2461 kB
2025-07-31 07:59:03.947 UTC [1] LOG:  received fast shutdown request
2025-07-31 07:59:03.951 UTC [1] LOG:  aborting any active transactions
2025-07-31 07:59:03.954 UTC [1] LOG:  background worker "logical replication launcher" (PID 68) exited with exit code 1
2025-07-31 07:59:03.955 UTC [63] LOG:  shutting down
2025-07-31 07:59:03.958 UTC [63] LOG:  checkpoint starting: shutdown immediate
2025-07-31 07:59:03.970 UTC [63] LOG:  checkpoint complete: wrote 0 buffers (0.0%); 0 WAL file(s) added, 0 removed, 0 recycled; write=0.001 s, sync=0.001 s, total=0.015 s; sync files=0, longest=0.000 s, average=0.000 s; distance=0 kB, estimate=2215 kB
2025-07-31 07:59:03.975 UTC [1] LOG:  database system is shut down
