[2025-08-06T09:06:46.008+0000] {taskinstance.py:1159} INFO - Dependencies all met for dep_context=non-requeueable deps ti=<TaskInstance: example_iceberg.dbt_processing.orders_seed scheduled__2025-08-05T00:00:00+00:00 [queued]>
[2025-08-06T09:06:46.026+0000] {taskinstance.py:1159} INFO - Dependencies all met for dep_context=requeueable deps ti=<TaskInstance: example_iceberg.dbt_processing.orders_seed scheduled__2025-08-05T00:00:00+00:00 [queued]>
[2025-08-06T09:06:46.027+0000] {taskinstance.py:1361} INFO - Starting attempt 1 of 1
[2025-08-06T09:06:46.048+0000] {taskinstance.py:1382} INFO - Executing <Task(DbtSeedLocalOperator): dbt_processing.orders_seed> on 2025-08-05 00:00:00+00:00
[2025-08-06T09:06:46.059+0000] {standard_task_runner.py:57} INFO - Started process 110 to run task
[2025-08-06T09:06:46.064+0000] {standard_task_runner.py:84} INFO - Running: ['***', 'tasks', 'run', 'example_iceberg', 'dbt_processing.orders_seed', 'scheduled__2025-08-05T00:00:00+00:00', '--job-id', '3', '--raw', '--subdir', 'DAGS_FOLDER/dags_***/ex.py', '--cfg-path', '/tmp/tmpp9x23suw']
[2025-08-06T09:06:46.066+0000] {standard_task_runner.py:85} INFO - Job 3: Subtask dbt_processing.orders_seed
[2025-08-06T09:06:46.143+0000] {task_command.py:416} INFO - Running <TaskInstance: example_iceberg.dbt_processing.orders_seed scheduled__2025-08-05T00:00:00+00:00 [running]> on host cd1ed1f972af
[2025-08-06T09:06:46.248+0000] {taskinstance.py:1662} INFO - Exporting env vars: AIRFLOW_CTX_DAG_OWNER='***' AIRFLOW_CTX_DAG_ID='example_iceberg' AIRFLOW_CTX_TASK_ID='dbt_processing.orders_seed' AIRFLOW_CTX_EXECUTION_DATE='2025-08-05T00:00:00+00:00' AIRFLOW_CTX_TRY_NUMBER='1' AIRFLOW_CTX_DAG_RUN_ID='scheduled__2025-08-05T00:00:00+00:00'
[2025-08-06T09:06:47.592+0000] {local.py:244} INFO - dbtRunner is available. Using dbtRunner for invoking dbt.
[2025-08-06T09:06:47.595+0000] {local.py:464} INFO - Cloning project to writable temp directory /tmp/tmpzm8sz7u6 from /opt/airflow/dags/dbt_main_project
[2025-08-06T09:06:47.599+0000] {local.py:484} INFO - Partial parse is enabled and the latest partial parse file is /opt/airflow/dags/dbt_main_project/target/partial_parse.msgpack
[2025-08-06T09:06:47.624+0000] {config.py:364} INFO - Profile caching is enable.
[2025-08-06T09:06:47.625+0000] {base.py:73} INFO - Using connection ID 'dbt_spark' for task execution.
[2025-08-06T09:06:47.626+0000] {base.py:244} INFO - Using real values for profile dbt_main_project
[2025-08-06T09:06:47.628+0000] {config.py:351} INFO - Profile not found in cache storing and using profile: /tmp/cosmos/profile/818394f1fa07916eb06bcd5299ec520a7f75aff7aab6c09e4f1c608b1ae98e27/profiles.yml.
[2025-08-06T09:06:47.629+0000] {runner.py:60} INFO - Trying to run dbtRunner with:
 ['seed', '--vars', "processing_date: '1970-01-01'\n", '--models', 'orders', '--project-dir', '/tmp/tmpzm8sz7u6', '--profiles-dir', '/tmp/cosmos/profile/818394f1fa07916eb06bcd5299ec520a7f75aff7aab6c09e4f1c608b1ae98e27', '--profile', 'dbt_main_project', '--target', 'dev', '--no-static-parser']
 in /tmp/tmpzm8sz7u6
[2025-08-06T09:06:47.696+0000] {logging_mixin.py:154} INFO - 09:06:47  Running with dbt=1.9.0-b2
[2025-08-06T09:06:48.067+0000] {logging_mixin.py:154} INFO - 09:06:48  Registered adapter: spark=1.8.0
[2025-08-06T09:06:48.261+0000] {logging_mixin.py:154} INFO - 09:06:48  Unable to do partial parsing because of a version mismatch
[2025-08-06T09:06:49.870+0000] {logging_mixin.py:154} INFO - 09:06:49  Found 1 model, 1 seed, 463 macros
[2025-08-06T09:06:49.873+0000] {logging_mixin.py:154} INFO - 09:06:49
[2025-08-06T09:06:49.874+0000] {logging_mixin.py:154} INFO - 09:06:49  Concurrency: 1 threads (target='dev')
[2025-08-06T09:06:49.875+0000] {logging_mixin.py:154} INFO - 09:06:49
[2025-08-06T09:06:54.939+0000] {logging_mixin.py:154} INFO - 09:06:54  1 of 1 START seed file default.orders .......................................... [RUN]
[2025-08-06T09:07:14.823+0000] {logging_mixin.py:154} INFO - 09:07:14  1 of 1 OK loaded seed file default.orders ...................................... [INSERT 1000 in 19.88s]
[2025-08-06T09:07:14.898+0000] {logging_mixin.py:154} INFO - 09:07:14
[2025-08-06T09:07:14.900+0000] {logging_mixin.py:154} INFO - 09:07:14  Finished running 1 seed in 0 hours 0 minutes and 25.02 seconds (25.02s).
[2025-08-06T09:07:14.938+0000] {logging_mixin.py:154} INFO - 09:07:14
[2025-08-06T09:07:14.939+0000] {logging_mixin.py:154} INFO - 09:07:14  Completed successfully
[2025-08-06T09:07:14.940+0000] {logging_mixin.py:154} INFO - 09:07:14
[2025-08-06T09:07:14.941+0000] {logging_mixin.py:154} INFO - 09:07:14  Done. PASS=1 WARN=0 ERROR=0 SKIP=0 TOTAL=1
[2025-08-06T09:07:16.087+0000] {local.py:110} WARNING - Artifact schema version: https://schemas.getdbt.com/dbt/manifest/v12.json is above dbt-ol supported version 7. This might cause errors.
[2025-08-06T09:07:16.089+0000] {local.py:110} WARNING - Artifact schema version: https://schemas.getdbt.com/dbt/run-results/v6.json is above dbt-ol supported version 5. This might cause errors.
[2025-08-06T09:07:16.094+0000] {local.py:538} INFO - Inlets: []
[2025-08-06T09:07:16.095+0000] {local.py:539} INFO - Outlets: []
[2025-08-06T09:07:16.095+0000] {local.py:761} INFO - Assigning inlets/outlets without DatasetAlias
[2025-08-06T09:07:16.096+0000] {dag.py:2941} INFO - Sync 1 DAGs
[2025-08-06T09:07:16.123+0000] {dag.py:3722} INFO - Setting next_dagrun for example_iceberg to 2025-08-06T00:00:00+00:00, run_after=2025-08-07T00:00:00+00:00
[2025-08-06T09:07:16.159+0000] {taskinstance.py:1400} INFO - Marking task as SUCCESS. dag_id=example_iceberg, task_id=dbt_processing.orders_seed, execution_date=20250805T000000, start_date=20250806T090646, end_date=20250806T090716
[2025-08-06T09:07:16.207+0000] {local_task_job_runner.py:228} INFO - Task exited with return code 0
[2025-08-06T09:07:16.236+0000] {taskinstance.py:2778} INFO - 1 downstream tasks scheduled from follow-on schedule check
