[2025-08-06T09:06:20.803+0000] {processor.py:157} INFO - Started process (PID=107) to work on /opt/airflow/dags/dbt_main_project/jars/aws-java-sdk-bundle-1.11.1026.jar
[2025-08-06T09:06:20.804+0000] {processor.py:829} INFO - Processing file /opt/airflow/dags/dbt_main_project/jars/aws-java-sdk-bundle-1.11.1026.jar for tasks to queue
[2025-08-06T09:06:20.807+0000] {logging_mixin.py:154} INFO - [2025-08-06T09:06:20.807+0000] {dagbag.py:536} INFO - Filling up the DagBag from /opt/airflow/dags/dbt_main_project/jars/aws-java-sdk-bundle-1.11.1026.jar
[2025-08-06T09:06:22.067+0000] {processor.py:841} WARNING - No viable dags retrieved from /opt/airflow/dags/dbt_main_project/jars/aws-java-sdk-bundle-1.11.1026.jar
[2025-08-06T09:06:22.081+0000] {processor.py:179} INFO - Processing /opt/airflow/dags/dbt_main_project/jars/aws-java-sdk-bundle-1.11.1026.jar took 1.281 seconds
[2025-08-06T09:07:14.003+0000] {processor.py:157} INFO - Started process (PID=132) to work on /opt/airflow/dags/dbt_main_project/jars/aws-java-sdk-bundle-1.11.1026.jar
[2025-08-06T09:07:14.004+0000] {processor.py:829} INFO - Processing file /opt/airflow/dags/dbt_main_project/jars/aws-java-sdk-bundle-1.11.1026.jar for tasks to queue
[2025-08-06T09:07:14.007+0000] {logging_mixin.py:154} INFO - [2025-08-06T09:07:14.006+0000] {dagbag.py:536} INFO - Filling up the DagBag from /opt/airflow/dags/dbt_main_project/jars/aws-java-sdk-bundle-1.11.1026.jar
[2025-08-06T09:07:15.622+0000] {processor.py:841} WARNING - No viable dags retrieved from /opt/airflow/dags/dbt_main_project/jars/aws-java-sdk-bundle-1.11.1026.jar
[2025-08-06T09:07:15.635+0000] {processor.py:179} INFO - Processing /opt/airflow/dags/dbt_main_project/jars/aws-java-sdk-bundle-1.11.1026.jar took 1.637 seconds
[2025-08-06T09:08:16.677+0000] {processor.py:157} INFO - Started process (PID=181) to work on /opt/airflow/dags/dbt_main_project/jars/aws-java-sdk-bundle-1.11.1026.jar
[2025-08-06T09:08:16.679+0000] {processor.py:829} INFO - Processing file /opt/airflow/dags/dbt_main_project/jars/aws-java-sdk-bundle-1.11.1026.jar for tasks to queue
[2025-08-06T09:08:16.686+0000] {logging_mixin.py:154} INFO - [2025-08-06T09:08:16.685+0000] {dagbag.py:536} INFO - Filling up the DagBag from /opt/airflow/dags/dbt_main_project/jars/aws-java-sdk-bundle-1.11.1026.jar
[2025-08-06T09:08:18.819+0000] {processor.py:841} WARNING - No viable dags retrieved from /opt/airflow/dags/dbt_main_project/jars/aws-java-sdk-bundle-1.11.1026.jar
[2025-08-06T09:08:18.836+0000] {processor.py:179} INFO - Processing /opt/airflow/dags/dbt_main_project/jars/aws-java-sdk-bundle-1.11.1026.jar took 2.164 seconds
[2025-08-06T09:09:11.276+0000] {processor.py:157} INFO - Started process (PID=227) to work on /opt/airflow/dags/dbt_main_project/jars/aws-java-sdk-bundle-1.11.1026.jar
[2025-08-06T09:09:11.277+0000] {processor.py:829} INFO - Processing file /opt/airflow/dags/dbt_main_project/jars/aws-java-sdk-bundle-1.11.1026.jar for tasks to queue
[2025-08-06T09:09:11.281+0000] {logging_mixin.py:154} INFO - [2025-08-06T09:09:11.281+0000] {dagbag.py:536} INFO - Filling up the DagBag from /opt/airflow/dags/dbt_main_project/jars/aws-java-sdk-bundle-1.11.1026.jar
[2025-08-06T09:09:12.747+0000] {processor.py:841} WARNING - No viable dags retrieved from /opt/airflow/dags/dbt_main_project/jars/aws-java-sdk-bundle-1.11.1026.jar
[2025-08-06T09:09:12.761+0000] {processor.py:179} INFO - Processing /opt/airflow/dags/dbt_main_project/jars/aws-java-sdk-bundle-1.11.1026.jar took 1.488 seconds
[2025-08-06T09:10:01.679+0000] {processor.py:157} INFO - Started process (PID=254) to work on /opt/airflow/dags/dbt_main_project/jars/aws-java-sdk-bundle-1.11.1026.jar
[2025-08-06T09:10:01.680+0000] {processor.py:829} INFO - Processing file /opt/airflow/dags/dbt_main_project/jars/aws-java-sdk-bundle-1.11.1026.jar for tasks to queue
[2025-08-06T09:10:01.684+0000] {logging_mixin.py:154} INFO - [2025-08-06T09:10:01.684+0000] {dagbag.py:536} INFO - Filling up the DagBag from /opt/airflow/dags/dbt_main_project/jars/aws-java-sdk-bundle-1.11.1026.jar
[2025-08-06T09:10:02.986+0000] {processor.py:841} WARNING - No viable dags retrieved from /opt/airflow/dags/dbt_main_project/jars/aws-java-sdk-bundle-1.11.1026.jar
[2025-08-06T09:10:03.000+0000] {processor.py:179} INFO - Processing /opt/airflow/dags/dbt_main_project/jars/aws-java-sdk-bundle-1.11.1026.jar took 1.325 seconds
[2025-08-06T09:11:11.779+0000] {processor.py:157} INFO - Started process (PID=303) to work on /opt/airflow/dags/dbt_main_project/jars/aws-java-sdk-bundle-1.11.1026.jar
[2025-08-06T09:11:11.780+0000] {processor.py:829} INFO - Processing file /opt/airflow/dags/dbt_main_project/jars/aws-java-sdk-bundle-1.11.1026.jar for tasks to queue
[2025-08-06T09:11:11.783+0000] {logging_mixin.py:154} INFO - [2025-08-06T09:11:11.783+0000] {dagbag.py:536} INFO - Filling up the DagBag from /opt/airflow/dags/dbt_main_project/jars/aws-java-sdk-bundle-1.11.1026.jar
[2025-08-06T09:11:12.957+0000] {processor.py:841} WARNING - No viable dags retrieved from /opt/airflow/dags/dbt_main_project/jars/aws-java-sdk-bundle-1.11.1026.jar
[2025-08-06T09:11:12.973+0000] {processor.py:179} INFO - Processing /opt/airflow/dags/dbt_main_project/jars/aws-java-sdk-bundle-1.11.1026.jar took 1.197 seconds
