[2025-08-06T09:06:00.822+0000] {processor.py:157} INFO - Started process (PID=86) to work on /opt/airflow/dags/dbt_main_project/jars/hadoop-aws-3.3.1.jar
[2025-08-06T09:06:00.823+0000] {processor.py:829} INFO - Processing file /opt/airflow/dags/dbt_main_project/jars/hadoop-aws-3.3.1.jar for tasks to queue
[2025-08-06T09:06:00.825+0000] {logging_mixin.py:154} INFO - [2025-08-06T09:06:00.825+0000] {dagbag.py:536} INFO - Filling up the DagBag from /opt/airflow/dags/dbt_main_project/jars/hadoop-aws-3.3.1.jar
[2025-08-06T09:06:00.836+0000] {processor.py:841} WARNING - No viable dags retrieved from /opt/airflow/dags/dbt_main_project/jars/hadoop-aws-3.3.1.jar
[2025-08-06T09:06:00.851+0000] {processor.py:179} INFO - Processing /opt/airflow/dags/dbt_main_project/jars/hadoop-aws-3.3.1.jar took 0.033 seconds
[2025-08-06T09:06:36.069+0000] {processor.py:157} INFO - Started process (PID=110) to work on /opt/airflow/dags/dbt_main_project/jars/hadoop-aws-3.3.1.jar
[2025-08-06T09:06:36.070+0000] {processor.py:829} INFO - Processing file /opt/airflow/dags/dbt_main_project/jars/hadoop-aws-3.3.1.jar for tasks to queue
[2025-08-06T09:06:36.075+0000] {logging_mixin.py:154} INFO - [2025-08-06T09:06:36.075+0000] {dagbag.py:536} INFO - Filling up the DagBag from /opt/airflow/dags/dbt_main_project/jars/hadoop-aws-3.3.1.jar
[2025-08-06T09:06:36.092+0000] {processor.py:841} WARNING - No viable dags retrieved from /opt/airflow/dags/dbt_main_project/jars/hadoop-aws-3.3.1.jar
[2025-08-06T09:06:36.112+0000] {processor.py:179} INFO - Processing /opt/airflow/dags/dbt_main_project/jars/hadoop-aws-3.3.1.jar took 0.048 seconds
[2025-08-06T09:07:18.779+0000] {processor.py:157} INFO - Started process (PID=135) to work on /opt/airflow/dags/dbt_main_project/jars/hadoop-aws-3.3.1.jar
[2025-08-06T09:07:18.780+0000] {processor.py:829} INFO - Processing file /opt/airflow/dags/dbt_main_project/jars/hadoop-aws-3.3.1.jar for tasks to queue
[2025-08-06T09:07:18.783+0000] {logging_mixin.py:154} INFO - [2025-08-06T09:07:18.782+0000] {dagbag.py:536} INFO - Filling up the DagBag from /opt/airflow/dags/dbt_main_project/jars/hadoop-aws-3.3.1.jar
[2025-08-06T09:07:18.793+0000] {processor.py:841} WARNING - No viable dags retrieved from /opt/airflow/dags/dbt_main_project/jars/hadoop-aws-3.3.1.jar
[2025-08-06T09:07:18.811+0000] {processor.py:179} INFO - Processing /opt/airflow/dags/dbt_main_project/jars/hadoop-aws-3.3.1.jar took 0.035 seconds
[2025-08-06T09:07:53.178+0000] {processor.py:157} INFO - Started process (PID=159) to work on /opt/airflow/dags/dbt_main_project/jars/hadoop-aws-3.3.1.jar
[2025-08-06T09:07:53.180+0000] {processor.py:829} INFO - Processing file /opt/airflow/dags/dbt_main_project/jars/hadoop-aws-3.3.1.jar for tasks to queue
[2025-08-06T09:07:53.183+0000] {logging_mixin.py:154} INFO - [2025-08-06T09:07:53.183+0000] {dagbag.py:536} INFO - Filling up the DagBag from /opt/airflow/dags/dbt_main_project/jars/hadoop-aws-3.3.1.jar
[2025-08-06T09:07:53.193+0000] {processor.py:841} WARNING - No viable dags retrieved from /opt/airflow/dags/dbt_main_project/jars/hadoop-aws-3.3.1.jar
[2025-08-06T09:07:53.210+0000] {processor.py:179} INFO - Processing /opt/airflow/dags/dbt_main_project/jars/hadoop-aws-3.3.1.jar took 0.034 seconds
[2025-08-06T09:08:23.921+0000] {processor.py:157} INFO - Started process (PID=184) to work on /opt/airflow/dags/dbt_main_project/jars/hadoop-aws-3.3.1.jar
[2025-08-06T09:08:23.923+0000] {processor.py:829} INFO - Processing file /opt/airflow/dags/dbt_main_project/jars/hadoop-aws-3.3.1.jar for tasks to queue
[2025-08-06T09:08:23.925+0000] {logging_mixin.py:154} INFO - [2025-08-06T09:08:23.925+0000] {dagbag.py:536} INFO - Filling up the DagBag from /opt/airflow/dags/dbt_main_project/jars/hadoop-aws-3.3.1.jar
[2025-08-06T09:08:23.935+0000] {processor.py:841} WARNING - No viable dags retrieved from /opt/airflow/dags/dbt_main_project/jars/hadoop-aws-3.3.1.jar
[2025-08-06T09:08:23.952+0000] {processor.py:179} INFO - Processing /opt/airflow/dags/dbt_main_project/jars/hadoop-aws-3.3.1.jar took 0.034 seconds
[2025-08-06T09:09:11.457+0000] {processor.py:157} INFO - Started process (PID=228) to work on /opt/airflow/dags/dbt_main_project/jars/hadoop-aws-3.3.1.jar
[2025-08-06T09:09:11.458+0000] {processor.py:829} INFO - Processing file /opt/airflow/dags/dbt_main_project/jars/hadoop-aws-3.3.1.jar for tasks to queue
[2025-08-06T09:09:11.461+0000] {logging_mixin.py:154} INFO - [2025-08-06T09:09:11.460+0000] {dagbag.py:536} INFO - Filling up the DagBag from /opt/airflow/dags/dbt_main_project/jars/hadoop-aws-3.3.1.jar
[2025-08-06T09:09:11.474+0000] {processor.py:841} WARNING - No viable dags retrieved from /opt/airflow/dags/dbt_main_project/jars/hadoop-aws-3.3.1.jar
[2025-08-06T09:09:11.491+0000] {processor.py:179} INFO - Processing /opt/airflow/dags/dbt_main_project/jars/hadoop-aws-3.3.1.jar took 0.038 seconds
[2025-08-06T09:09:42.409+0000] {processor.py:157} INFO - Started process (PID=252) to work on /opt/airflow/dags/dbt_main_project/jars/hadoop-aws-3.3.1.jar
[2025-08-06T09:09:42.410+0000] {processor.py:829} INFO - Processing file /opt/airflow/dags/dbt_main_project/jars/hadoop-aws-3.3.1.jar for tasks to queue
[2025-08-06T09:09:42.413+0000] {logging_mixin.py:154} INFO - [2025-08-06T09:09:42.413+0000] {dagbag.py:536} INFO - Filling up the DagBag from /opt/airflow/dags/dbt_main_project/jars/hadoop-aws-3.3.1.jar
[2025-08-06T09:09:42.430+0000] {processor.py:841} WARNING - No viable dags retrieved from /opt/airflow/dags/dbt_main_project/jars/hadoop-aws-3.3.1.jar
[2025-08-06T09:09:42.448+0000] {processor.py:179} INFO - Processing /opt/airflow/dags/dbt_main_project/jars/hadoop-aws-3.3.1.jar took 0.046 seconds
[2025-08-06T09:10:12.874+0000] {processor.py:157} INFO - Started process (PID=276) to work on /opt/airflow/dags/dbt_main_project/jars/hadoop-aws-3.3.1.jar
[2025-08-06T09:10:12.875+0000] {processor.py:829} INFO - Processing file /opt/airflow/dags/dbt_main_project/jars/hadoop-aws-3.3.1.jar for tasks to queue
[2025-08-06T09:10:12.878+0000] {logging_mixin.py:154} INFO - [2025-08-06T09:10:12.877+0000] {dagbag.py:536} INFO - Filling up the DagBag from /opt/airflow/dags/dbt_main_project/jars/hadoop-aws-3.3.1.jar
[2025-08-06T09:10:12.888+0000] {processor.py:841} WARNING - No viable dags retrieved from /opt/airflow/dags/dbt_main_project/jars/hadoop-aws-3.3.1.jar
[2025-08-06T09:10:12.903+0000] {processor.py:179} INFO - Processing /opt/airflow/dags/dbt_main_project/jars/hadoop-aws-3.3.1.jar took 0.033 seconds
[2025-08-06T09:10:52.173+0000] {processor.py:157} INFO - Started process (PID=301) to work on /opt/airflow/dags/dbt_main_project/jars/hadoop-aws-3.3.1.jar
[2025-08-06T09:10:52.174+0000] {processor.py:829} INFO - Processing file /opt/airflow/dags/dbt_main_project/jars/hadoop-aws-3.3.1.jar for tasks to queue
[2025-08-06T09:10:52.177+0000] {logging_mixin.py:154} INFO - [2025-08-06T09:10:52.177+0000] {dagbag.py:536} INFO - Filling up the DagBag from /opt/airflow/dags/dbt_main_project/jars/hadoop-aws-3.3.1.jar
[2025-08-06T09:10:52.188+0000] {processor.py:841} WARNING - No viable dags retrieved from /opt/airflow/dags/dbt_main_project/jars/hadoop-aws-3.3.1.jar
[2025-08-06T09:10:52.205+0000] {processor.py:179} INFO - Processing /opt/airflow/dags/dbt_main_project/jars/hadoop-aws-3.3.1.jar took 0.036 seconds
[2025-08-06T09:11:23.242+0000] {processor.py:157} INFO - Started process (PID=325) to work on /opt/airflow/dags/dbt_main_project/jars/hadoop-aws-3.3.1.jar
[2025-08-06T09:11:23.242+0000] {processor.py:829} INFO - Processing file /opt/airflow/dags/dbt_main_project/jars/hadoop-aws-3.3.1.jar for tasks to queue
[2025-08-06T09:11:23.245+0000] {logging_mixin.py:154} INFO - [2025-08-06T09:11:23.245+0000] {dagbag.py:536} INFO - Filling up the DagBag from /opt/airflow/dags/dbt_main_project/jars/hadoop-aws-3.3.1.jar
[2025-08-06T09:11:23.256+0000] {processor.py:841} WARNING - No viable dags retrieved from /opt/airflow/dags/dbt_main_project/jars/hadoop-aws-3.3.1.jar
[2025-08-06T09:11:23.272+0000] {processor.py:179} INFO - Processing /opt/airflow/dags/dbt_main_project/jars/hadoop-aws-3.3.1.jar took 0.034 seconds
[2025-08-06T13:09:26.631+0000] {processor.py:157} INFO - Started process (PID=73) to work on /opt/airflow/dags/dbt_main_project/jars/hadoop-aws-3.3.1.jar
[2025-08-06T13:09:26.633+0000] {processor.py:829} INFO - Processing file /opt/airflow/dags/dbt_main_project/jars/hadoop-aws-3.3.1.jar for tasks to queue
[2025-08-06T13:09:26.637+0000] {logging_mixin.py:154} INFO - [2025-08-06T13:09:26.636+0000] {dagbag.py:536} INFO - Filling up the DagBag from /opt/airflow/dags/dbt_main_project/jars/hadoop-aws-3.3.1.jar
[2025-08-06T13:09:26.653+0000] {processor.py:841} WARNING - No viable dags retrieved from /opt/airflow/dags/dbt_main_project/jars/hadoop-aws-3.3.1.jar
[2025-08-06T13:09:26.673+0000] {processor.py:179} INFO - Processing /opt/airflow/dags/dbt_main_project/jars/hadoop-aws-3.3.1.jar took 0.046 seconds
[2025-08-06T13:09:57.429+0000] {processor.py:157} INFO - Started process (PID=98) to work on /opt/airflow/dags/dbt_main_project/jars/hadoop-aws-3.3.1.jar
[2025-08-06T13:09:57.430+0000] {processor.py:829} INFO - Processing file /opt/airflow/dags/dbt_main_project/jars/hadoop-aws-3.3.1.jar for tasks to queue
[2025-08-06T13:09:57.432+0000] {logging_mixin.py:154} INFO - [2025-08-06T13:09:57.432+0000] {dagbag.py:536} INFO - Filling up the DagBag from /opt/airflow/dags/dbt_main_project/jars/hadoop-aws-3.3.1.jar
[2025-08-06T13:09:57.443+0000] {processor.py:841} WARNING - No viable dags retrieved from /opt/airflow/dags/dbt_main_project/jars/hadoop-aws-3.3.1.jar
[2025-08-06T13:09:57.457+0000] {processor.py:179} INFO - Processing /opt/airflow/dags/dbt_main_project/jars/hadoop-aws-3.3.1.jar took 0.031 seconds
[2025-08-06T13:10:46.444+0000] {processor.py:157} INFO - Started process (PID=123) to work on /opt/airflow/dags/dbt_main_project/jars/hadoop-aws-3.3.1.jar
[2025-08-06T13:10:46.445+0000] {processor.py:829} INFO - Processing file /opt/airflow/dags/dbt_main_project/jars/hadoop-aws-3.3.1.jar for tasks to queue
[2025-08-06T13:10:46.448+0000] {logging_mixin.py:154} INFO - [2025-08-06T13:10:46.448+0000] {dagbag.py:536} INFO - Filling up the DagBag from /opt/airflow/dags/dbt_main_project/jars/hadoop-aws-3.3.1.jar
[2025-08-06T13:10:46.461+0000] {processor.py:841} WARNING - No viable dags retrieved from /opt/airflow/dags/dbt_main_project/jars/hadoop-aws-3.3.1.jar
[2025-08-06T13:10:46.477+0000] {processor.py:179} INFO - Processing /opt/airflow/dags/dbt_main_project/jars/hadoop-aws-3.3.1.jar took 0.036 seconds
[2025-08-06T13:11:21.550+0000] {processor.py:157} INFO - Started process (PID=155) to work on /opt/airflow/dags/dbt_main_project/jars/hadoop-aws-3.3.1.jar
[2025-08-06T13:11:21.551+0000] {processor.py:829} INFO - Processing file /opt/airflow/dags/dbt_main_project/jars/hadoop-aws-3.3.1.jar for tasks to queue
[2025-08-06T13:11:21.554+0000] {logging_mixin.py:154} INFO - [2025-08-06T13:11:21.554+0000] {dagbag.py:536} INFO - Filling up the DagBag from /opt/airflow/dags/dbt_main_project/jars/hadoop-aws-3.3.1.jar
[2025-08-06T13:11:21.568+0000] {processor.py:841} WARNING - No viable dags retrieved from /opt/airflow/dags/dbt_main_project/jars/hadoop-aws-3.3.1.jar
[2025-08-06T13:11:21.593+0000] {processor.py:179} INFO - Processing /opt/airflow/dags/dbt_main_project/jars/hadoop-aws-3.3.1.jar took 0.047 seconds
[2025-08-06T13:11:52.181+0000] {processor.py:157} INFO - Started process (PID=171) to work on /opt/airflow/dags/dbt_main_project/jars/hadoop-aws-3.3.1.jar
[2025-08-06T13:11:52.182+0000] {processor.py:829} INFO - Processing file /opt/airflow/dags/dbt_main_project/jars/hadoop-aws-3.3.1.jar for tasks to queue
[2025-08-06T13:11:52.185+0000] {logging_mixin.py:154} INFO - [2025-08-06T13:11:52.184+0000] {dagbag.py:536} INFO - Filling up the DagBag from /opt/airflow/dags/dbt_main_project/jars/hadoop-aws-3.3.1.jar
[2025-08-06T13:11:52.194+0000] {processor.py:841} WARNING - No viable dags retrieved from /opt/airflow/dags/dbt_main_project/jars/hadoop-aws-3.3.1.jar
[2025-08-06T13:11:52.209+0000] {processor.py:179} INFO - Processing /opt/airflow/dags/dbt_main_project/jars/hadoop-aws-3.3.1.jar took 0.030 seconds
[2025-08-06T13:12:42.038+0000] {processor.py:157} INFO - Started process (PID=215) to work on /opt/airflow/dags/dbt_main_project/jars/hadoop-aws-3.3.1.jar
[2025-08-06T13:12:42.040+0000] {processor.py:829} INFO - Processing file /opt/airflow/dags/dbt_main_project/jars/hadoop-aws-3.3.1.jar for tasks to queue
[2025-08-06T13:12:42.043+0000] {logging_mixin.py:154} INFO - [2025-08-06T13:12:42.043+0000] {dagbag.py:536} INFO - Filling up the DagBag from /opt/airflow/dags/dbt_main_project/jars/hadoop-aws-3.3.1.jar
[2025-08-06T13:12:42.055+0000] {processor.py:841} WARNING - No viable dags retrieved from /opt/airflow/dags/dbt_main_project/jars/hadoop-aws-3.3.1.jar
[2025-08-06T13:12:42.076+0000] {processor.py:179} INFO - Processing /opt/airflow/dags/dbt_main_project/jars/hadoop-aws-3.3.1.jar took 0.044 seconds
[2025-08-06T13:13:16.714+0000] {processor.py:157} INFO - Started process (PID=239) to work on /opt/airflow/dags/dbt_main_project/jars/hadoop-aws-3.3.1.jar
[2025-08-06T13:13:16.715+0000] {processor.py:829} INFO - Processing file /opt/airflow/dags/dbt_main_project/jars/hadoop-aws-3.3.1.jar for tasks to queue
[2025-08-06T13:13:16.718+0000] {logging_mixin.py:154} INFO - [2025-08-06T13:13:16.717+0000] {dagbag.py:536} INFO - Filling up the DagBag from /opt/airflow/dags/dbt_main_project/jars/hadoop-aws-3.3.1.jar
[2025-08-06T13:13:16.729+0000] {processor.py:841} WARNING - No viable dags retrieved from /opt/airflow/dags/dbt_main_project/jars/hadoop-aws-3.3.1.jar
[2025-08-06T13:13:16.744+0000] {processor.py:179} INFO - Processing /opt/airflow/dags/dbt_main_project/jars/hadoop-aws-3.3.1.jar took 0.033 seconds
[2025-08-06T13:15:56.539+0000] {processor.py:157} INFO - Started process (PID=73) to work on /opt/airflow/dags/dbt_main_project/jars/hadoop-aws-3.3.1.jar
[2025-08-06T13:15:56.541+0000] {processor.py:829} INFO - Processing file /opt/airflow/dags/dbt_main_project/jars/hadoop-aws-3.3.1.jar for tasks to queue
[2025-08-06T13:15:56.544+0000] {logging_mixin.py:154} INFO - [2025-08-06T13:15:56.544+0000] {dagbag.py:536} INFO - Filling up the DagBag from /opt/airflow/dags/dbt_main_project/jars/hadoop-aws-3.3.1.jar
[2025-08-06T13:15:56.557+0000] {processor.py:841} WARNING - No viable dags retrieved from /opt/airflow/dags/dbt_main_project/jars/hadoop-aws-3.3.1.jar
[2025-08-06T13:15:56.576+0000] {processor.py:179} INFO - Processing /opt/airflow/dags/dbt_main_project/jars/hadoop-aws-3.3.1.jar took 0.042 seconds
[2025-08-06T13:16:26.796+0000] {processor.py:157} INFO - Started process (PID=110) to work on /opt/airflow/dags/dbt_main_project/jars/hadoop-aws-3.3.1.jar
[2025-08-06T13:16:26.797+0000] {processor.py:829} INFO - Processing file /opt/airflow/dags/dbt_main_project/jars/hadoop-aws-3.3.1.jar for tasks to queue
[2025-08-06T13:16:26.801+0000] {logging_mixin.py:154} INFO - [2025-08-06T13:16:26.801+0000] {dagbag.py:536} INFO - Filling up the DagBag from /opt/airflow/dags/dbt_main_project/jars/hadoop-aws-3.3.1.jar
[2025-08-06T13:16:26.813+0000] {processor.py:841} WARNING - No viable dags retrieved from /opt/airflow/dags/dbt_main_project/jars/hadoop-aws-3.3.1.jar
[2025-08-06T13:16:26.834+0000] {processor.py:179} INFO - Processing /opt/airflow/dags/dbt_main_project/jars/hadoop-aws-3.3.1.jar took 0.041 seconds
[2025-08-06T13:18:55.393+0000] {processor.py:157} INFO - Started process (PID=86) to work on /opt/airflow/dags/dbt_main_project/jars/hadoop-aws-3.3.1.jar
[2025-08-06T13:18:55.395+0000] {processor.py:829} INFO - Processing file /opt/airflow/dags/dbt_main_project/jars/hadoop-aws-3.3.1.jar for tasks to queue
[2025-08-06T13:18:55.397+0000] {logging_mixin.py:154} INFO - [2025-08-06T13:18:55.397+0000] {dagbag.py:536} INFO - Filling up the DagBag from /opt/airflow/dags/dbt_main_project/jars/hadoop-aws-3.3.1.jar
[2025-08-06T13:18:55.407+0000] {processor.py:841} WARNING - No viable dags retrieved from /opt/airflow/dags/dbt_main_project/jars/hadoop-aws-3.3.1.jar
[2025-08-06T13:18:55.425+0000] {processor.py:179} INFO - Processing /opt/airflow/dags/dbt_main_project/jars/hadoop-aws-3.3.1.jar took 0.034 seconds
[2025-08-06T13:19:30.091+0000] {processor.py:157} INFO - Started process (PID=110) to work on /opt/airflow/dags/dbt_main_project/jars/hadoop-aws-3.3.1.jar
[2025-08-06T13:19:30.092+0000] {processor.py:829} INFO - Processing file /opt/airflow/dags/dbt_main_project/jars/hadoop-aws-3.3.1.jar for tasks to queue
[2025-08-06T13:19:30.096+0000] {logging_mixin.py:154} INFO - [2025-08-06T13:19:30.095+0000] {dagbag.py:536} INFO - Filling up the DagBag from /opt/airflow/dags/dbt_main_project/jars/hadoop-aws-3.3.1.jar
[2025-08-06T13:19:30.107+0000] {processor.py:841} WARNING - No viable dags retrieved from /opt/airflow/dags/dbt_main_project/jars/hadoop-aws-3.3.1.jar
[2025-08-06T13:19:30.127+0000] {processor.py:179} INFO - Processing /opt/airflow/dags/dbt_main_project/jars/hadoop-aws-3.3.1.jar took 0.041 seconds
[2025-08-06T13:20:11.767+0000] {processor.py:157} INFO - Started process (PID=135) to work on /opt/airflow/dags/dbt_main_project/jars/hadoop-aws-3.3.1.jar
[2025-08-06T13:20:11.769+0000] {processor.py:829} INFO - Processing file /opt/airflow/dags/dbt_main_project/jars/hadoop-aws-3.3.1.jar for tasks to queue
[2025-08-06T13:20:11.773+0000] {logging_mixin.py:154} INFO - [2025-08-06T13:20:11.773+0000] {dagbag.py:536} INFO - Filling up the DagBag from /opt/airflow/dags/dbt_main_project/jars/hadoop-aws-3.3.1.jar
[2025-08-06T13:20:11.789+0000] {processor.py:841} WARNING - No viable dags retrieved from /opt/airflow/dags/dbt_main_project/jars/hadoop-aws-3.3.1.jar
[2025-08-06T13:20:11.810+0000] {processor.py:179} INFO - Processing /opt/airflow/dags/dbt_main_project/jars/hadoop-aws-3.3.1.jar took 0.048 seconds
[2025-08-06T13:20:41.997+0000] {processor.py:157} INFO - Started process (PID=158) to work on /opt/airflow/dags/dbt_main_project/jars/hadoop-aws-3.3.1.jar
[2025-08-06T13:20:41.998+0000] {processor.py:829} INFO - Processing file /opt/airflow/dags/dbt_main_project/jars/hadoop-aws-3.3.1.jar for tasks to queue
[2025-08-06T13:20:42.001+0000] {logging_mixin.py:154} INFO - [2025-08-06T13:20:42.001+0000] {dagbag.py:536} INFO - Filling up the DagBag from /opt/airflow/dags/dbt_main_project/jars/hadoop-aws-3.3.1.jar
[2025-08-06T13:20:42.015+0000] {processor.py:841} WARNING - No viable dags retrieved from /opt/airflow/dags/dbt_main_project/jars/hadoop-aws-3.3.1.jar
[2025-08-06T13:20:42.033+0000] {processor.py:179} INFO - Processing /opt/airflow/dags/dbt_main_project/jars/hadoop-aws-3.3.1.jar took 0.042 seconds
[2025-08-06T13:21:32.321+0000] {processor.py:157} INFO - Started process (PID=202) to work on /opt/airflow/dags/dbt_main_project/jars/hadoop-aws-3.3.1.jar
[2025-08-06T13:21:32.322+0000] {processor.py:829} INFO - Processing file /opt/airflow/dags/dbt_main_project/jars/hadoop-aws-3.3.1.jar for tasks to queue
[2025-08-06T13:21:32.325+0000] {logging_mixin.py:154} INFO - [2025-08-06T13:21:32.325+0000] {dagbag.py:536} INFO - Filling up the DagBag from /opt/airflow/dags/dbt_main_project/jars/hadoop-aws-3.3.1.jar
[2025-08-06T13:21:32.336+0000] {processor.py:841} WARNING - No viable dags retrieved from /opt/airflow/dags/dbt_main_project/jars/hadoop-aws-3.3.1.jar
[2025-08-06T13:21:32.353+0000] {processor.py:179} INFO - Processing /opt/airflow/dags/dbt_main_project/jars/hadoop-aws-3.3.1.jar took 0.035 seconds
[2025-08-06T13:22:02.537+0000] {processor.py:157} INFO - Started process (PID=227) to work on /opt/airflow/dags/dbt_main_project/jars/hadoop-aws-3.3.1.jar
[2025-08-06T13:22:02.538+0000] {processor.py:829} INFO - Processing file /opt/airflow/dags/dbt_main_project/jars/hadoop-aws-3.3.1.jar for tasks to queue
[2025-08-06T13:22:02.543+0000] {logging_mixin.py:154} INFO - [2025-08-06T13:22:02.542+0000] {dagbag.py:536} INFO - Filling up the DagBag from /opt/airflow/dags/dbt_main_project/jars/hadoop-aws-3.3.1.jar
[2025-08-06T13:22:02.557+0000] {processor.py:841} WARNING - No viable dags retrieved from /opt/airflow/dags/dbt_main_project/jars/hadoop-aws-3.3.1.jar
[2025-08-06T13:22:02.580+0000] {processor.py:179} INFO - Processing /opt/airflow/dags/dbt_main_project/jars/hadoop-aws-3.3.1.jar took 0.046 seconds
[2025-08-06T13:22:35.304+0000] {processor.py:157} INFO - Started process (PID=251) to work on /opt/airflow/dags/dbt_main_project/jars/hadoop-aws-3.3.1.jar
[2025-08-06T13:22:35.305+0000] {processor.py:829} INFO - Processing file /opt/airflow/dags/dbt_main_project/jars/hadoop-aws-3.3.1.jar for tasks to queue
[2025-08-06T13:22:35.308+0000] {logging_mixin.py:154} INFO - [2025-08-06T13:22:35.307+0000] {dagbag.py:536} INFO - Filling up the DagBag from /opt/airflow/dags/dbt_main_project/jars/hadoop-aws-3.3.1.jar
[2025-08-06T13:22:35.319+0000] {processor.py:841} WARNING - No viable dags retrieved from /opt/airflow/dags/dbt_main_project/jars/hadoop-aws-3.3.1.jar
[2025-08-06T13:22:35.335+0000] {processor.py:179} INFO - Processing /opt/airflow/dags/dbt_main_project/jars/hadoop-aws-3.3.1.jar took 0.035 seconds
[2025-08-06T13:23:09.656+0000] {processor.py:157} INFO - Started process (PID=275) to work on /opt/airflow/dags/dbt_main_project/jars/hadoop-aws-3.3.1.jar
[2025-08-06T13:23:09.657+0000] {processor.py:829} INFO - Processing file /opt/airflow/dags/dbt_main_project/jars/hadoop-aws-3.3.1.jar for tasks to queue
[2025-08-06T13:23:09.660+0000] {logging_mixin.py:154} INFO - [2025-08-06T13:23:09.659+0000] {dagbag.py:536} INFO - Filling up the DagBag from /opt/airflow/dags/dbt_main_project/jars/hadoop-aws-3.3.1.jar
[2025-08-06T13:23:09.670+0000] {processor.py:841} WARNING - No viable dags retrieved from /opt/airflow/dags/dbt_main_project/jars/hadoop-aws-3.3.1.jar
[2025-08-06T13:23:09.687+0000] {processor.py:179} INFO - Processing /opt/airflow/dags/dbt_main_project/jars/hadoop-aws-3.3.1.jar took 0.034 seconds
[2025-08-06T13:23:49.208+0000] {processor.py:157} INFO - Started process (PID=298) to work on /opt/airflow/dags/dbt_main_project/jars/hadoop-aws-3.3.1.jar
[2025-08-06T13:23:49.209+0000] {processor.py:829} INFO - Processing file /opt/airflow/dags/dbt_main_project/jars/hadoop-aws-3.3.1.jar for tasks to queue
[2025-08-06T13:23:49.213+0000] {logging_mixin.py:154} INFO - [2025-08-06T13:23:49.213+0000] {dagbag.py:536} INFO - Filling up the DagBag from /opt/airflow/dags/dbt_main_project/jars/hadoop-aws-3.3.1.jar
[2025-08-06T13:23:49.223+0000] {processor.py:841} WARNING - No viable dags retrieved from /opt/airflow/dags/dbt_main_project/jars/hadoop-aws-3.3.1.jar
[2025-08-06T13:23:49.240+0000] {processor.py:179} INFO - Processing /opt/airflow/dags/dbt_main_project/jars/hadoop-aws-3.3.1.jar took 0.035 seconds
[2025-08-06T13:24:20.063+0000] {processor.py:157} INFO - Started process (PID=322) to work on /opt/airflow/dags/dbt_main_project/jars/hadoop-aws-3.3.1.jar
[2025-08-06T13:24:20.064+0000] {processor.py:829} INFO - Processing file /opt/airflow/dags/dbt_main_project/jars/hadoop-aws-3.3.1.jar for tasks to queue
[2025-08-06T13:24:20.067+0000] {logging_mixin.py:154} INFO - [2025-08-06T13:24:20.066+0000] {dagbag.py:536} INFO - Filling up the DagBag from /opt/airflow/dags/dbt_main_project/jars/hadoop-aws-3.3.1.jar
[2025-08-06T13:24:20.077+0000] {processor.py:841} WARNING - No viable dags retrieved from /opt/airflow/dags/dbt_main_project/jars/hadoop-aws-3.3.1.jar
[2025-08-06T13:24:20.094+0000] {processor.py:179} INFO - Processing /opt/airflow/dags/dbt_main_project/jars/hadoop-aws-3.3.1.jar took 0.033 seconds
[2025-08-06T13:25:02.899+0000] {processor.py:157} INFO - Started process (PID=347) to work on /opt/airflow/dags/dbt_main_project/jars/hadoop-aws-3.3.1.jar
[2025-08-06T13:25:02.900+0000] {processor.py:829} INFO - Processing file /opt/airflow/dags/dbt_main_project/jars/hadoop-aws-3.3.1.jar for tasks to queue
[2025-08-06T13:25:02.904+0000] {logging_mixin.py:154} INFO - [2025-08-06T13:25:02.903+0000] {dagbag.py:536} INFO - Filling up the DagBag from /opt/airflow/dags/dbt_main_project/jars/hadoop-aws-3.3.1.jar
[2025-08-06T13:25:02.915+0000] {processor.py:841} WARNING - No viable dags retrieved from /opt/airflow/dags/dbt_main_project/jars/hadoop-aws-3.3.1.jar
[2025-08-06T13:25:02.931+0000] {processor.py:179} INFO - Processing /opt/airflow/dags/dbt_main_project/jars/hadoop-aws-3.3.1.jar took 0.035 seconds
[2025-08-06T13:25:36.193+0000] {processor.py:157} INFO - Started process (PID=371) to work on /opt/airflow/dags/dbt_main_project/jars/hadoop-aws-3.3.1.jar
[2025-08-06T13:25:36.194+0000] {processor.py:829} INFO - Processing file /opt/airflow/dags/dbt_main_project/jars/hadoop-aws-3.3.1.jar for tasks to queue
[2025-08-06T13:25:36.197+0000] {logging_mixin.py:154} INFO - [2025-08-06T13:25:36.196+0000] {dagbag.py:536} INFO - Filling up the DagBag from /opt/airflow/dags/dbt_main_project/jars/hadoop-aws-3.3.1.jar
[2025-08-06T13:25:36.209+0000] {processor.py:841} WARNING - No viable dags retrieved from /opt/airflow/dags/dbt_main_project/jars/hadoop-aws-3.3.1.jar
[2025-08-06T13:25:36.226+0000] {processor.py:179} INFO - Processing /opt/airflow/dags/dbt_main_project/jars/hadoop-aws-3.3.1.jar took 0.037 seconds
[2025-08-06T13:26:10.502+0000] {processor.py:157} INFO - Started process (PID=396) to work on /opt/airflow/dags/dbt_main_project/jars/hadoop-aws-3.3.1.jar
[2025-08-06T13:26:10.503+0000] {processor.py:829} INFO - Processing file /opt/airflow/dags/dbt_main_project/jars/hadoop-aws-3.3.1.jar for tasks to queue
[2025-08-06T13:26:10.506+0000] {logging_mixin.py:154} INFO - [2025-08-06T13:26:10.505+0000] {dagbag.py:536} INFO - Filling up the DagBag from /opt/airflow/dags/dbt_main_project/jars/hadoop-aws-3.3.1.jar
[2025-08-06T13:26:10.516+0000] {processor.py:841} WARNING - No viable dags retrieved from /opt/airflow/dags/dbt_main_project/jars/hadoop-aws-3.3.1.jar
[2025-08-06T13:26:10.532+0000] {processor.py:179} INFO - Processing /opt/airflow/dags/dbt_main_project/jars/hadoop-aws-3.3.1.jar took 0.033 seconds
[2025-08-06T13:26:49.990+0000] {processor.py:157} INFO - Started process (PID=421) to work on /opt/airflow/dags/dbt_main_project/jars/hadoop-aws-3.3.1.jar
[2025-08-06T13:26:49.992+0000] {processor.py:829} INFO - Processing file /opt/airflow/dags/dbt_main_project/jars/hadoop-aws-3.3.1.jar for tasks to queue
[2025-08-06T13:26:49.994+0000] {logging_mixin.py:154} INFO - [2025-08-06T13:26:49.994+0000] {dagbag.py:536} INFO - Filling up the DagBag from /opt/airflow/dags/dbt_main_project/jars/hadoop-aws-3.3.1.jar
[2025-08-06T13:26:50.005+0000] {processor.py:841} WARNING - No viable dags retrieved from /opt/airflow/dags/dbt_main_project/jars/hadoop-aws-3.3.1.jar
[2025-08-06T13:26:50.020+0000] {processor.py:179} INFO - Processing /opt/airflow/dags/dbt_main_project/jars/hadoop-aws-3.3.1.jar took 0.033 seconds
[2025-08-06T13:27:24.545+0000] {processor.py:157} INFO - Started process (PID=445) to work on /opt/airflow/dags/dbt_main_project/jars/hadoop-aws-3.3.1.jar
[2025-08-06T13:27:24.546+0000] {processor.py:829} INFO - Processing file /opt/airflow/dags/dbt_main_project/jars/hadoop-aws-3.3.1.jar for tasks to queue
[2025-08-06T13:27:24.550+0000] {logging_mixin.py:154} INFO - [2025-08-06T13:27:24.550+0000] {dagbag.py:536} INFO - Filling up the DagBag from /opt/airflow/dags/dbt_main_project/jars/hadoop-aws-3.3.1.jar
[2025-08-06T13:27:24.564+0000] {processor.py:841} WARNING - No viable dags retrieved from /opt/airflow/dags/dbt_main_project/jars/hadoop-aws-3.3.1.jar
[2025-08-06T13:27:24.582+0000] {processor.py:179} INFO - Processing /opt/airflow/dags/dbt_main_project/jars/hadoop-aws-3.3.1.jar took 0.040 seconds
[2025-08-06T13:27:54.841+0000] {processor.py:157} INFO - Started process (PID=469) to work on /opt/airflow/dags/dbt_main_project/jars/hadoop-aws-3.3.1.jar
[2025-08-06T13:27:54.843+0000] {processor.py:829} INFO - Processing file /opt/airflow/dags/dbt_main_project/jars/hadoop-aws-3.3.1.jar for tasks to queue
[2025-08-06T13:27:54.846+0000] {logging_mixin.py:154} INFO - [2025-08-06T13:27:54.846+0000] {dagbag.py:536} INFO - Filling up the DagBag from /opt/airflow/dags/dbt_main_project/jars/hadoop-aws-3.3.1.jar
[2025-08-06T13:27:54.857+0000] {processor.py:841} WARNING - No viable dags retrieved from /opt/airflow/dags/dbt_main_project/jars/hadoop-aws-3.3.1.jar
[2025-08-06T13:27:54.875+0000] {processor.py:179} INFO - Processing /opt/airflow/dags/dbt_main_project/jars/hadoop-aws-3.3.1.jar took 0.038 seconds
[2025-08-06T13:28:42.805+0000] {processor.py:157} INFO - Started process (PID=512) to work on /opt/airflow/dags/dbt_main_project/jars/hadoop-aws-3.3.1.jar
[2025-08-06T13:28:42.806+0000] {processor.py:829} INFO - Processing file /opt/airflow/dags/dbt_main_project/jars/hadoop-aws-3.3.1.jar for tasks to queue
[2025-08-06T13:28:42.810+0000] {logging_mixin.py:154} INFO - [2025-08-06T13:28:42.809+0000] {dagbag.py:536} INFO - Filling up the DagBag from /opt/airflow/dags/dbt_main_project/jars/hadoop-aws-3.3.1.jar
[2025-08-06T13:28:42.820+0000] {processor.py:841} WARNING - No viable dags retrieved from /opt/airflow/dags/dbt_main_project/jars/hadoop-aws-3.3.1.jar
[2025-08-06T13:28:42.836+0000] {processor.py:179} INFO - Processing /opt/airflow/dags/dbt_main_project/jars/hadoop-aws-3.3.1.jar took 0.034 seconds
[2025-08-06T13:29:17.036+0000] {processor.py:157} INFO - Started process (PID=536) to work on /opt/airflow/dags/dbt_main_project/jars/hadoop-aws-3.3.1.jar
[2025-08-06T13:29:17.037+0000] {processor.py:829} INFO - Processing file /opt/airflow/dags/dbt_main_project/jars/hadoop-aws-3.3.1.jar for tasks to queue
[2025-08-06T13:29:17.040+0000] {logging_mixin.py:154} INFO - [2025-08-06T13:29:17.040+0000] {dagbag.py:536} INFO - Filling up the DagBag from /opt/airflow/dags/dbt_main_project/jars/hadoop-aws-3.3.1.jar
[2025-08-06T13:29:17.053+0000] {processor.py:841} WARNING - No viable dags retrieved from /opt/airflow/dags/dbt_main_project/jars/hadoop-aws-3.3.1.jar
[2025-08-06T13:29:17.071+0000] {processor.py:179} INFO - Processing /opt/airflow/dags/dbt_main_project/jars/hadoop-aws-3.3.1.jar took 0.038 seconds
[2025-08-06T13:29:58.463+0000] {processor.py:157} INFO - Started process (PID=561) to work on /opt/airflow/dags/dbt_main_project/jars/hadoop-aws-3.3.1.jar
[2025-08-06T13:29:58.464+0000] {processor.py:829} INFO - Processing file /opt/airflow/dags/dbt_main_project/jars/hadoop-aws-3.3.1.jar for tasks to queue
[2025-08-06T13:29:58.467+0000] {logging_mixin.py:154} INFO - [2025-08-06T13:29:58.467+0000] {dagbag.py:536} INFO - Filling up the DagBag from /opt/airflow/dags/dbt_main_project/jars/hadoop-aws-3.3.1.jar
[2025-08-06T13:29:58.479+0000] {processor.py:841} WARNING - No viable dags retrieved from /opt/airflow/dags/dbt_main_project/jars/hadoop-aws-3.3.1.jar
[2025-08-06T13:29:58.495+0000] {processor.py:179} INFO - Processing /opt/airflow/dags/dbt_main_project/jars/hadoop-aws-3.3.1.jar took 0.035 seconds
[2025-08-06T13:30:32.984+0000] {processor.py:157} INFO - Started process (PID=585) to work on /opt/airflow/dags/dbt_main_project/jars/hadoop-aws-3.3.1.jar
[2025-08-06T13:30:32.985+0000] {processor.py:829} INFO - Processing file /opt/airflow/dags/dbt_main_project/jars/hadoop-aws-3.3.1.jar for tasks to queue
[2025-08-06T13:30:32.988+0000] {logging_mixin.py:154} INFO - [2025-08-06T13:30:32.988+0000] {dagbag.py:536} INFO - Filling up the DagBag from /opt/airflow/dags/dbt_main_project/jars/hadoop-aws-3.3.1.jar
[2025-08-06T13:30:32.999+0000] {processor.py:841} WARNING - No viable dags retrieved from /opt/airflow/dags/dbt_main_project/jars/hadoop-aws-3.3.1.jar
[2025-08-06T13:30:33.016+0000] {processor.py:179} INFO - Processing /opt/airflow/dags/dbt_main_project/jars/hadoop-aws-3.3.1.jar took 0.035 seconds
[2025-08-06T13:31:03.779+0000] {processor.py:157} INFO - Started process (PID=609) to work on /opt/airflow/dags/dbt_main_project/jars/hadoop-aws-3.3.1.jar
[2025-08-06T13:31:03.781+0000] {processor.py:829} INFO - Processing file /opt/airflow/dags/dbt_main_project/jars/hadoop-aws-3.3.1.jar for tasks to queue
[2025-08-06T13:31:03.783+0000] {logging_mixin.py:154} INFO - [2025-08-06T13:31:03.783+0000] {dagbag.py:536} INFO - Filling up the DagBag from /opt/airflow/dags/dbt_main_project/jars/hadoop-aws-3.3.1.jar
[2025-08-06T13:31:03.794+0000] {processor.py:841} WARNING - No viable dags retrieved from /opt/airflow/dags/dbt_main_project/jars/hadoop-aws-3.3.1.jar
[2025-08-06T13:31:03.813+0000] {processor.py:179} INFO - Processing /opt/airflow/dags/dbt_main_project/jars/hadoop-aws-3.3.1.jar took 0.038 seconds
[2025-08-06T13:31:45.904+0000] {processor.py:157} INFO - Started process (PID=634) to work on /opt/airflow/dags/dbt_main_project/jars/hadoop-aws-3.3.1.jar
[2025-08-06T13:31:45.905+0000] {processor.py:829} INFO - Processing file /opt/airflow/dags/dbt_main_project/jars/hadoop-aws-3.3.1.jar for tasks to queue
[2025-08-06T13:31:45.908+0000] {logging_mixin.py:154} INFO - [2025-08-06T13:31:45.908+0000] {dagbag.py:536} INFO - Filling up the DagBag from /opt/airflow/dags/dbt_main_project/jars/hadoop-aws-3.3.1.jar
[2025-08-06T13:31:45.919+0000] {processor.py:841} WARNING - No viable dags retrieved from /opt/airflow/dags/dbt_main_project/jars/hadoop-aws-3.3.1.jar
[2025-08-06T13:31:45.936+0000] {processor.py:179} INFO - Processing /opt/airflow/dags/dbt_main_project/jars/hadoop-aws-3.3.1.jar took 0.036 seconds
[2025-08-06T13:32:16.445+0000] {processor.py:157} INFO - Started process (PID=658) to work on /opt/airflow/dags/dbt_main_project/jars/hadoop-aws-3.3.1.jar
[2025-08-06T13:32:16.448+0000] {processor.py:829} INFO - Processing file /opt/airflow/dags/dbt_main_project/jars/hadoop-aws-3.3.1.jar for tasks to queue
[2025-08-06T13:32:16.458+0000] {logging_mixin.py:154} INFO - [2025-08-06T13:32:16.457+0000] {dagbag.py:536} INFO - Filling up the DagBag from /opt/airflow/dags/dbt_main_project/jars/hadoop-aws-3.3.1.jar
[2025-08-06T13:32:16.484+0000] {processor.py:841} WARNING - No viable dags retrieved from /opt/airflow/dags/dbt_main_project/jars/hadoop-aws-3.3.1.jar
[2025-08-06T13:32:16.527+0000] {processor.py:179} INFO - Processing /opt/airflow/dags/dbt_main_project/jars/hadoop-aws-3.3.1.jar took 0.099 seconds
[2025-08-06T13:32:47.361+0000] {processor.py:157} INFO - Started process (PID=682) to work on /opt/airflow/dags/dbt_main_project/jars/hadoop-aws-3.3.1.jar
[2025-08-06T13:32:47.362+0000] {processor.py:829} INFO - Processing file /opt/airflow/dags/dbt_main_project/jars/hadoop-aws-3.3.1.jar for tasks to queue
[2025-08-06T13:32:47.364+0000] {logging_mixin.py:154} INFO - [2025-08-06T13:32:47.364+0000] {dagbag.py:536} INFO - Filling up the DagBag from /opt/airflow/dags/dbt_main_project/jars/hadoop-aws-3.3.1.jar
[2025-08-06T13:32:47.378+0000] {processor.py:841} WARNING - No viable dags retrieved from /opt/airflow/dags/dbt_main_project/jars/hadoop-aws-3.3.1.jar
[2025-08-06T13:32:47.395+0000] {processor.py:179} INFO - Processing /opt/airflow/dags/dbt_main_project/jars/hadoop-aws-3.3.1.jar took 0.038 seconds
[2025-08-06T13:34:00.901+0000] {processor.py:157} INFO - Started process (PID=728) to work on /opt/airflow/dags/dbt_main_project/jars/hadoop-aws-3.3.1.jar
[2025-08-06T13:34:00.902+0000] {processor.py:829} INFO - Processing file /opt/airflow/dags/dbt_main_project/jars/hadoop-aws-3.3.1.jar for tasks to queue
[2025-08-06T13:34:00.906+0000] {logging_mixin.py:154} INFO - [2025-08-06T13:34:00.905+0000] {dagbag.py:536} INFO - Filling up the DagBag from /opt/airflow/dags/dbt_main_project/jars/hadoop-aws-3.3.1.jar
[2025-08-06T13:34:00.916+0000] {processor.py:841} WARNING - No viable dags retrieved from /opt/airflow/dags/dbt_main_project/jars/hadoop-aws-3.3.1.jar
[2025-08-06T13:34:00.932+0000] {processor.py:179} INFO - Processing /opt/airflow/dags/dbt_main_project/jars/hadoop-aws-3.3.1.jar took 0.034 seconds
[2025-08-06T13:34:53.490+0000] {processor.py:157} INFO - Started process (PID=772) to work on /opt/airflow/dags/dbt_main_project/jars/hadoop-aws-3.3.1.jar
[2025-08-06T13:34:53.492+0000] {processor.py:829} INFO - Processing file /opt/airflow/dags/dbt_main_project/jars/hadoop-aws-3.3.1.jar for tasks to queue
[2025-08-06T13:34:53.495+0000] {logging_mixin.py:154} INFO - [2025-08-06T13:34:53.495+0000] {dagbag.py:536} INFO - Filling up the DagBag from /opt/airflow/dags/dbt_main_project/jars/hadoop-aws-3.3.1.jar
[2025-08-06T13:34:53.510+0000] {processor.py:841} WARNING - No viable dags retrieved from /opt/airflow/dags/dbt_main_project/jars/hadoop-aws-3.3.1.jar
[2025-08-06T13:34:53.532+0000] {processor.py:179} INFO - Processing /opt/airflow/dags/dbt_main_project/jars/hadoop-aws-3.3.1.jar took 0.046 seconds
[2025-08-06T13:35:47.328+0000] {processor.py:157} INFO - Started process (PID=797) to work on /opt/airflow/dags/dbt_main_project/jars/hadoop-aws-3.3.1.jar
[2025-08-06T13:35:47.330+0000] {processor.py:829} INFO - Processing file /opt/airflow/dags/dbt_main_project/jars/hadoop-aws-3.3.1.jar for tasks to queue
[2025-08-06T13:35:47.334+0000] {logging_mixin.py:154} INFO - [2025-08-06T13:35:47.334+0000] {dagbag.py:536} INFO - Filling up the DagBag from /opt/airflow/dags/dbt_main_project/jars/hadoop-aws-3.3.1.jar
[2025-08-06T13:35:47.350+0000] {processor.py:841} WARNING - No viable dags retrieved from /opt/airflow/dags/dbt_main_project/jars/hadoop-aws-3.3.1.jar
[2025-08-06T13:35:47.369+0000] {processor.py:179} INFO - Processing /opt/airflow/dags/dbt_main_project/jars/hadoop-aws-3.3.1.jar took 0.045 seconds
[2025-08-06T13:36:39.527+0000] {processor.py:157} INFO - Started process (PID=842) to work on /opt/airflow/dags/dbt_main_project/jars/hadoop-aws-3.3.1.jar
[2025-08-06T13:36:39.528+0000] {processor.py:829} INFO - Processing file /opt/airflow/dags/dbt_main_project/jars/hadoop-aws-3.3.1.jar for tasks to queue
[2025-08-06T13:36:39.533+0000] {logging_mixin.py:154} INFO - [2025-08-06T13:36:39.533+0000] {dagbag.py:536} INFO - Filling up the DagBag from /opt/airflow/dags/dbt_main_project/jars/hadoop-aws-3.3.1.jar
[2025-08-06T13:36:39.546+0000] {processor.py:841} WARNING - No viable dags retrieved from /opt/airflow/dags/dbt_main_project/jars/hadoop-aws-3.3.1.jar
[2025-08-06T13:36:39.568+0000] {processor.py:179} INFO - Processing /opt/airflow/dags/dbt_main_project/jars/hadoop-aws-3.3.1.jar took 0.048 seconds
[2025-08-06T13:37:31.060+0000] {processor.py:157} INFO - Started process (PID=867) to work on /opt/airflow/dags/dbt_main_project/jars/hadoop-aws-3.3.1.jar
[2025-08-06T13:37:31.061+0000] {processor.py:829} INFO - Processing file /opt/airflow/dags/dbt_main_project/jars/hadoop-aws-3.3.1.jar for tasks to queue
[2025-08-06T13:37:31.066+0000] {logging_mixin.py:154} INFO - [2025-08-06T13:37:31.065+0000] {dagbag.py:536} INFO - Filling up the DagBag from /opt/airflow/dags/dbt_main_project/jars/hadoop-aws-3.3.1.jar
[2025-08-06T13:37:31.077+0000] {processor.py:841} WARNING - No viable dags retrieved from /opt/airflow/dags/dbt_main_project/jars/hadoop-aws-3.3.1.jar
[2025-08-06T13:37:31.097+0000] {processor.py:179} INFO - Processing /opt/airflow/dags/dbt_main_project/jars/hadoop-aws-3.3.1.jar took 0.041 seconds
[2025-08-06T13:38:22.455+0000] {processor.py:157} INFO - Started process (PID=911) to work on /opt/airflow/dags/dbt_main_project/jars/hadoop-aws-3.3.1.jar
[2025-08-06T13:38:22.456+0000] {processor.py:829} INFO - Processing file /opt/airflow/dags/dbt_main_project/jars/hadoop-aws-3.3.1.jar for tasks to queue
[2025-08-06T13:38:22.459+0000] {logging_mixin.py:154} INFO - [2025-08-06T13:38:22.459+0000] {dagbag.py:536} INFO - Filling up the DagBag from /opt/airflow/dags/dbt_main_project/jars/hadoop-aws-3.3.1.jar
[2025-08-06T13:38:22.473+0000] {processor.py:841} WARNING - No viable dags retrieved from /opt/airflow/dags/dbt_main_project/jars/hadoop-aws-3.3.1.jar
[2025-08-06T13:38:22.497+0000] {processor.py:179} INFO - Processing /opt/airflow/dags/dbt_main_project/jars/hadoop-aws-3.3.1.jar took 0.047 seconds
[2025-08-06T13:39:03.723+0000] {processor.py:157} INFO - Started process (PID=936) to work on /opt/airflow/dags/dbt_main_project/jars/hadoop-aws-3.3.1.jar
[2025-08-06T13:39:03.724+0000] {processor.py:829} INFO - Processing file /opt/airflow/dags/dbt_main_project/jars/hadoop-aws-3.3.1.jar for tasks to queue
[2025-08-06T13:39:03.727+0000] {logging_mixin.py:154} INFO - [2025-08-06T13:39:03.727+0000] {dagbag.py:536} INFO - Filling up the DagBag from /opt/airflow/dags/dbt_main_project/jars/hadoop-aws-3.3.1.jar
[2025-08-06T13:39:03.739+0000] {processor.py:841} WARNING - No viable dags retrieved from /opt/airflow/dags/dbt_main_project/jars/hadoop-aws-3.3.1.jar
[2025-08-06T13:39:03.755+0000] {processor.py:179} INFO - Processing /opt/airflow/dags/dbt_main_project/jars/hadoop-aws-3.3.1.jar took 0.036 seconds
[2025-08-06T13:39:34.202+0000] {processor.py:157} INFO - Started process (PID=960) to work on /opt/airflow/dags/dbt_main_project/jars/hadoop-aws-3.3.1.jar
[2025-08-06T13:39:34.203+0000] {processor.py:829} INFO - Processing file /opt/airflow/dags/dbt_main_project/jars/hadoop-aws-3.3.1.jar for tasks to queue
[2025-08-06T13:39:34.206+0000] {logging_mixin.py:154} INFO - [2025-08-06T13:39:34.206+0000] {dagbag.py:536} INFO - Filling up the DagBag from /opt/airflow/dags/dbt_main_project/jars/hadoop-aws-3.3.1.jar
[2025-08-06T13:39:34.220+0000] {processor.py:841} WARNING - No viable dags retrieved from /opt/airflow/dags/dbt_main_project/jars/hadoop-aws-3.3.1.jar
[2025-08-06T13:39:34.240+0000] {processor.py:179} INFO - Processing /opt/airflow/dags/dbt_main_project/jars/hadoop-aws-3.3.1.jar took 0.042 seconds
[2025-08-06T13:40:19.602+0000] {processor.py:157} INFO - Started process (PID=985) to work on /opt/airflow/dags/dbt_main_project/jars/hadoop-aws-3.3.1.jar
[2025-08-06T13:40:19.603+0000] {processor.py:829} INFO - Processing file /opt/airflow/dags/dbt_main_project/jars/hadoop-aws-3.3.1.jar for tasks to queue
[2025-08-06T13:40:19.606+0000] {logging_mixin.py:154} INFO - [2025-08-06T13:40:19.606+0000] {dagbag.py:536} INFO - Filling up the DagBag from /opt/airflow/dags/dbt_main_project/jars/hadoop-aws-3.3.1.jar
[2025-08-06T13:40:19.616+0000] {processor.py:841} WARNING - No viable dags retrieved from /opt/airflow/dags/dbt_main_project/jars/hadoop-aws-3.3.1.jar
[2025-08-06T13:40:19.632+0000] {processor.py:179} INFO - Processing /opt/airflow/dags/dbt_main_project/jars/hadoop-aws-3.3.1.jar took 0.034 seconds
[2025-08-06T13:40:53.281+0000] {processor.py:157} INFO - Started process (PID=1009) to work on /opt/airflow/dags/dbt_main_project/jars/hadoop-aws-3.3.1.jar
[2025-08-06T13:40:53.282+0000] {processor.py:829} INFO - Processing file /opt/airflow/dags/dbt_main_project/jars/hadoop-aws-3.3.1.jar for tasks to queue
[2025-08-06T13:40:53.285+0000] {logging_mixin.py:154} INFO - [2025-08-06T13:40:53.284+0000] {dagbag.py:536} INFO - Filling up the DagBag from /opt/airflow/dags/dbt_main_project/jars/hadoop-aws-3.3.1.jar
[2025-08-06T13:40:53.296+0000] {processor.py:841} WARNING - No viable dags retrieved from /opt/airflow/dags/dbt_main_project/jars/hadoop-aws-3.3.1.jar
[2025-08-06T13:40:53.315+0000] {processor.py:179} INFO - Processing /opt/airflow/dags/dbt_main_project/jars/hadoop-aws-3.3.1.jar took 0.037 seconds
[2025-08-06T13:41:27.359+0000] {processor.py:157} INFO - Started process (PID=1033) to work on /opt/airflow/dags/dbt_main_project/jars/hadoop-aws-3.3.1.jar
[2025-08-06T13:41:27.360+0000] {processor.py:829} INFO - Processing file /opt/airflow/dags/dbt_main_project/jars/hadoop-aws-3.3.1.jar for tasks to queue
[2025-08-06T13:41:27.363+0000] {logging_mixin.py:154} INFO - [2025-08-06T13:41:27.363+0000] {dagbag.py:536} INFO - Filling up the DagBag from /opt/airflow/dags/dbt_main_project/jars/hadoop-aws-3.3.1.jar
[2025-08-06T13:41:27.374+0000] {processor.py:841} WARNING - No viable dags retrieved from /opt/airflow/dags/dbt_main_project/jars/hadoop-aws-3.3.1.jar
[2025-08-06T13:41:27.398+0000] {processor.py:179} INFO - Processing /opt/airflow/dags/dbt_main_project/jars/hadoop-aws-3.3.1.jar took 0.043 seconds
[2025-08-06T13:42:06.185+0000] {processor.py:157} INFO - Started process (PID=1058) to work on /opt/airflow/dags/dbt_main_project/jars/hadoop-aws-3.3.1.jar
[2025-08-06T13:42:06.187+0000] {processor.py:829} INFO - Processing file /opt/airflow/dags/dbt_main_project/jars/hadoop-aws-3.3.1.jar for tasks to queue
[2025-08-06T13:42:06.190+0000] {logging_mixin.py:154} INFO - [2025-08-06T13:42:06.190+0000] {dagbag.py:536} INFO - Filling up the DagBag from /opt/airflow/dags/dbt_main_project/jars/hadoop-aws-3.3.1.jar
[2025-08-06T13:42:06.204+0000] {processor.py:841} WARNING - No viable dags retrieved from /opt/airflow/dags/dbt_main_project/jars/hadoop-aws-3.3.1.jar
[2025-08-06T13:42:06.226+0000] {processor.py:179} INFO - Processing /opt/airflow/dags/dbt_main_project/jars/hadoop-aws-3.3.1.jar took 0.044 seconds
[2025-08-06T13:42:41.521+0000] {processor.py:157} INFO - Started process (PID=1089) to work on /opt/airflow/dags/dbt_main_project/jars/hadoop-aws-3.3.1.jar
[2025-08-06T13:42:41.523+0000] {processor.py:829} INFO - Processing file /opt/airflow/dags/dbt_main_project/jars/hadoop-aws-3.3.1.jar for tasks to queue
[2025-08-06T13:42:41.526+0000] {logging_mixin.py:154} INFO - [2025-08-06T13:42:41.526+0000] {dagbag.py:536} INFO - Filling up the DagBag from /opt/airflow/dags/dbt_main_project/jars/hadoop-aws-3.3.1.jar
[2025-08-06T13:42:41.542+0000] {processor.py:841} WARNING - No viable dags retrieved from /opt/airflow/dags/dbt_main_project/jars/hadoop-aws-3.3.1.jar
[2025-08-06T13:42:41.566+0000] {processor.py:179} INFO - Processing /opt/airflow/dags/dbt_main_project/jars/hadoop-aws-3.3.1.jar took 0.049 seconds
[2025-08-06T13:51:42.562+0000] {processor.py:157} INFO - Started process (PID=86) to work on /opt/airflow/dags/dbt_main_project/jars/hadoop-aws-3.3.1.jar
[2025-08-06T13:51:42.564+0000] {processor.py:829} INFO - Processing file /opt/airflow/dags/dbt_main_project/jars/hadoop-aws-3.3.1.jar for tasks to queue
[2025-08-06T13:51:42.566+0000] {logging_mixin.py:154} INFO - [2025-08-06T13:51:42.566+0000] {dagbag.py:536} INFO - Filling up the DagBag from /opt/airflow/dags/dbt_main_project/jars/hadoop-aws-3.3.1.jar
[2025-08-06T13:51:42.577+0000] {processor.py:841} WARNING - No viable dags retrieved from /opt/airflow/dags/dbt_main_project/jars/hadoop-aws-3.3.1.jar
[2025-08-06T13:51:42.594+0000] {processor.py:179} INFO - Processing /opt/airflow/dags/dbt_main_project/jars/hadoop-aws-3.3.1.jar took 0.035 seconds
[2025-08-06T13:52:19.024+0000] {processor.py:157} INFO - Started process (PID=110) to work on /opt/airflow/dags/dbt_main_project/jars/hadoop-aws-3.3.1.jar
[2025-08-06T13:52:19.026+0000] {processor.py:829} INFO - Processing file /opt/airflow/dags/dbt_main_project/jars/hadoop-aws-3.3.1.jar for tasks to queue
[2025-08-06T13:52:19.031+0000] {logging_mixin.py:154} INFO - [2025-08-06T13:52:19.031+0000] {dagbag.py:536} INFO - Filling up the DagBag from /opt/airflow/dags/dbt_main_project/jars/hadoop-aws-3.3.1.jar
[2025-08-06T13:52:19.048+0000] {processor.py:841} WARNING - No viable dags retrieved from /opt/airflow/dags/dbt_main_project/jars/hadoop-aws-3.3.1.jar
[2025-08-06T13:52:19.074+0000] {processor.py:179} INFO - Processing /opt/airflow/dags/dbt_main_project/jars/hadoop-aws-3.3.1.jar took 0.054 seconds
[2025-08-06T13:52:59.008+0000] {processor.py:157} INFO - Started process (PID=135) to work on /opt/airflow/dags/dbt_main_project/jars/hadoop-aws-3.3.1.jar
[2025-08-06T13:52:59.010+0000] {processor.py:829} INFO - Processing file /opt/airflow/dags/dbt_main_project/jars/hadoop-aws-3.3.1.jar for tasks to queue
[2025-08-06T13:52:59.012+0000] {logging_mixin.py:154} INFO - [2025-08-06T13:52:59.012+0000] {dagbag.py:536} INFO - Filling up the DagBag from /opt/airflow/dags/dbt_main_project/jars/hadoop-aws-3.3.1.jar
[2025-08-06T13:52:59.022+0000] {processor.py:841} WARNING - No viable dags retrieved from /opt/airflow/dags/dbt_main_project/jars/hadoop-aws-3.3.1.jar
[2025-08-06T13:52:59.039+0000] {processor.py:179} INFO - Processing /opt/airflow/dags/dbt_main_project/jars/hadoop-aws-3.3.1.jar took 0.034 seconds
[2025-08-06T13:53:33.546+0000] {processor.py:157} INFO - Started process (PID=159) to work on /opt/airflow/dags/dbt_main_project/jars/hadoop-aws-3.3.1.jar
[2025-08-06T13:53:33.547+0000] {processor.py:829} INFO - Processing file /opt/airflow/dags/dbt_main_project/jars/hadoop-aws-3.3.1.jar for tasks to queue
[2025-08-06T13:53:33.550+0000] {logging_mixin.py:154} INFO - [2025-08-06T13:53:33.550+0000] {dagbag.py:536} INFO - Filling up the DagBag from /opt/airflow/dags/dbt_main_project/jars/hadoop-aws-3.3.1.jar
[2025-08-06T13:53:33.561+0000] {processor.py:841} WARNING - No viable dags retrieved from /opt/airflow/dags/dbt_main_project/jars/hadoop-aws-3.3.1.jar
[2025-08-06T13:53:33.580+0000] {processor.py:179} INFO - Processing /opt/airflow/dags/dbt_main_project/jars/hadoop-aws-3.3.1.jar took 0.038 seconds
[2025-08-06T13:54:04.624+0000] {processor.py:157} INFO - Started process (PID=184) to work on /opt/airflow/dags/dbt_main_project/jars/hadoop-aws-3.3.1.jar
[2025-08-06T13:54:04.626+0000] {processor.py:829} INFO - Processing file /opt/airflow/dags/dbt_main_project/jars/hadoop-aws-3.3.1.jar for tasks to queue
[2025-08-06T13:54:04.630+0000] {logging_mixin.py:154} INFO - [2025-08-06T13:54:04.630+0000] {dagbag.py:536} INFO - Filling up the DagBag from /opt/airflow/dags/dbt_main_project/jars/hadoop-aws-3.3.1.jar
[2025-08-06T13:54:04.644+0000] {processor.py:841} WARNING - No viable dags retrieved from /opt/airflow/dags/dbt_main_project/jars/hadoop-aws-3.3.1.jar
[2025-08-06T13:54:04.665+0000] {processor.py:179} INFO - Processing /opt/airflow/dags/dbt_main_project/jars/hadoop-aws-3.3.1.jar took 0.045 seconds
[2025-08-06T13:54:51.386+0000] {processor.py:157} INFO - Started process (PID=228) to work on /opt/airflow/dags/dbt_main_project/jars/hadoop-aws-3.3.1.jar
[2025-08-06T13:54:51.387+0000] {processor.py:829} INFO - Processing file /opt/airflow/dags/dbt_main_project/jars/hadoop-aws-3.3.1.jar for tasks to queue
[2025-08-06T13:54:51.390+0000] {logging_mixin.py:154} INFO - [2025-08-06T13:54:51.390+0000] {dagbag.py:536} INFO - Filling up the DagBag from /opt/airflow/dags/dbt_main_project/jars/hadoop-aws-3.3.1.jar
[2025-08-06T13:54:51.403+0000] {processor.py:841} WARNING - No viable dags retrieved from /opt/airflow/dags/dbt_main_project/jars/hadoop-aws-3.3.1.jar
[2025-08-06T13:54:51.421+0000] {processor.py:179} INFO - Processing /opt/airflow/dags/dbt_main_project/jars/hadoop-aws-3.3.1.jar took 0.040 seconds
[2025-08-06T13:55:24.148+0000] {processor.py:157} INFO - Started process (PID=252) to work on /opt/airflow/dags/dbt_main_project/jars/hadoop-aws-3.3.1.jar
[2025-08-06T13:55:24.151+0000] {processor.py:829} INFO - Processing file /opt/airflow/dags/dbt_main_project/jars/hadoop-aws-3.3.1.jar for tasks to queue
[2025-08-06T13:55:24.154+0000] {logging_mixin.py:154} INFO - [2025-08-06T13:55:24.154+0000] {dagbag.py:536} INFO - Filling up the DagBag from /opt/airflow/dags/dbt_main_project/jars/hadoop-aws-3.3.1.jar
[2025-08-06T13:55:24.168+0000] {processor.py:841} WARNING - No viable dags retrieved from /opt/airflow/dags/dbt_main_project/jars/hadoop-aws-3.3.1.jar
[2025-08-06T13:55:24.187+0000] {processor.py:179} INFO - Processing /opt/airflow/dags/dbt_main_project/jars/hadoop-aws-3.3.1.jar took 0.042 seconds
[2025-08-06T13:55:58.387+0000] {processor.py:157} INFO - Started process (PID=276) to work on /opt/airflow/dags/dbt_main_project/jars/hadoop-aws-3.3.1.jar
[2025-08-06T13:55:58.388+0000] {processor.py:829} INFO - Processing file /opt/airflow/dags/dbt_main_project/jars/hadoop-aws-3.3.1.jar for tasks to queue
[2025-08-06T13:55:58.391+0000] {logging_mixin.py:154} INFO - [2025-08-06T13:55:58.391+0000] {dagbag.py:536} INFO - Filling up the DagBag from /opt/airflow/dags/dbt_main_project/jars/hadoop-aws-3.3.1.jar
[2025-08-06T13:55:58.403+0000] {processor.py:841} WARNING - No viable dags retrieved from /opt/airflow/dags/dbt_main_project/jars/hadoop-aws-3.3.1.jar
[2025-08-06T13:55:58.421+0000] {processor.py:179} INFO - Processing /opt/airflow/dags/dbt_main_project/jars/hadoop-aws-3.3.1.jar took 0.038 seconds
[2025-08-06T13:56:33.283+0000] {processor.py:157} INFO - Started process (PID=300) to work on /opt/airflow/dags/dbt_main_project/jars/hadoop-aws-3.3.1.jar
[2025-08-06T13:56:33.284+0000] {processor.py:829} INFO - Processing file /opt/airflow/dags/dbt_main_project/jars/hadoop-aws-3.3.1.jar for tasks to queue
[2025-08-06T13:56:33.287+0000] {logging_mixin.py:154} INFO - [2025-08-06T13:56:33.287+0000] {dagbag.py:536} INFO - Filling up the DagBag from /opt/airflow/dags/dbt_main_project/jars/hadoop-aws-3.3.1.jar
[2025-08-06T13:56:33.297+0000] {processor.py:841} WARNING - No viable dags retrieved from /opt/airflow/dags/dbt_main_project/jars/hadoop-aws-3.3.1.jar
[2025-08-06T13:56:33.312+0000] {processor.py:179} INFO - Processing /opt/airflow/dags/dbt_main_project/jars/hadoop-aws-3.3.1.jar took 0.032 seconds
[2025-08-06T13:57:04.222+0000] {processor.py:157} INFO - Started process (PID=324) to work on /opt/airflow/dags/dbt_main_project/jars/hadoop-aws-3.3.1.jar
[2025-08-06T13:57:04.224+0000] {processor.py:829} INFO - Processing file /opt/airflow/dags/dbt_main_project/jars/hadoop-aws-3.3.1.jar for tasks to queue
[2025-08-06T13:57:04.226+0000] {logging_mixin.py:154} INFO - [2025-08-06T13:57:04.226+0000] {dagbag.py:536} INFO - Filling up the DagBag from /opt/airflow/dags/dbt_main_project/jars/hadoop-aws-3.3.1.jar
[2025-08-06T13:57:04.236+0000] {processor.py:841} WARNING - No viable dags retrieved from /opt/airflow/dags/dbt_main_project/jars/hadoop-aws-3.3.1.jar
[2025-08-06T13:57:04.252+0000] {processor.py:179} INFO - Processing /opt/airflow/dags/dbt_main_project/jars/hadoop-aws-3.3.1.jar took 0.033 seconds
[2025-08-06T13:57:50.334+0000] {processor.py:157} INFO - Started process (PID=349) to work on /opt/airflow/dags/dbt_main_project/jars/hadoop-aws-3.3.1.jar
[2025-08-06T13:57:50.335+0000] {processor.py:829} INFO - Processing file /opt/airflow/dags/dbt_main_project/jars/hadoop-aws-3.3.1.jar for tasks to queue
[2025-08-06T13:57:50.338+0000] {logging_mixin.py:154} INFO - [2025-08-06T13:57:50.337+0000] {dagbag.py:536} INFO - Filling up the DagBag from /opt/airflow/dags/dbt_main_project/jars/hadoop-aws-3.3.1.jar
[2025-08-06T13:57:50.348+0000] {processor.py:841} WARNING - No viable dags retrieved from /opt/airflow/dags/dbt_main_project/jars/hadoop-aws-3.3.1.jar
[2025-08-06T13:57:50.364+0000] {processor.py:179} INFO - Processing /opt/airflow/dags/dbt_main_project/jars/hadoop-aws-3.3.1.jar took 0.034 seconds
[2025-08-06T13:58:23.531+0000] {processor.py:157} INFO - Started process (PID=373) to work on /opt/airflow/dags/dbt_main_project/jars/hadoop-aws-3.3.1.jar
[2025-08-06T13:58:23.532+0000] {processor.py:829} INFO - Processing file /opt/airflow/dags/dbt_main_project/jars/hadoop-aws-3.3.1.jar for tasks to queue
[2025-08-06T13:58:23.536+0000] {logging_mixin.py:154} INFO - [2025-08-06T13:58:23.536+0000] {dagbag.py:536} INFO - Filling up the DagBag from /opt/airflow/dags/dbt_main_project/jars/hadoop-aws-3.3.1.jar
[2025-08-06T13:58:23.552+0000] {processor.py:841} WARNING - No viable dags retrieved from /opt/airflow/dags/dbt_main_project/jars/hadoop-aws-3.3.1.jar
[2025-08-06T13:58:23.572+0000] {processor.py:179} INFO - Processing /opt/airflow/dags/dbt_main_project/jars/hadoop-aws-3.3.1.jar took 0.046 seconds
[2025-08-06T13:58:57.760+0000] {processor.py:157} INFO - Started process (PID=397) to work on /opt/airflow/dags/dbt_main_project/jars/hadoop-aws-3.3.1.jar
[2025-08-06T13:58:57.762+0000] {processor.py:829} INFO - Processing file /opt/airflow/dags/dbt_main_project/jars/hadoop-aws-3.3.1.jar for tasks to queue
[2025-08-06T13:58:57.767+0000] {logging_mixin.py:154} INFO - [2025-08-06T13:58:57.766+0000] {dagbag.py:536} INFO - Filling up the DagBag from /opt/airflow/dags/dbt_main_project/jars/hadoop-aws-3.3.1.jar
[2025-08-06T13:58:57.783+0000] {processor.py:841} WARNING - No viable dags retrieved from /opt/airflow/dags/dbt_main_project/jars/hadoop-aws-3.3.1.jar
[2025-08-06T13:58:57.802+0000] {processor.py:179} INFO - Processing /opt/airflow/dags/dbt_main_project/jars/hadoop-aws-3.3.1.jar took 0.047 seconds
[2025-08-06T13:59:37.523+0000] {processor.py:157} INFO - Started process (PID=422) to work on /opt/airflow/dags/dbt_main_project/jars/hadoop-aws-3.3.1.jar
[2025-08-06T13:59:37.525+0000] {processor.py:829} INFO - Processing file /opt/airflow/dags/dbt_main_project/jars/hadoop-aws-3.3.1.jar for tasks to queue
[2025-08-06T13:59:37.529+0000] {logging_mixin.py:154} INFO - [2025-08-06T13:59:37.528+0000] {dagbag.py:536} INFO - Filling up the DagBag from /opt/airflow/dags/dbt_main_project/jars/hadoop-aws-3.3.1.jar
[2025-08-06T13:59:37.540+0000] {processor.py:841} WARNING - No viable dags retrieved from /opt/airflow/dags/dbt_main_project/jars/hadoop-aws-3.3.1.jar
[2025-08-06T13:59:37.558+0000] {processor.py:179} INFO - Processing /opt/airflow/dags/dbt_main_project/jars/hadoop-aws-3.3.1.jar took 0.040 seconds
[2025-08-06T14:00:11.921+0000] {processor.py:157} INFO - Started process (PID=446) to work on /opt/airflow/dags/dbt_main_project/jars/hadoop-aws-3.3.1.jar
[2025-08-06T14:00:11.922+0000] {processor.py:829} INFO - Processing file /opt/airflow/dags/dbt_main_project/jars/hadoop-aws-3.3.1.jar for tasks to queue
[2025-08-06T14:00:11.926+0000] {logging_mixin.py:154} INFO - [2025-08-06T14:00:11.926+0000] {dagbag.py:536} INFO - Filling up the DagBag from /opt/airflow/dags/dbt_main_project/jars/hadoop-aws-3.3.1.jar
[2025-08-06T14:00:11.937+0000] {processor.py:841} WARNING - No viable dags retrieved from /opt/airflow/dags/dbt_main_project/jars/hadoop-aws-3.3.1.jar
[2025-08-06T14:00:11.954+0000] {processor.py:179} INFO - Processing /opt/airflow/dags/dbt_main_project/jars/hadoop-aws-3.3.1.jar took 0.036 seconds
[2025-08-06T14:00:42.391+0000] {processor.py:157} INFO - Started process (PID=470) to work on /opt/airflow/dags/dbt_main_project/jars/hadoop-aws-3.3.1.jar
[2025-08-06T14:00:42.392+0000] {processor.py:829} INFO - Processing file /opt/airflow/dags/dbt_main_project/jars/hadoop-aws-3.3.1.jar for tasks to queue
[2025-08-06T14:00:42.395+0000] {logging_mixin.py:154} INFO - [2025-08-06T14:00:42.395+0000] {dagbag.py:536} INFO - Filling up the DagBag from /opt/airflow/dags/dbt_main_project/jars/hadoop-aws-3.3.1.jar
[2025-08-06T14:00:42.406+0000] {processor.py:841} WARNING - No viable dags retrieved from /opt/airflow/dags/dbt_main_project/jars/hadoop-aws-3.3.1.jar
[2025-08-06T14:00:42.424+0000] {processor.py:179} INFO - Processing /opt/airflow/dags/dbt_main_project/jars/hadoop-aws-3.3.1.jar took 0.036 seconds
[2025-08-06T14:01:32.387+0000] {processor.py:157} INFO - Started process (PID=513) to work on /opt/airflow/dags/dbt_main_project/jars/hadoop-aws-3.3.1.jar
[2025-08-06T14:01:32.388+0000] {processor.py:829} INFO - Processing file /opt/airflow/dags/dbt_main_project/jars/hadoop-aws-3.3.1.jar for tasks to queue
[2025-08-06T14:01:32.391+0000] {logging_mixin.py:154} INFO - [2025-08-06T14:01:32.390+0000] {dagbag.py:536} INFO - Filling up the DagBag from /opt/airflow/dags/dbt_main_project/jars/hadoop-aws-3.3.1.jar
[2025-08-06T14:01:32.402+0000] {processor.py:841} WARNING - No viable dags retrieved from /opt/airflow/dags/dbt_main_project/jars/hadoop-aws-3.3.1.jar
[2025-08-06T14:01:32.418+0000] {processor.py:179} INFO - Processing /opt/airflow/dags/dbt_main_project/jars/hadoop-aws-3.3.1.jar took 0.035 seconds
[2025-08-06T14:02:07.202+0000] {processor.py:157} INFO - Started process (PID=550) to work on /opt/airflow/dags/dbt_main_project/jars/hadoop-aws-3.3.1.jar
[2025-08-06T14:02:07.203+0000] {processor.py:829} INFO - Processing file /opt/airflow/dags/dbt_main_project/jars/hadoop-aws-3.3.1.jar for tasks to queue
[2025-08-06T14:02:07.206+0000] {logging_mixin.py:154} INFO - [2025-08-06T14:02:07.205+0000] {dagbag.py:536} INFO - Filling up the DagBag from /opt/airflow/dags/dbt_main_project/jars/hadoop-aws-3.3.1.jar
[2025-08-06T14:02:07.216+0000] {processor.py:841} WARNING - No viable dags retrieved from /opt/airflow/dags/dbt_main_project/jars/hadoop-aws-3.3.1.jar
[2025-08-06T14:02:07.232+0000] {processor.py:179} INFO - Processing /opt/airflow/dags/dbt_main_project/jars/hadoop-aws-3.3.1.jar took 0.034 seconds
[2025-08-06T14:02:50.783+0000] {processor.py:157} INFO - Started process (PID=588) to work on /opt/airflow/dags/dbt_main_project/jars/hadoop-aws-3.3.1.jar
[2025-08-06T14:02:50.785+0000] {processor.py:829} INFO - Processing file /opt/airflow/dags/dbt_main_project/jars/hadoop-aws-3.3.1.jar for tasks to queue
[2025-08-06T14:02:50.787+0000] {logging_mixin.py:154} INFO - [2025-08-06T14:02:50.787+0000] {dagbag.py:536} INFO - Filling up the DagBag from /opt/airflow/dags/dbt_main_project/jars/hadoop-aws-3.3.1.jar
[2025-08-06T14:02:50.799+0000] {processor.py:841} WARNING - No viable dags retrieved from /opt/airflow/dags/dbt_main_project/jars/hadoop-aws-3.3.1.jar
[2025-08-06T14:02:50.814+0000] {processor.py:179} INFO - Processing /opt/airflow/dags/dbt_main_project/jars/hadoop-aws-3.3.1.jar took 0.034 seconds
[2025-08-06T14:03:26.025+0000] {processor.py:157} INFO - Started process (PID=612) to work on /opt/airflow/dags/dbt_main_project/jars/hadoop-aws-3.3.1.jar
[2025-08-06T14:03:26.026+0000] {processor.py:829} INFO - Processing file /opt/airflow/dags/dbt_main_project/jars/hadoop-aws-3.3.1.jar for tasks to queue
[2025-08-06T14:03:26.035+0000] {logging_mixin.py:154} INFO - [2025-08-06T14:03:26.035+0000] {dagbag.py:536} INFO - Filling up the DagBag from /opt/airflow/dags/dbt_main_project/jars/hadoop-aws-3.3.1.jar
[2025-08-06T14:03:26.057+0000] {processor.py:841} WARNING - No viable dags retrieved from /opt/airflow/dags/dbt_main_project/jars/hadoop-aws-3.3.1.jar
[2025-08-06T14:03:26.102+0000] {processor.py:179} INFO - Processing /opt/airflow/dags/dbt_main_project/jars/hadoop-aws-3.3.1.jar took 0.089 seconds
[2025-08-06T14:03:56.337+0000] {processor.py:157} INFO - Started process (PID=636) to work on /opt/airflow/dags/dbt_main_project/jars/hadoop-aws-3.3.1.jar
[2025-08-06T14:03:56.338+0000] {processor.py:829} INFO - Processing file /opt/airflow/dags/dbt_main_project/jars/hadoop-aws-3.3.1.jar for tasks to queue
[2025-08-06T14:03:56.342+0000] {logging_mixin.py:154} INFO - [2025-08-06T14:03:56.341+0000] {dagbag.py:536} INFO - Filling up the DagBag from /opt/airflow/dags/dbt_main_project/jars/hadoop-aws-3.3.1.jar
[2025-08-06T14:03:56.352+0000] {processor.py:841} WARNING - No viable dags retrieved from /opt/airflow/dags/dbt_main_project/jars/hadoop-aws-3.3.1.jar
[2025-08-06T14:03:56.367+0000] {processor.py:179} INFO - Processing /opt/airflow/dags/dbt_main_project/jars/hadoop-aws-3.3.1.jar took 0.033 seconds
[2025-08-06T14:04:43.924+0000] {processor.py:157} INFO - Started process (PID=674) to work on /opt/airflow/dags/dbt_main_project/jars/hadoop-aws-3.3.1.jar
[2025-08-06T14:04:43.925+0000] {processor.py:829} INFO - Processing file /opt/airflow/dags/dbt_main_project/jars/hadoop-aws-3.3.1.jar for tasks to queue
[2025-08-06T14:04:43.928+0000] {logging_mixin.py:154} INFO - [2025-08-06T14:04:43.928+0000] {dagbag.py:536} INFO - Filling up the DagBag from /opt/airflow/dags/dbt_main_project/jars/hadoop-aws-3.3.1.jar
[2025-08-06T14:04:43.939+0000] {processor.py:841} WARNING - No viable dags retrieved from /opt/airflow/dags/dbt_main_project/jars/hadoop-aws-3.3.1.jar
[2025-08-06T14:04:43.961+0000] {processor.py:179} INFO - Processing /opt/airflow/dags/dbt_main_project/jars/hadoop-aws-3.3.1.jar took 0.042 seconds
[2025-08-06T14:05:14.619+0000] {processor.py:157} INFO - Started process (PID=698) to work on /opt/airflow/dags/dbt_main_project/jars/hadoop-aws-3.3.1.jar
[2025-08-06T14:05:14.620+0000] {processor.py:829} INFO - Processing file /opt/airflow/dags/dbt_main_project/jars/hadoop-aws-3.3.1.jar for tasks to queue
[2025-08-06T14:05:14.624+0000] {logging_mixin.py:154} INFO - [2025-08-06T14:05:14.623+0000] {dagbag.py:536} INFO - Filling up the DagBag from /opt/airflow/dags/dbt_main_project/jars/hadoop-aws-3.3.1.jar
[2025-08-06T14:05:14.634+0000] {processor.py:841} WARNING - No viable dags retrieved from /opt/airflow/dags/dbt_main_project/jars/hadoop-aws-3.3.1.jar
[2025-08-06T14:05:14.652+0000] {processor.py:179} INFO - Processing /opt/airflow/dags/dbt_main_project/jars/hadoop-aws-3.3.1.jar took 0.038 seconds
[2025-08-06T14:05:44.777+0000] {processor.py:157} INFO - Started process (PID=735) to work on /opt/airflow/dags/dbt_main_project/jars/hadoop-aws-3.3.1.jar
[2025-08-06T14:05:44.779+0000] {processor.py:829} INFO - Processing file /opt/airflow/dags/dbt_main_project/jars/hadoop-aws-3.3.1.jar for tasks to queue
[2025-08-06T14:05:44.782+0000] {logging_mixin.py:154} INFO - [2025-08-06T14:05:44.781+0000] {dagbag.py:536} INFO - Filling up the DagBag from /opt/airflow/dags/dbt_main_project/jars/hadoop-aws-3.3.1.jar
[2025-08-06T14:05:44.795+0000] {processor.py:841} WARNING - No viable dags retrieved from /opt/airflow/dags/dbt_main_project/jars/hadoop-aws-3.3.1.jar
[2025-08-06T14:05:44.817+0000] {processor.py:179} INFO - Processing /opt/airflow/dags/dbt_main_project/jars/hadoop-aws-3.3.1.jar took 0.043 seconds
[2025-08-06T14:06:35.592+0000] {processor.py:157} INFO - Started process (PID=778) to work on /opt/airflow/dags/dbt_main_project/jars/hadoop-aws-3.3.1.jar
[2025-08-06T14:06:35.593+0000] {processor.py:829} INFO - Processing file /opt/airflow/dags/dbt_main_project/jars/hadoop-aws-3.3.1.jar for tasks to queue
[2025-08-06T14:06:35.596+0000] {logging_mixin.py:154} INFO - [2025-08-06T14:06:35.596+0000] {dagbag.py:536} INFO - Filling up the DagBag from /opt/airflow/dags/dbt_main_project/jars/hadoop-aws-3.3.1.jar
[2025-08-06T14:06:35.607+0000] {processor.py:841} WARNING - No viable dags retrieved from /opt/airflow/dags/dbt_main_project/jars/hadoop-aws-3.3.1.jar
[2025-08-06T14:06:35.625+0000] {processor.py:179} INFO - Processing /opt/airflow/dags/dbt_main_project/jars/hadoop-aws-3.3.1.jar took 0.037 seconds
[2025-08-06T14:07:06.566+0000] {processor.py:157} INFO - Started process (PID=802) to work on /opt/airflow/dags/dbt_main_project/jars/hadoop-aws-3.3.1.jar
[2025-08-06T14:07:06.567+0000] {processor.py:829} INFO - Processing file /opt/airflow/dags/dbt_main_project/jars/hadoop-aws-3.3.1.jar for tasks to queue
[2025-08-06T14:07:06.570+0000] {logging_mixin.py:154} INFO - [2025-08-06T14:07:06.570+0000] {dagbag.py:536} INFO - Filling up the DagBag from /opt/airflow/dags/dbt_main_project/jars/hadoop-aws-3.3.1.jar
[2025-08-06T14:07:06.581+0000] {processor.py:841} WARNING - No viable dags retrieved from /opt/airflow/dags/dbt_main_project/jars/hadoop-aws-3.3.1.jar
[2025-08-06T14:07:06.597+0000] {processor.py:179} INFO - Processing /opt/airflow/dags/dbt_main_project/jars/hadoop-aws-3.3.1.jar took 0.035 seconds
[2025-08-06T14:07:50.959+0000] {processor.py:157} INFO - Started process (PID=827) to work on /opt/airflow/dags/dbt_main_project/jars/hadoop-aws-3.3.1.jar
[2025-08-06T14:07:50.960+0000] {processor.py:829} INFO - Processing file /opt/airflow/dags/dbt_main_project/jars/hadoop-aws-3.3.1.jar for tasks to queue
[2025-08-06T14:07:50.963+0000] {logging_mixin.py:154} INFO - [2025-08-06T14:07:50.963+0000] {dagbag.py:536} INFO - Filling up the DagBag from /opt/airflow/dags/dbt_main_project/jars/hadoop-aws-3.3.1.jar
[2025-08-06T14:07:50.977+0000] {processor.py:841} WARNING - No viable dags retrieved from /opt/airflow/dags/dbt_main_project/jars/hadoop-aws-3.3.1.jar
[2025-08-06T14:07:50.992+0000] {processor.py:179} INFO - Processing /opt/airflow/dags/dbt_main_project/jars/hadoop-aws-3.3.1.jar took 0.037 seconds
