[2025-08-06T09:06:00.465+0000] {processor.py:157} INFO - Started process (PID=85) to work on /opt/airflow/dags/dbt_main_project/jars/iceberg-spark-runtime-3.5_2.12-1.9.2.jar
[2025-08-06T09:06:00.467+0000] {processor.py:829} INFO - Processing file /opt/airflow/dags/dbt_main_project/jars/iceberg-spark-runtime-3.5_2.12-1.9.2.jar for tasks to queue
[2025-08-06T09:06:00.469+0000] {logging_mixin.py:154} INFO - [2025-08-06T09:06:00.469+0000] {dagbag.py:536} INFO - Filling up the DagBag from /opt/airflow/dags/dbt_main_project/jars/iceberg-spark-runtime-3.5_2.12-1.9.2.jar
[2025-08-06T09:06:00.697+0000] {processor.py:841} WARNING - No viable dags retrieved from /opt/airflow/dags/dbt_main_project/jars/iceberg-spark-runtime-3.5_2.12-1.9.2.jar
[2025-08-06T09:06:00.712+0000] {processor.py:179} INFO - Processing /opt/airflow/dags/dbt_main_project/jars/iceberg-spark-runtime-3.5_2.12-1.9.2.jar took 0.251 seconds
[2025-08-06T09:06:35.894+0000] {processor.py:157} INFO - Started process (PID=109) to work on /opt/airflow/dags/dbt_main_project/jars/iceberg-spark-runtime-3.5_2.12-1.9.2.jar
[2025-08-06T09:06:35.896+0000] {processor.py:829} INFO - Processing file /opt/airflow/dags/dbt_main_project/jars/iceberg-spark-runtime-3.5_2.12-1.9.2.jar for tasks to queue
[2025-08-06T09:06:35.899+0000] {logging_mixin.py:154} INFO - [2025-08-06T09:06:35.899+0000] {dagbag.py:536} INFO - Filling up the DagBag from /opt/airflow/dags/dbt_main_project/jars/iceberg-spark-runtime-3.5_2.12-1.9.2.jar
[2025-08-06T09:06:36.198+0000] {processor.py:841} WARNING - No viable dags retrieved from /opt/airflow/dags/dbt_main_project/jars/iceberg-spark-runtime-3.5_2.12-1.9.2.jar
[2025-08-06T09:06:36.214+0000] {processor.py:179} INFO - Processing /opt/airflow/dags/dbt_main_project/jars/iceberg-spark-runtime-3.5_2.12-1.9.2.jar took 0.325 seconds
[2025-08-06T09:07:18.670+0000] {processor.py:157} INFO - Started process (PID=134) to work on /opt/airflow/dags/dbt_main_project/jars/iceberg-spark-runtime-3.5_2.12-1.9.2.jar
[2025-08-06T09:07:18.671+0000] {processor.py:829} INFO - Processing file /opt/airflow/dags/dbt_main_project/jars/iceberg-spark-runtime-3.5_2.12-1.9.2.jar for tasks to queue
[2025-08-06T09:07:18.675+0000] {logging_mixin.py:154} INFO - [2025-08-06T09:07:18.675+0000] {dagbag.py:536} INFO - Filling up the DagBag from /opt/airflow/dags/dbt_main_project/jars/iceberg-spark-runtime-3.5_2.12-1.9.2.jar
[2025-08-06T09:07:18.934+0000] {processor.py:841} WARNING - No viable dags retrieved from /opt/airflow/dags/dbt_main_project/jars/iceberg-spark-runtime-3.5_2.12-1.9.2.jar
[2025-08-06T09:07:18.949+0000] {processor.py:179} INFO - Processing /opt/airflow/dags/dbt_main_project/jars/iceberg-spark-runtime-3.5_2.12-1.9.2.jar took 0.283 seconds
[2025-08-06T09:07:53.080+0000] {processor.py:157} INFO - Started process (PID=158) to work on /opt/airflow/dags/dbt_main_project/jars/iceberg-spark-runtime-3.5_2.12-1.9.2.jar
[2025-08-06T09:07:53.081+0000] {processor.py:829} INFO - Processing file /opt/airflow/dags/dbt_main_project/jars/iceberg-spark-runtime-3.5_2.12-1.9.2.jar for tasks to queue
[2025-08-06T09:07:53.084+0000] {logging_mixin.py:154} INFO - [2025-08-06T09:07:53.084+0000] {dagbag.py:536} INFO - Filling up the DagBag from /opt/airflow/dags/dbt_main_project/jars/iceberg-spark-runtime-3.5_2.12-1.9.2.jar
[2025-08-06T09:07:53.317+0000] {processor.py:841} WARNING - No viable dags retrieved from /opt/airflow/dags/dbt_main_project/jars/iceberg-spark-runtime-3.5_2.12-1.9.2.jar
[2025-08-06T09:07:53.333+0000] {processor.py:179} INFO - Processing /opt/airflow/dags/dbt_main_project/jars/iceberg-spark-runtime-3.5_2.12-1.9.2.jar took 0.256 seconds
[2025-08-06T09:08:51.516+0000] {processor.py:157} INFO - Started process (PID=205) to work on /opt/airflow/dags/dbt_main_project/jars/iceberg-spark-runtime-3.5_2.12-1.9.2.jar
[2025-08-06T09:08:51.528+0000] {processor.py:829} INFO - Processing file /opt/airflow/dags/dbt_main_project/jars/iceberg-spark-runtime-3.5_2.12-1.9.2.jar for tasks to queue
[2025-08-06T09:08:51.531+0000] {logging_mixin.py:154} INFO - [2025-08-06T09:08:51.530+0000] {dagbag.py:536} INFO - Filling up the DagBag from /opt/airflow/dags/dbt_main_project/jars/iceberg-spark-runtime-3.5_2.12-1.9.2.jar
[2025-08-06T09:08:51.757+0000] {processor.py:841} WARNING - No viable dags retrieved from /opt/airflow/dags/dbt_main_project/jars/iceberg-spark-runtime-3.5_2.12-1.9.2.jar
[2025-08-06T09:08:51.774+0000] {processor.py:179} INFO - Processing /opt/airflow/dags/dbt_main_project/jars/iceberg-spark-runtime-3.5_2.12-1.9.2.jar took 0.261 seconds
[2025-08-06T09:09:25.847+0000] {processor.py:157} INFO - Started process (PID=230) to work on /opt/airflow/dags/dbt_main_project/jars/iceberg-spark-runtime-3.5_2.12-1.9.2.jar
[2025-08-06T09:09:25.849+0000] {processor.py:829} INFO - Processing file /opt/airflow/dags/dbt_main_project/jars/iceberg-spark-runtime-3.5_2.12-1.9.2.jar for tasks to queue
[2025-08-06T09:09:25.852+0000] {logging_mixin.py:154} INFO - [2025-08-06T09:09:25.852+0000] {dagbag.py:536} INFO - Filling up the DagBag from /opt/airflow/dags/dbt_main_project/jars/iceberg-spark-runtime-3.5_2.12-1.9.2.jar
[2025-08-06T09:09:26.098+0000] {processor.py:841} WARNING - No viable dags retrieved from /opt/airflow/dags/dbt_main_project/jars/iceberg-spark-runtime-3.5_2.12-1.9.2.jar
[2025-08-06T09:09:26.117+0000] {processor.py:179} INFO - Processing /opt/airflow/dags/dbt_main_project/jars/iceberg-spark-runtime-3.5_2.12-1.9.2.jar took 0.274 seconds
[2025-08-06T09:10:05.701+0000] {processor.py:157} INFO - Started process (PID=256) to work on /opt/airflow/dags/dbt_main_project/jars/iceberg-spark-runtime-3.5_2.12-1.9.2.jar
[2025-08-06T09:10:05.702+0000] {processor.py:829} INFO - Processing file /opt/airflow/dags/dbt_main_project/jars/iceberg-spark-runtime-3.5_2.12-1.9.2.jar for tasks to queue
[2025-08-06T09:10:05.704+0000] {logging_mixin.py:154} INFO - [2025-08-06T09:10:05.704+0000] {dagbag.py:536} INFO - Filling up the DagBag from /opt/airflow/dags/dbt_main_project/jars/iceberg-spark-runtime-3.5_2.12-1.9.2.jar
[2025-08-06T09:10:06.109+0000] {processor.py:841} WARNING - No viable dags retrieved from /opt/airflow/dags/dbt_main_project/jars/iceberg-spark-runtime-3.5_2.12-1.9.2.jar
[2025-08-06T09:10:06.123+0000] {processor.py:179} INFO - Processing /opt/airflow/dags/dbt_main_project/jars/iceberg-spark-runtime-3.5_2.12-1.9.2.jar took 0.426 seconds
[2025-08-06T09:10:52.076+0000] {processor.py:157} INFO - Started process (PID=300) to work on /opt/airflow/dags/dbt_main_project/jars/iceberg-spark-runtime-3.5_2.12-1.9.2.jar
[2025-08-06T09:10:52.078+0000] {processor.py:829} INFO - Processing file /opt/airflow/dags/dbt_main_project/jars/iceberg-spark-runtime-3.5_2.12-1.9.2.jar for tasks to queue
[2025-08-06T09:10:52.080+0000] {logging_mixin.py:154} INFO - [2025-08-06T09:10:52.080+0000] {dagbag.py:536} INFO - Filling up the DagBag from /opt/airflow/dags/dbt_main_project/jars/iceberg-spark-runtime-3.5_2.12-1.9.2.jar
[2025-08-06T09:10:52.341+0000] {processor.py:841} WARNING - No viable dags retrieved from /opt/airflow/dags/dbt_main_project/jars/iceberg-spark-runtime-3.5_2.12-1.9.2.jar
[2025-08-06T09:10:52.357+0000] {processor.py:179} INFO - Processing /opt/airflow/dags/dbt_main_project/jars/iceberg-spark-runtime-3.5_2.12-1.9.2.jar took 0.284 seconds
[2025-08-06T13:09:26.502+0000] {processor.py:157} INFO - Started process (PID=72) to work on /opt/airflow/dags/dbt_main_project/jars/iceberg-spark-runtime-3.5_2.12-1.9.2.jar
[2025-08-06T13:09:26.504+0000] {processor.py:829} INFO - Processing file /opt/airflow/dags/dbt_main_project/jars/iceberg-spark-runtime-3.5_2.12-1.9.2.jar for tasks to queue
[2025-08-06T13:09:26.506+0000] {logging_mixin.py:154} INFO - [2025-08-06T13:09:26.505+0000] {dagbag.py:536} INFO - Filling up the DagBag from /opt/airflow/dags/dbt_main_project/jars/iceberg-spark-runtime-3.5_2.12-1.9.2.jar
[2025-08-06T13:09:26.776+0000] {processor.py:841} WARNING - No viable dags retrieved from /opt/airflow/dags/dbt_main_project/jars/iceberg-spark-runtime-3.5_2.12-1.9.2.jar
[2025-08-06T13:09:26.799+0000] {processor.py:179} INFO - Processing /opt/airflow/dags/dbt_main_project/jars/iceberg-spark-runtime-3.5_2.12-1.9.2.jar took 0.304 seconds
[2025-08-06T13:10:24.620+0000] {processor.py:157} INFO - Started process (PID=119) to work on /opt/airflow/dags/dbt_main_project/jars/iceberg-spark-runtime-3.5_2.12-1.9.2.jar
[2025-08-06T13:10:24.621+0000] {processor.py:829} INFO - Processing file /opt/airflow/dags/dbt_main_project/jars/iceberg-spark-runtime-3.5_2.12-1.9.2.jar for tasks to queue
[2025-08-06T13:10:24.625+0000] {logging_mixin.py:154} INFO - [2025-08-06T13:10:24.624+0000] {dagbag.py:536} INFO - Filling up the DagBag from /opt/airflow/dags/dbt_main_project/jars/iceberg-spark-runtime-3.5_2.12-1.9.2.jar
[2025-08-06T13:10:25.168+0000] {processor.py:841} WARNING - No viable dags retrieved from /opt/airflow/dags/dbt_main_project/jars/iceberg-spark-runtime-3.5_2.12-1.9.2.jar
[2025-08-06T13:10:25.182+0000] {processor.py:179} INFO - Processing /opt/airflow/dags/dbt_main_project/jars/iceberg-spark-runtime-3.5_2.12-1.9.2.jar took 0.568 seconds
[2025-08-06T13:11:21.453+0000] {processor.py:157} INFO - Started process (PID=154) to work on /opt/airflow/dags/dbt_main_project/jars/iceberg-spark-runtime-3.5_2.12-1.9.2.jar
[2025-08-06T13:11:21.454+0000] {processor.py:829} INFO - Processing file /opt/airflow/dags/dbt_main_project/jars/iceberg-spark-runtime-3.5_2.12-1.9.2.jar for tasks to queue
[2025-08-06T13:11:21.456+0000] {logging_mixin.py:154} INFO - [2025-08-06T13:11:21.456+0000] {dagbag.py:536} INFO - Filling up the DagBag from /opt/airflow/dags/dbt_main_project/jars/iceberg-spark-runtime-3.5_2.12-1.9.2.jar
[2025-08-06T13:11:21.736+0000] {processor.py:841} WARNING - No viable dags retrieved from /opt/airflow/dags/dbt_main_project/jars/iceberg-spark-runtime-3.5_2.12-1.9.2.jar
[2025-08-06T13:11:21.751+0000] {processor.py:179} INFO - Processing /opt/airflow/dags/dbt_main_project/jars/iceberg-spark-runtime-3.5_2.12-1.9.2.jar took 0.302 seconds
[2025-08-06T13:12:17.839+0000] {processor.py:157} INFO - Started process (PID=193) to work on /opt/airflow/dags/dbt_main_project/jars/iceberg-spark-runtime-3.5_2.12-1.9.2.jar
[2025-08-06T13:12:17.841+0000] {processor.py:829} INFO - Processing file /opt/airflow/dags/dbt_main_project/jars/iceberg-spark-runtime-3.5_2.12-1.9.2.jar for tasks to queue
[2025-08-06T13:12:17.844+0000] {logging_mixin.py:154} INFO - [2025-08-06T13:12:17.843+0000] {dagbag.py:536} INFO - Filling up the DagBag from /opt/airflow/dags/dbt_main_project/jars/iceberg-spark-runtime-3.5_2.12-1.9.2.jar
[2025-08-06T13:12:18.090+0000] {processor.py:841} WARNING - No viable dags retrieved from /opt/airflow/dags/dbt_main_project/jars/iceberg-spark-runtime-3.5_2.12-1.9.2.jar
[2025-08-06T13:12:18.107+0000] {processor.py:179} INFO - Processing /opt/airflow/dags/dbt_main_project/jars/iceberg-spark-runtime-3.5_2.12-1.9.2.jar took 0.272 seconds
[2025-08-06T13:13:16.465+0000] {processor.py:157} INFO - Started process (PID=237) to work on /opt/airflow/dags/dbt_main_project/jars/iceberg-spark-runtime-3.5_2.12-1.9.2.jar
[2025-08-06T13:13:16.467+0000] {processor.py:829} INFO - Processing file /opt/airflow/dags/dbt_main_project/jars/iceberg-spark-runtime-3.5_2.12-1.9.2.jar for tasks to queue
[2025-08-06T13:13:16.472+0000] {logging_mixin.py:154} INFO - [2025-08-06T13:13:16.471+0000] {dagbag.py:536} INFO - Filling up the DagBag from /opt/airflow/dags/dbt_main_project/jars/iceberg-spark-runtime-3.5_2.12-1.9.2.jar
[2025-08-06T13:13:16.703+0000] {processor.py:841} WARNING - No viable dags retrieved from /opt/airflow/dags/dbt_main_project/jars/iceberg-spark-runtime-3.5_2.12-1.9.2.jar
[2025-08-06T13:13:16.717+0000] {processor.py:179} INFO - Processing /opt/airflow/dags/dbt_main_project/jars/iceberg-spark-runtime-3.5_2.12-1.9.2.jar took 0.255 seconds
[2025-08-06T13:15:56.404+0000] {processor.py:157} INFO - Started process (PID=72) to work on /opt/airflow/dags/dbt_main_project/jars/iceberg-spark-runtime-3.5_2.12-1.9.2.jar
[2025-08-06T13:15:56.405+0000] {processor.py:829} INFO - Processing file /opt/airflow/dags/dbt_main_project/jars/iceberg-spark-runtime-3.5_2.12-1.9.2.jar for tasks to queue
[2025-08-06T13:15:56.409+0000] {logging_mixin.py:154} INFO - [2025-08-06T13:15:56.408+0000] {dagbag.py:536} INFO - Filling up the DagBag from /opt/airflow/dags/dbt_main_project/jars/iceberg-spark-runtime-3.5_2.12-1.9.2.jar
[2025-08-06T13:15:56.670+0000] {processor.py:841} WARNING - No viable dags retrieved from /opt/airflow/dags/dbt_main_project/jars/iceberg-spark-runtime-3.5_2.12-1.9.2.jar
[2025-08-06T13:15:56.687+0000] {processor.py:179} INFO - Processing /opt/airflow/dags/dbt_main_project/jars/iceberg-spark-runtime-3.5_2.12-1.9.2.jar took 0.288 seconds
[2025-08-06T13:18:54.967+0000] {processor.py:157} INFO - Started process (PID=85) to work on /opt/airflow/dags/dbt_main_project/jars/iceberg-spark-runtime-3.5_2.12-1.9.2.jar
[2025-08-06T13:18:54.969+0000] {processor.py:829} INFO - Processing file /opt/airflow/dags/dbt_main_project/jars/iceberg-spark-runtime-3.5_2.12-1.9.2.jar for tasks to queue
[2025-08-06T13:18:54.976+0000] {logging_mixin.py:154} INFO - [2025-08-06T13:18:54.975+0000] {dagbag.py:536} INFO - Filling up the DagBag from /opt/airflow/dags/dbt_main_project/jars/iceberg-spark-runtime-3.5_2.12-1.9.2.jar
[2025-08-06T13:18:55.269+0000] {processor.py:841} WARNING - No viable dags retrieved from /opt/airflow/dags/dbt_main_project/jars/iceberg-spark-runtime-3.5_2.12-1.9.2.jar
[2025-08-06T13:18:55.285+0000] {processor.py:179} INFO - Processing /opt/airflow/dags/dbt_main_project/jars/iceberg-spark-runtime-3.5_2.12-1.9.2.jar took 0.322 seconds
[2025-08-06T13:19:29.998+0000] {processor.py:157} INFO - Started process (PID=109) to work on /opt/airflow/dags/dbt_main_project/jars/iceberg-spark-runtime-3.5_2.12-1.9.2.jar
[2025-08-06T13:19:29.999+0000] {processor.py:829} INFO - Processing file /opt/airflow/dags/dbt_main_project/jars/iceberg-spark-runtime-3.5_2.12-1.9.2.jar for tasks to queue
[2025-08-06T13:19:30.002+0000] {logging_mixin.py:154} INFO - [2025-08-06T13:19:30.002+0000] {dagbag.py:536} INFO - Filling up the DagBag from /opt/airflow/dags/dbt_main_project/jars/iceberg-spark-runtime-3.5_2.12-1.9.2.jar
[2025-08-06T13:19:30.239+0000] {processor.py:841} WARNING - No viable dags retrieved from /opt/airflow/dags/dbt_main_project/jars/iceberg-spark-runtime-3.5_2.12-1.9.2.jar
[2025-08-06T13:19:30.255+0000] {processor.py:179} INFO - Processing /opt/airflow/dags/dbt_main_project/jars/iceberg-spark-runtime-3.5_2.12-1.9.2.jar took 0.260 seconds
[2025-08-06T13:20:11.643+0000] {processor.py:157} INFO - Started process (PID=134) to work on /opt/airflow/dags/dbt_main_project/jars/iceberg-spark-runtime-3.5_2.12-1.9.2.jar
[2025-08-06T13:20:11.644+0000] {processor.py:829} INFO - Processing file /opt/airflow/dags/dbt_main_project/jars/iceberg-spark-runtime-3.5_2.12-1.9.2.jar for tasks to queue
[2025-08-06T13:20:11.647+0000] {logging_mixin.py:154} INFO - [2025-08-06T13:20:11.647+0000] {dagbag.py:536} INFO - Filling up the DagBag from /opt/airflow/dags/dbt_main_project/jars/iceberg-spark-runtime-3.5_2.12-1.9.2.jar
[2025-08-06T13:20:11.925+0000] {processor.py:841} WARNING - No viable dags retrieved from /opt/airflow/dags/dbt_main_project/jars/iceberg-spark-runtime-3.5_2.12-1.9.2.jar
[2025-08-06T13:20:11.942+0000] {processor.py:179} INFO - Processing /opt/airflow/dags/dbt_main_project/jars/iceberg-spark-runtime-3.5_2.12-1.9.2.jar took 0.302 seconds
[2025-08-06T13:21:06.407+0000] {processor.py:157} INFO - Started process (PID=179) to work on /opt/airflow/dags/dbt_main_project/jars/iceberg-spark-runtime-3.5_2.12-1.9.2.jar
[2025-08-06T13:21:06.408+0000] {processor.py:829} INFO - Processing file /opt/airflow/dags/dbt_main_project/jars/iceberg-spark-runtime-3.5_2.12-1.9.2.jar for tasks to queue
[2025-08-06T13:21:06.411+0000] {logging_mixin.py:154} INFO - [2025-08-06T13:21:06.411+0000] {dagbag.py:536} INFO - Filling up the DagBag from /opt/airflow/dags/dbt_main_project/jars/iceberg-spark-runtime-3.5_2.12-1.9.2.jar
[2025-08-06T13:21:06.657+0000] {processor.py:841} WARNING - No viable dags retrieved from /opt/airflow/dags/dbt_main_project/jars/iceberg-spark-runtime-3.5_2.12-1.9.2.jar
[2025-08-06T13:21:06.673+0000] {processor.py:179} INFO - Processing /opt/airflow/dags/dbt_main_project/jars/iceberg-spark-runtime-3.5_2.12-1.9.2.jar took 0.270 seconds
[2025-08-06T13:21:41.154+0000] {processor.py:157} INFO - Started process (PID=203) to work on /opt/airflow/dags/dbt_main_project/jars/iceberg-spark-runtime-3.5_2.12-1.9.2.jar
[2025-08-06T13:21:41.156+0000] {processor.py:829} INFO - Processing file /opt/airflow/dags/dbt_main_project/jars/iceberg-spark-runtime-3.5_2.12-1.9.2.jar for tasks to queue
[2025-08-06T13:21:41.159+0000] {logging_mixin.py:154} INFO - [2025-08-06T13:21:41.159+0000] {dagbag.py:536} INFO - Filling up the DagBag from /opt/airflow/dags/dbt_main_project/jars/iceberg-spark-runtime-3.5_2.12-1.9.2.jar
[2025-08-06T13:21:41.431+0000] {processor.py:841} WARNING - No viable dags retrieved from /opt/airflow/dags/dbt_main_project/jars/iceberg-spark-runtime-3.5_2.12-1.9.2.jar
[2025-08-06T13:21:41.449+0000] {processor.py:179} INFO - Processing /opt/airflow/dags/dbt_main_project/jars/iceberg-spark-runtime-3.5_2.12-1.9.2.jar took 0.298 seconds
[2025-08-06T13:22:34.775+0000] {processor.py:157} INFO - Started process (PID=248) to work on /opt/airflow/dags/dbt_main_project/jars/iceberg-spark-runtime-3.5_2.12-1.9.2.jar
[2025-08-06T13:22:34.776+0000] {processor.py:829} INFO - Processing file /opt/airflow/dags/dbt_main_project/jars/iceberg-spark-runtime-3.5_2.12-1.9.2.jar for tasks to queue
[2025-08-06T13:22:34.778+0000] {logging_mixin.py:154} INFO - [2025-08-06T13:22:34.778+0000] {dagbag.py:536} INFO - Filling up the DagBag from /opt/airflow/dags/dbt_main_project/jars/iceberg-spark-runtime-3.5_2.12-1.9.2.jar
[2025-08-06T13:22:35.017+0000] {processor.py:841} WARNING - No viable dags retrieved from /opt/airflow/dags/dbt_main_project/jars/iceberg-spark-runtime-3.5_2.12-1.9.2.jar
[2025-08-06T13:22:35.034+0000] {processor.py:179} INFO - Processing /opt/airflow/dags/dbt_main_project/jars/iceberg-spark-runtime-3.5_2.12-1.9.2.jar took 0.263 seconds
[2025-08-06T13:23:09.560+0000] {processor.py:157} INFO - Started process (PID=274) to work on /opt/airflow/dags/dbt_main_project/jars/iceberg-spark-runtime-3.5_2.12-1.9.2.jar
[2025-08-06T13:23:09.561+0000] {processor.py:829} INFO - Processing file /opt/airflow/dags/dbt_main_project/jars/iceberg-spark-runtime-3.5_2.12-1.9.2.jar for tasks to queue
[2025-08-06T13:23:09.563+0000] {logging_mixin.py:154} INFO - [2025-08-06T13:23:09.563+0000] {dagbag.py:536} INFO - Filling up the DagBag from /opt/airflow/dags/dbt_main_project/jars/iceberg-spark-runtime-3.5_2.12-1.9.2.jar
[2025-08-06T13:23:09.985+0000] {processor.py:841} WARNING - No viable dags retrieved from /opt/airflow/dags/dbt_main_project/jars/iceberg-spark-runtime-3.5_2.12-1.9.2.jar
[2025-08-06T13:23:09.999+0000] {processor.py:179} INFO - Processing /opt/airflow/dags/dbt_main_project/jars/iceberg-spark-runtime-3.5_2.12-1.9.2.jar took 0.443 seconds
[2025-08-06T13:23:49.108+0000] {processor.py:157} INFO - Started process (PID=297) to work on /opt/airflow/dags/dbt_main_project/jars/iceberg-spark-runtime-3.5_2.12-1.9.2.jar
[2025-08-06T13:23:49.109+0000] {processor.py:829} INFO - Processing file /opt/airflow/dags/dbt_main_project/jars/iceberg-spark-runtime-3.5_2.12-1.9.2.jar for tasks to queue
[2025-08-06T13:23:49.112+0000] {logging_mixin.py:154} INFO - [2025-08-06T13:23:49.112+0000] {dagbag.py:536} INFO - Filling up the DagBag from /opt/airflow/dags/dbt_main_project/jars/iceberg-spark-runtime-3.5_2.12-1.9.2.jar
[2025-08-06T13:23:49.370+0000] {processor.py:841} WARNING - No viable dags retrieved from /opt/airflow/dags/dbt_main_project/jars/iceberg-spark-runtime-3.5_2.12-1.9.2.jar
[2025-08-06T13:23:49.384+0000] {processor.py:179} INFO - Processing /opt/airflow/dags/dbt_main_project/jars/iceberg-spark-runtime-3.5_2.12-1.9.2.jar took 0.280 seconds
[2025-08-06T13:24:42.546+0000] {processor.py:157} INFO - Started process (PID=324) to work on /opt/airflow/dags/dbt_main_project/jars/iceberg-spark-runtime-3.5_2.12-1.9.2.jar
[2025-08-06T13:24:42.547+0000] {processor.py:829} INFO - Processing file /opt/airflow/dags/dbt_main_project/jars/iceberg-spark-runtime-3.5_2.12-1.9.2.jar for tasks to queue
[2025-08-06T13:24:42.550+0000] {logging_mixin.py:154} INFO - [2025-08-06T13:24:42.550+0000] {dagbag.py:536} INFO - Filling up the DagBag from /opt/airflow/dags/dbt_main_project/jars/iceberg-spark-runtime-3.5_2.12-1.9.2.jar
[2025-08-06T13:24:42.774+0000] {processor.py:841} WARNING - No viable dags retrieved from /opt/airflow/dags/dbt_main_project/jars/iceberg-spark-runtime-3.5_2.12-1.9.2.jar
[2025-08-06T13:24:42.790+0000] {processor.py:179} INFO - Processing /opt/airflow/dags/dbt_main_project/jars/iceberg-spark-runtime-3.5_2.12-1.9.2.jar took 0.248 seconds
[2025-08-06T13:25:35.357+0000] {processor.py:157} INFO - Started process (PID=368) to work on /opt/airflow/dags/dbt_main_project/jars/iceberg-spark-runtime-3.5_2.12-1.9.2.jar
[2025-08-06T13:25:35.358+0000] {processor.py:829} INFO - Processing file /opt/airflow/dags/dbt_main_project/jars/iceberg-spark-runtime-3.5_2.12-1.9.2.jar for tasks to queue
[2025-08-06T13:25:35.361+0000] {logging_mixin.py:154} INFO - [2025-08-06T13:25:35.361+0000] {dagbag.py:536} INFO - Filling up the DagBag from /opt/airflow/dags/dbt_main_project/jars/iceberg-spark-runtime-3.5_2.12-1.9.2.jar
[2025-08-06T13:25:35.904+0000] {processor.py:841} WARNING - No viable dags retrieved from /opt/airflow/dags/dbt_main_project/jars/iceberg-spark-runtime-3.5_2.12-1.9.2.jar
[2025-08-06T13:25:35.917+0000] {processor.py:179} INFO - Processing /opt/airflow/dags/dbt_main_project/jars/iceberg-spark-runtime-3.5_2.12-1.9.2.jar took 0.564 seconds
[2025-08-06T13:26:10.249+0000] {processor.py:157} INFO - Started process (PID=394) to work on /opt/airflow/dags/dbt_main_project/jars/iceberg-spark-runtime-3.5_2.12-1.9.2.jar
[2025-08-06T13:26:10.250+0000] {processor.py:829} INFO - Processing file /opt/airflow/dags/dbt_main_project/jars/iceberg-spark-runtime-3.5_2.12-1.9.2.jar for tasks to queue
[2025-08-06T13:26:10.253+0000] {logging_mixin.py:154} INFO - [2025-08-06T13:26:10.253+0000] {dagbag.py:536} INFO - Filling up the DagBag from /opt/airflow/dags/dbt_main_project/jars/iceberg-spark-runtime-3.5_2.12-1.9.2.jar
[2025-08-06T13:26:10.477+0000] {processor.py:841} WARNING - No viable dags retrieved from /opt/airflow/dags/dbt_main_project/jars/iceberg-spark-runtime-3.5_2.12-1.9.2.jar
[2025-08-06T13:26:10.492+0000] {processor.py:179} INFO - Processing /opt/airflow/dags/dbt_main_project/jars/iceberg-spark-runtime-3.5_2.12-1.9.2.jar took 0.246 seconds
[2025-08-06T13:26:49.894+0000] {processor.py:157} INFO - Started process (PID=420) to work on /opt/airflow/dags/dbt_main_project/jars/iceberg-spark-runtime-3.5_2.12-1.9.2.jar
[2025-08-06T13:26:49.895+0000] {processor.py:829} INFO - Processing file /opt/airflow/dags/dbt_main_project/jars/iceberg-spark-runtime-3.5_2.12-1.9.2.jar for tasks to queue
[2025-08-06T13:26:49.897+0000] {logging_mixin.py:154} INFO - [2025-08-06T13:26:49.897+0000] {dagbag.py:536} INFO - Filling up the DagBag from /opt/airflow/dags/dbt_main_project/jars/iceberg-spark-runtime-3.5_2.12-1.9.2.jar
[2025-08-06T13:26:50.131+0000] {processor.py:841} WARNING - No viable dags retrieved from /opt/airflow/dags/dbt_main_project/jars/iceberg-spark-runtime-3.5_2.12-1.9.2.jar
[2025-08-06T13:26:50.147+0000] {processor.py:179} INFO - Processing /opt/airflow/dags/dbt_main_project/jars/iceberg-spark-runtime-3.5_2.12-1.9.2.jar took 0.257 seconds
[2025-08-06T13:27:24.432+0000] {processor.py:157} INFO - Started process (PID=444) to work on /opt/airflow/dags/dbt_main_project/jars/iceberg-spark-runtime-3.5_2.12-1.9.2.jar
[2025-08-06T13:27:24.433+0000] {processor.py:829} INFO - Processing file /opt/airflow/dags/dbt_main_project/jars/iceberg-spark-runtime-3.5_2.12-1.9.2.jar for tasks to queue
[2025-08-06T13:27:24.438+0000] {logging_mixin.py:154} INFO - [2025-08-06T13:27:24.437+0000] {dagbag.py:536} INFO - Filling up the DagBag from /opt/airflow/dags/dbt_main_project/jars/iceberg-spark-runtime-3.5_2.12-1.9.2.jar
[2025-08-06T13:27:24.698+0000] {processor.py:841} WARNING - No viable dags retrieved from /opt/airflow/dags/dbt_main_project/jars/iceberg-spark-runtime-3.5_2.12-1.9.2.jar
[2025-08-06T13:27:24.718+0000] {processor.py:179} INFO - Processing /opt/airflow/dags/dbt_main_project/jars/iceberg-spark-runtime-3.5_2.12-1.9.2.jar took 0.290 seconds
[2025-08-06T13:28:19.016+0000] {processor.py:157} INFO - Started process (PID=490) to work on /opt/airflow/dags/dbt_main_project/jars/iceberg-spark-runtime-3.5_2.12-1.9.2.jar
[2025-08-06T13:28:19.017+0000] {processor.py:829} INFO - Processing file /opt/airflow/dags/dbt_main_project/jars/iceberg-spark-runtime-3.5_2.12-1.9.2.jar for tasks to queue
[2025-08-06T13:28:19.020+0000] {logging_mixin.py:154} INFO - [2025-08-06T13:28:19.020+0000] {dagbag.py:536} INFO - Filling up the DagBag from /opt/airflow/dags/dbt_main_project/jars/iceberg-spark-runtime-3.5_2.12-1.9.2.jar
[2025-08-06T13:28:19.466+0000] {processor.py:841} WARNING - No viable dags retrieved from /opt/airflow/dags/dbt_main_project/jars/iceberg-spark-runtime-3.5_2.12-1.9.2.jar
[2025-08-06T13:28:19.478+0000] {processor.py:179} INFO - Processing /opt/airflow/dags/dbt_main_project/jars/iceberg-spark-runtime-3.5_2.12-1.9.2.jar took 0.466 seconds
[2025-08-06T13:29:16.783+0000] {processor.py:157} INFO - Started process (PID=534) to work on /opt/airflow/dags/dbt_main_project/jars/iceberg-spark-runtime-3.5_2.12-1.9.2.jar
[2025-08-06T13:29:16.784+0000] {processor.py:829} INFO - Processing file /opt/airflow/dags/dbt_main_project/jars/iceberg-spark-runtime-3.5_2.12-1.9.2.jar for tasks to queue
[2025-08-06T13:29:16.787+0000] {logging_mixin.py:154} INFO - [2025-08-06T13:29:16.786+0000] {dagbag.py:536} INFO - Filling up the DagBag from /opt/airflow/dags/dbt_main_project/jars/iceberg-spark-runtime-3.5_2.12-1.9.2.jar
[2025-08-06T13:29:17.016+0000] {processor.py:841} WARNING - No viable dags retrieved from /opt/airflow/dags/dbt_main_project/jars/iceberg-spark-runtime-3.5_2.12-1.9.2.jar
[2025-08-06T13:29:17.031+0000] {processor.py:179} INFO - Processing /opt/airflow/dags/dbt_main_project/jars/iceberg-spark-runtime-3.5_2.12-1.9.2.jar took 0.251 seconds
[2025-08-06T13:29:58.366+0000] {processor.py:157} INFO - Started process (PID=560) to work on /opt/airflow/dags/dbt_main_project/jars/iceberg-spark-runtime-3.5_2.12-1.9.2.jar
[2025-08-06T13:29:58.367+0000] {processor.py:829} INFO - Processing file /opt/airflow/dags/dbt_main_project/jars/iceberg-spark-runtime-3.5_2.12-1.9.2.jar for tasks to queue
[2025-08-06T13:29:58.370+0000] {logging_mixin.py:154} INFO - [2025-08-06T13:29:58.370+0000] {dagbag.py:536} INFO - Filling up the DagBag from /opt/airflow/dags/dbt_main_project/jars/iceberg-spark-runtime-3.5_2.12-1.9.2.jar
[2025-08-06T13:29:58.601+0000] {processor.py:841} WARNING - No viable dags retrieved from /opt/airflow/dags/dbt_main_project/jars/iceberg-spark-runtime-3.5_2.12-1.9.2.jar
[2025-08-06T13:29:58.617+0000] {processor.py:179} INFO - Processing /opt/airflow/dags/dbt_main_project/jars/iceberg-spark-runtime-3.5_2.12-1.9.2.jar took 0.255 seconds
[2025-08-06T13:30:32.883+0000] {processor.py:157} INFO - Started process (PID=584) to work on /opt/airflow/dags/dbt_main_project/jars/iceberg-spark-runtime-3.5_2.12-1.9.2.jar
[2025-08-06T13:30:32.885+0000] {processor.py:829} INFO - Processing file /opt/airflow/dags/dbt_main_project/jars/iceberg-spark-runtime-3.5_2.12-1.9.2.jar for tasks to queue
[2025-08-06T13:30:32.888+0000] {logging_mixin.py:154} INFO - [2025-08-06T13:30:32.888+0000] {dagbag.py:536} INFO - Filling up the DagBag from /opt/airflow/dags/dbt_main_project/jars/iceberg-spark-runtime-3.5_2.12-1.9.2.jar
[2025-08-06T13:30:33.377+0000] {processor.py:841} WARNING - No viable dags retrieved from /opt/airflow/dags/dbt_main_project/jars/iceberg-spark-runtime-3.5_2.12-1.9.2.jar
[2025-08-06T13:30:33.393+0000] {processor.py:179} INFO - Processing /opt/airflow/dags/dbt_main_project/jars/iceberg-spark-runtime-3.5_2.12-1.9.2.jar took 0.513 seconds
[2025-08-06T13:31:26.164+0000] {processor.py:157} INFO - Started process (PID=611) to work on /opt/airflow/dags/dbt_main_project/jars/iceberg-spark-runtime-3.5_2.12-1.9.2.jar
[2025-08-06T13:31:26.166+0000] {processor.py:829} INFO - Processing file /opt/airflow/dags/dbt_main_project/jars/iceberg-spark-runtime-3.5_2.12-1.9.2.jar for tasks to queue
[2025-08-06T13:31:26.169+0000] {logging_mixin.py:154} INFO - [2025-08-06T13:31:26.169+0000] {dagbag.py:536} INFO - Filling up the DagBag from /opt/airflow/dags/dbt_main_project/jars/iceberg-spark-runtime-3.5_2.12-1.9.2.jar
[2025-08-06T13:31:26.469+0000] {processor.py:841} WARNING - No viable dags retrieved from /opt/airflow/dags/dbt_main_project/jars/iceberg-spark-runtime-3.5_2.12-1.9.2.jar
[2025-08-06T13:31:26.486+0000] {processor.py:179} INFO - Processing /opt/airflow/dags/dbt_main_project/jars/iceberg-spark-runtime-3.5_2.12-1.9.2.jar took 0.326 seconds
[2025-08-06T13:32:01.785+0000] {processor.py:157} INFO - Started process (PID=645) to work on /opt/airflow/dags/dbt_main_project/jars/iceberg-spark-runtime-3.5_2.12-1.9.2.jar
[2025-08-06T13:32:01.787+0000] {processor.py:829} INFO - Processing file /opt/airflow/dags/dbt_main_project/jars/iceberg-spark-runtime-3.5_2.12-1.9.2.jar for tasks to queue
[2025-08-06T13:32:01.792+0000] {logging_mixin.py:154} INFO - [2025-08-06T13:32:01.791+0000] {dagbag.py:536} INFO - Filling up the DagBag from /opt/airflow/dags/dbt_main_project/jars/iceberg-spark-runtime-3.5_2.12-1.9.2.jar
[2025-08-06T13:32:02.116+0000] {processor.py:841} WARNING - No viable dags retrieved from /opt/airflow/dags/dbt_main_project/jars/iceberg-spark-runtime-3.5_2.12-1.9.2.jar
[2025-08-06T13:32:02.145+0000] {processor.py:179} INFO - Processing /opt/airflow/dags/dbt_main_project/jars/iceberg-spark-runtime-3.5_2.12-1.9.2.jar took 0.364 seconds
[2025-08-06T13:32:44.236+0000] {processor.py:157} INFO - Started process (PID=681) to work on /opt/airflow/dags/dbt_main_project/jars/iceberg-spark-runtime-3.5_2.12-1.9.2.jar
[2025-08-06T13:32:44.237+0000] {processor.py:829} INFO - Processing file /opt/airflow/dags/dbt_main_project/jars/iceberg-spark-runtime-3.5_2.12-1.9.2.jar for tasks to queue
[2025-08-06T13:32:44.240+0000] {logging_mixin.py:154} INFO - [2025-08-06T13:32:44.239+0000] {dagbag.py:536} INFO - Filling up the DagBag from /opt/airflow/dags/dbt_main_project/jars/iceberg-spark-runtime-3.5_2.12-1.9.2.jar
[2025-08-06T13:32:44.458+0000] {processor.py:841} WARNING - No viable dags retrieved from /opt/airflow/dags/dbt_main_project/jars/iceberg-spark-runtime-3.5_2.12-1.9.2.jar
[2025-08-06T13:32:44.475+0000] {processor.py:179} INFO - Processing /opt/airflow/dags/dbt_main_project/jars/iceberg-spark-runtime-3.5_2.12-1.9.2.jar took 0.242 seconds
[2025-08-06T13:34:00.806+0000] {processor.py:157} INFO - Started process (PID=727) to work on /opt/airflow/dags/dbt_main_project/jars/iceberg-spark-runtime-3.5_2.12-1.9.2.jar
[2025-08-06T13:34:00.807+0000] {processor.py:829} INFO - Processing file /opt/airflow/dags/dbt_main_project/jars/iceberg-spark-runtime-3.5_2.12-1.9.2.jar for tasks to queue
[2025-08-06T13:34:00.809+0000] {logging_mixin.py:154} INFO - [2025-08-06T13:34:00.809+0000] {dagbag.py:536} INFO - Filling up the DagBag from /opt/airflow/dags/dbt_main_project/jars/iceberg-spark-runtime-3.5_2.12-1.9.2.jar
[2025-08-06T13:34:01.038+0000] {processor.py:841} WARNING - No viable dags retrieved from /opt/airflow/dags/dbt_main_project/jars/iceberg-spark-runtime-3.5_2.12-1.9.2.jar
[2025-08-06T13:34:01.053+0000] {processor.py:179} INFO - Processing /opt/airflow/dags/dbt_main_project/jars/iceberg-spark-runtime-3.5_2.12-1.9.2.jar took 0.251 seconds
[2025-08-06T13:34:53.373+0000] {processor.py:157} INFO - Started process (PID=771) to work on /opt/airflow/dags/dbt_main_project/jars/iceberg-spark-runtime-3.5_2.12-1.9.2.jar
[2025-08-06T13:34:53.374+0000] {processor.py:829} INFO - Processing file /opt/airflow/dags/dbt_main_project/jars/iceberg-spark-runtime-3.5_2.12-1.9.2.jar for tasks to queue
[2025-08-06T13:34:53.377+0000] {logging_mixin.py:154} INFO - [2025-08-06T13:34:53.377+0000] {dagbag.py:536} INFO - Filling up the DagBag from /opt/airflow/dags/dbt_main_project/jars/iceberg-spark-runtime-3.5_2.12-1.9.2.jar
[2025-08-06T13:34:53.664+0000] {processor.py:841} WARNING - No viable dags retrieved from /opt/airflow/dags/dbt_main_project/jars/iceberg-spark-runtime-3.5_2.12-1.9.2.jar
[2025-08-06T13:34:53.686+0000] {processor.py:179} INFO - Processing /opt/airflow/dags/dbt_main_project/jars/iceberg-spark-runtime-3.5_2.12-1.9.2.jar took 0.317 seconds
[2025-08-06T13:35:47.211+0000] {processor.py:157} INFO - Started process (PID=796) to work on /opt/airflow/dags/dbt_main_project/jars/iceberg-spark-runtime-3.5_2.12-1.9.2.jar
[2025-08-06T13:35:47.212+0000] {processor.py:829} INFO - Processing file /opt/airflow/dags/dbt_main_project/jars/iceberg-spark-runtime-3.5_2.12-1.9.2.jar for tasks to queue
[2025-08-06T13:35:47.216+0000] {logging_mixin.py:154} INFO - [2025-08-06T13:35:47.215+0000] {dagbag.py:536} INFO - Filling up the DagBag from /opt/airflow/dags/dbt_main_project/jars/iceberg-spark-runtime-3.5_2.12-1.9.2.jar
[2025-08-06T13:35:47.546+0000] {processor.py:841} WARNING - No viable dags retrieved from /opt/airflow/dags/dbt_main_project/jars/iceberg-spark-runtime-3.5_2.12-1.9.2.jar
[2025-08-06T13:35:47.570+0000] {processor.py:179} INFO - Processing /opt/airflow/dags/dbt_main_project/jars/iceberg-spark-runtime-3.5_2.12-1.9.2.jar took 0.363 seconds
[2025-08-06T13:36:39.417+0000] {processor.py:157} INFO - Started process (PID=841) to work on /opt/airflow/dags/dbt_main_project/jars/iceberg-spark-runtime-3.5_2.12-1.9.2.jar
[2025-08-06T13:36:39.419+0000] {processor.py:829} INFO - Processing file /opt/airflow/dags/dbt_main_project/jars/iceberg-spark-runtime-3.5_2.12-1.9.2.jar for tasks to queue
[2025-08-06T13:36:39.422+0000] {logging_mixin.py:154} INFO - [2025-08-06T13:36:39.422+0000] {dagbag.py:536} INFO - Filling up the DagBag from /opt/airflow/dags/dbt_main_project/jars/iceberg-spark-runtime-3.5_2.12-1.9.2.jar
[2025-08-06T13:36:39.702+0000] {processor.py:841} WARNING - No viable dags retrieved from /opt/airflow/dags/dbt_main_project/jars/iceberg-spark-runtime-3.5_2.12-1.9.2.jar
[2025-08-06T13:36:39.722+0000] {processor.py:179} INFO - Processing /opt/airflow/dags/dbt_main_project/jars/iceberg-spark-runtime-3.5_2.12-1.9.2.jar took 0.309 seconds
[2025-08-06T13:37:30.948+0000] {processor.py:157} INFO - Started process (PID=866) to work on /opt/airflow/dags/dbt_main_project/jars/iceberg-spark-runtime-3.5_2.12-1.9.2.jar
[2025-08-06T13:37:30.949+0000] {processor.py:829} INFO - Processing file /opt/airflow/dags/dbt_main_project/jars/iceberg-spark-runtime-3.5_2.12-1.9.2.jar for tasks to queue
[2025-08-06T13:37:30.952+0000] {logging_mixin.py:154} INFO - [2025-08-06T13:37:30.952+0000] {dagbag.py:536} INFO - Filling up the DagBag from /opt/airflow/dags/dbt_main_project/jars/iceberg-spark-runtime-3.5_2.12-1.9.2.jar
[2025-08-06T13:37:31.211+0000] {processor.py:841} WARNING - No viable dags retrieved from /opt/airflow/dags/dbt_main_project/jars/iceberg-spark-runtime-3.5_2.12-1.9.2.jar
[2025-08-06T13:37:31.231+0000] {processor.py:179} INFO - Processing /opt/airflow/dags/dbt_main_project/jars/iceberg-spark-runtime-3.5_2.12-1.9.2.jar took 0.287 seconds
[2025-08-06T13:38:22.353+0000] {processor.py:157} INFO - Started process (PID=910) to work on /opt/airflow/dags/dbt_main_project/jars/iceberg-spark-runtime-3.5_2.12-1.9.2.jar
[2025-08-06T13:38:22.354+0000] {processor.py:829} INFO - Processing file /opt/airflow/dags/dbt_main_project/jars/iceberg-spark-runtime-3.5_2.12-1.9.2.jar for tasks to queue
[2025-08-06T13:38:22.357+0000] {logging_mixin.py:154} INFO - [2025-08-06T13:38:22.357+0000] {dagbag.py:536} INFO - Filling up the DagBag from /opt/airflow/dags/dbt_main_project/jars/iceberg-spark-runtime-3.5_2.12-1.9.2.jar
[2025-08-06T13:38:22.605+0000] {processor.py:841} WARNING - No viable dags retrieved from /opt/airflow/dags/dbt_main_project/jars/iceberg-spark-runtime-3.5_2.12-1.9.2.jar
[2025-08-06T13:38:22.620+0000] {processor.py:179} INFO - Processing /opt/airflow/dags/dbt_main_project/jars/iceberg-spark-runtime-3.5_2.12-1.9.2.jar took 0.271 seconds
[2025-08-06T13:39:03.606+0000] {processor.py:157} INFO - Started process (PID=935) to work on /opt/airflow/dags/dbt_main_project/jars/iceberg-spark-runtime-3.5_2.12-1.9.2.jar
[2025-08-06T13:39:03.607+0000] {processor.py:829} INFO - Processing file /opt/airflow/dags/dbt_main_project/jars/iceberg-spark-runtime-3.5_2.12-1.9.2.jar for tasks to queue
[2025-08-06T13:39:03.610+0000] {logging_mixin.py:154} INFO - [2025-08-06T13:39:03.610+0000] {dagbag.py:536} INFO - Filling up the DagBag from /opt/airflow/dags/dbt_main_project/jars/iceberg-spark-runtime-3.5_2.12-1.9.2.jar
[2025-08-06T13:39:03.872+0000] {processor.py:841} WARNING - No viable dags retrieved from /opt/airflow/dags/dbt_main_project/jars/iceberg-spark-runtime-3.5_2.12-1.9.2.jar
[2025-08-06T13:39:03.891+0000] {processor.py:179} INFO - Processing /opt/airflow/dags/dbt_main_project/jars/iceberg-spark-runtime-3.5_2.12-1.9.2.jar took 0.289 seconds
[2025-08-06T13:39:59.377+0000] {processor.py:157} INFO - Started process (PID=981) to work on /opt/airflow/dags/dbt_main_project/jars/iceberg-spark-runtime-3.5_2.12-1.9.2.jar
[2025-08-06T13:39:59.379+0000] {processor.py:829} INFO - Processing file /opt/airflow/dags/dbt_main_project/jars/iceberg-spark-runtime-3.5_2.12-1.9.2.jar for tasks to queue
[2025-08-06T13:39:59.382+0000] {logging_mixin.py:154} INFO - [2025-08-06T13:39:59.382+0000] {dagbag.py:536} INFO - Filling up the DagBag from /opt/airflow/dags/dbt_main_project/jars/iceberg-spark-runtime-3.5_2.12-1.9.2.jar
[2025-08-06T13:39:59.659+0000] {processor.py:841} WARNING - No viable dags retrieved from /opt/airflow/dags/dbt_main_project/jars/iceberg-spark-runtime-3.5_2.12-1.9.2.jar
[2025-08-06T13:39:59.675+0000] {processor.py:179} INFO - Processing /opt/airflow/dags/dbt_main_project/jars/iceberg-spark-runtime-3.5_2.12-1.9.2.jar took 0.301 seconds
[2025-08-06T13:40:52.895+0000] {processor.py:157} INFO - Started process (PID=1007) to work on /opt/airflow/dags/dbt_main_project/jars/iceberg-spark-runtime-3.5_2.12-1.9.2.jar
[2025-08-06T13:40:52.896+0000] {processor.py:829} INFO - Processing file /opt/airflow/dags/dbt_main_project/jars/iceberg-spark-runtime-3.5_2.12-1.9.2.jar for tasks to queue
[2025-08-06T13:40:52.900+0000] {logging_mixin.py:154} INFO - [2025-08-06T13:40:52.899+0000] {dagbag.py:536} INFO - Filling up the DagBag from /opt/airflow/dags/dbt_main_project/jars/iceberg-spark-runtime-3.5_2.12-1.9.2.jar
[2025-08-06T13:40:53.145+0000] {processor.py:841} WARNING - No viable dags retrieved from /opt/airflow/dags/dbt_main_project/jars/iceberg-spark-runtime-3.5_2.12-1.9.2.jar
[2025-08-06T13:40:53.160+0000] {processor.py:179} INFO - Processing /opt/airflow/dags/dbt_main_project/jars/iceberg-spark-runtime-3.5_2.12-1.9.2.jar took 0.268 seconds
[2025-08-06T13:41:27.268+0000] {processor.py:157} INFO - Started process (PID=1032) to work on /opt/airflow/dags/dbt_main_project/jars/iceberg-spark-runtime-3.5_2.12-1.9.2.jar
[2025-08-06T13:41:27.269+0000] {processor.py:829} INFO - Processing file /opt/airflow/dags/dbt_main_project/jars/iceberg-spark-runtime-3.5_2.12-1.9.2.jar for tasks to queue
[2025-08-06T13:41:27.272+0000] {logging_mixin.py:154} INFO - [2025-08-06T13:41:27.271+0000] {dagbag.py:536} INFO - Filling up the DagBag from /opt/airflow/dags/dbt_main_project/jars/iceberg-spark-runtime-3.5_2.12-1.9.2.jar
[2025-08-06T13:41:27.523+0000] {processor.py:841} WARNING - No viable dags retrieved from /opt/airflow/dags/dbt_main_project/jars/iceberg-spark-runtime-3.5_2.12-1.9.2.jar
[2025-08-06T13:41:27.540+0000] {processor.py:179} INFO - Processing /opt/airflow/dags/dbt_main_project/jars/iceberg-spark-runtime-3.5_2.12-1.9.2.jar took 0.276 seconds
[2025-08-06T13:42:06.076+0000] {processor.py:157} INFO - Started process (PID=1057) to work on /opt/airflow/dags/dbt_main_project/jars/iceberg-spark-runtime-3.5_2.12-1.9.2.jar
[2025-08-06T13:42:06.077+0000] {processor.py:829} INFO - Processing file /opt/airflow/dags/dbt_main_project/jars/iceberg-spark-runtime-3.5_2.12-1.9.2.jar for tasks to queue
[2025-08-06T13:42:06.080+0000] {logging_mixin.py:154} INFO - [2025-08-06T13:42:06.080+0000] {dagbag.py:536} INFO - Filling up the DagBag from /opt/airflow/dags/dbt_main_project/jars/iceberg-spark-runtime-3.5_2.12-1.9.2.jar
[2025-08-06T13:42:06.538+0000] {processor.py:841} WARNING - No viable dags retrieved from /opt/airflow/dags/dbt_main_project/jars/iceberg-spark-runtime-3.5_2.12-1.9.2.jar
[2025-08-06T13:42:06.554+0000] {processor.py:179} INFO - Processing /opt/airflow/dags/dbt_main_project/jars/iceberg-spark-runtime-3.5_2.12-1.9.2.jar took 0.481 seconds
[2025-08-06T13:42:41.387+0000] {processor.py:157} INFO - Started process (PID=1088) to work on /opt/airflow/dags/dbt_main_project/jars/iceberg-spark-runtime-3.5_2.12-1.9.2.jar
[2025-08-06T13:42:41.389+0000] {processor.py:829} INFO - Processing file /opt/airflow/dags/dbt_main_project/jars/iceberg-spark-runtime-3.5_2.12-1.9.2.jar for tasks to queue
[2025-08-06T13:42:41.393+0000] {logging_mixin.py:154} INFO - [2025-08-06T13:42:41.392+0000] {dagbag.py:536} INFO - Filling up the DagBag from /opt/airflow/dags/dbt_main_project/jars/iceberg-spark-runtime-3.5_2.12-1.9.2.jar
[2025-08-06T13:42:41.680+0000] {processor.py:841} WARNING - No viable dags retrieved from /opt/airflow/dags/dbt_main_project/jars/iceberg-spark-runtime-3.5_2.12-1.9.2.jar
[2025-08-06T13:42:41.703+0000] {processor.py:179} INFO - Processing /opt/airflow/dags/dbt_main_project/jars/iceberg-spark-runtime-3.5_2.12-1.9.2.jar took 0.321 seconds
[2025-08-06T13:51:42.212+0000] {processor.py:157} INFO - Started process (PID=85) to work on /opt/airflow/dags/dbt_main_project/jars/iceberg-spark-runtime-3.5_2.12-1.9.2.jar
[2025-08-06T13:51:42.213+0000] {processor.py:829} INFO - Processing file /opt/airflow/dags/dbt_main_project/jars/iceberg-spark-runtime-3.5_2.12-1.9.2.jar for tasks to queue
[2025-08-06T13:51:42.216+0000] {logging_mixin.py:154} INFO - [2025-08-06T13:51:42.216+0000] {dagbag.py:536} INFO - Filling up the DagBag from /opt/airflow/dags/dbt_main_project/jars/iceberg-spark-runtime-3.5_2.12-1.9.2.jar
[2025-08-06T13:51:42.439+0000] {processor.py:841} WARNING - No viable dags retrieved from /opt/airflow/dags/dbt_main_project/jars/iceberg-spark-runtime-3.5_2.12-1.9.2.jar
[2025-08-06T13:51:42.455+0000] {processor.py:179} INFO - Processing /opt/airflow/dags/dbt_main_project/jars/iceberg-spark-runtime-3.5_2.12-1.9.2.jar took 0.247 seconds
[2025-08-06T13:52:18.844+0000] {processor.py:157} INFO - Started process (PID=109) to work on /opt/airflow/dags/dbt_main_project/jars/iceberg-spark-runtime-3.5_2.12-1.9.2.jar
[2025-08-06T13:52:18.846+0000] {processor.py:829} INFO - Processing file /opt/airflow/dags/dbt_main_project/jars/iceberg-spark-runtime-3.5_2.12-1.9.2.jar for tasks to queue
[2025-08-06T13:52:18.850+0000] {logging_mixin.py:154} INFO - [2025-08-06T13:52:18.850+0000] {dagbag.py:536} INFO - Filling up the DagBag from /opt/airflow/dags/dbt_main_project/jars/iceberg-spark-runtime-3.5_2.12-1.9.2.jar
[2025-08-06T13:52:19.203+0000] {processor.py:841} WARNING - No viable dags retrieved from /opt/airflow/dags/dbt_main_project/jars/iceberg-spark-runtime-3.5_2.12-1.9.2.jar
[2025-08-06T13:52:19.220+0000] {processor.py:179} INFO - Processing /opt/airflow/dags/dbt_main_project/jars/iceberg-spark-runtime-3.5_2.12-1.9.2.jar took 0.381 seconds
[2025-08-06T13:52:58.913+0000] {processor.py:157} INFO - Started process (PID=134) to work on /opt/airflow/dags/dbt_main_project/jars/iceberg-spark-runtime-3.5_2.12-1.9.2.jar
[2025-08-06T13:52:58.914+0000] {processor.py:829} INFO - Processing file /opt/airflow/dags/dbt_main_project/jars/iceberg-spark-runtime-3.5_2.12-1.9.2.jar for tasks to queue
[2025-08-06T13:52:58.917+0000] {logging_mixin.py:154} INFO - [2025-08-06T13:52:58.916+0000] {dagbag.py:536} INFO - Filling up the DagBag from /opt/airflow/dags/dbt_main_project/jars/iceberg-spark-runtime-3.5_2.12-1.9.2.jar
[2025-08-06T13:52:59.147+0000] {processor.py:841} WARNING - No viable dags retrieved from /opt/airflow/dags/dbt_main_project/jars/iceberg-spark-runtime-3.5_2.12-1.9.2.jar
[2025-08-06T13:52:59.162+0000] {processor.py:179} INFO - Processing /opt/airflow/dags/dbt_main_project/jars/iceberg-spark-runtime-3.5_2.12-1.9.2.jar took 0.253 seconds
[2025-08-06T13:53:33.442+0000] {processor.py:157} INFO - Started process (PID=158) to work on /opt/airflow/dags/dbt_main_project/jars/iceberg-spark-runtime-3.5_2.12-1.9.2.jar
[2025-08-06T13:53:33.444+0000] {processor.py:829} INFO - Processing file /opt/airflow/dags/dbt_main_project/jars/iceberg-spark-runtime-3.5_2.12-1.9.2.jar for tasks to queue
[2025-08-06T13:53:33.447+0000] {logging_mixin.py:154} INFO - [2025-08-06T13:53:33.447+0000] {dagbag.py:536} INFO - Filling up the DagBag from /opt/airflow/dags/dbt_main_project/jars/iceberg-spark-runtime-3.5_2.12-1.9.2.jar
[2025-08-06T13:53:33.701+0000] {processor.py:841} WARNING - No viable dags retrieved from /opt/airflow/dags/dbt_main_project/jars/iceberg-spark-runtime-3.5_2.12-1.9.2.jar
[2025-08-06T13:53:33.717+0000] {processor.py:179} INFO - Processing /opt/airflow/dags/dbt_main_project/jars/iceberg-spark-runtime-3.5_2.12-1.9.2.jar took 0.278 seconds
[2025-08-06T13:54:28.723+0000] {processor.py:157} INFO - Started process (PID=205) to work on /opt/airflow/dags/dbt_main_project/jars/iceberg-spark-runtime-3.5_2.12-1.9.2.jar
[2025-08-06T13:54:28.724+0000] {processor.py:829} INFO - Processing file /opt/airflow/dags/dbt_main_project/jars/iceberg-spark-runtime-3.5_2.12-1.9.2.jar for tasks to queue
[2025-08-06T13:54:28.727+0000] {logging_mixin.py:154} INFO - [2025-08-06T13:54:28.727+0000] {dagbag.py:536} INFO - Filling up the DagBag from /opt/airflow/dags/dbt_main_project/jars/iceberg-spark-runtime-3.5_2.12-1.9.2.jar
[2025-08-06T13:54:28.967+0000] {processor.py:841} WARNING - No viable dags retrieved from /opt/airflow/dags/dbt_main_project/jars/iceberg-spark-runtime-3.5_2.12-1.9.2.jar
[2025-08-06T13:54:28.987+0000] {processor.py:179} INFO - Processing /opt/airflow/dags/dbt_main_project/jars/iceberg-spark-runtime-3.5_2.12-1.9.2.jar took 0.267 seconds
[2025-08-06T13:55:23.774+0000] {processor.py:157} INFO - Started process (PID=250) to work on /opt/airflow/dags/dbt_main_project/jars/iceberg-spark-runtime-3.5_2.12-1.9.2.jar
[2025-08-06T13:55:23.775+0000] {processor.py:829} INFO - Processing file /opt/airflow/dags/dbt_main_project/jars/iceberg-spark-runtime-3.5_2.12-1.9.2.jar for tasks to queue
[2025-08-06T13:55:23.778+0000] {logging_mixin.py:154} INFO - [2025-08-06T13:55:23.778+0000] {dagbag.py:536} INFO - Filling up the DagBag from /opt/airflow/dags/dbt_main_project/jars/iceberg-spark-runtime-3.5_2.12-1.9.2.jar
[2025-08-06T13:55:24.017+0000] {processor.py:841} WARNING - No viable dags retrieved from /opt/airflow/dags/dbt_main_project/jars/iceberg-spark-runtime-3.5_2.12-1.9.2.jar
[2025-08-06T13:55:24.032+0000] {processor.py:179} INFO - Processing /opt/airflow/dags/dbt_main_project/jars/iceberg-spark-runtime-3.5_2.12-1.9.2.jar took 0.262 seconds
[2025-08-06T13:55:58.288+0000] {processor.py:157} INFO - Started process (PID=275) to work on /opt/airflow/dags/dbt_main_project/jars/iceberg-spark-runtime-3.5_2.12-1.9.2.jar
[2025-08-06T13:55:58.289+0000] {processor.py:829} INFO - Processing file /opt/airflow/dags/dbt_main_project/jars/iceberg-spark-runtime-3.5_2.12-1.9.2.jar for tasks to queue
[2025-08-06T13:55:58.291+0000] {logging_mixin.py:154} INFO - [2025-08-06T13:55:58.291+0000] {dagbag.py:536} INFO - Filling up the DagBag from /opt/airflow/dags/dbt_main_project/jars/iceberg-spark-runtime-3.5_2.12-1.9.2.jar
[2025-08-06T13:55:58.727+0000] {processor.py:841} WARNING - No viable dags retrieved from /opt/airflow/dags/dbt_main_project/jars/iceberg-spark-runtime-3.5_2.12-1.9.2.jar
[2025-08-06T13:55:58.742+0000] {processor.py:179} INFO - Processing /opt/airflow/dags/dbt_main_project/jars/iceberg-spark-runtime-3.5_2.12-1.9.2.jar took 0.458 seconds
[2025-08-06T13:56:33.190+0000] {processor.py:157} INFO - Started process (PID=299) to work on /opt/airflow/dags/dbt_main_project/jars/iceberg-spark-runtime-3.5_2.12-1.9.2.jar
[2025-08-06T13:56:33.192+0000] {processor.py:829} INFO - Processing file /opt/airflow/dags/dbt_main_project/jars/iceberg-spark-runtime-3.5_2.12-1.9.2.jar for tasks to queue
[2025-08-06T13:56:33.194+0000] {logging_mixin.py:154} INFO - [2025-08-06T13:56:33.194+0000] {dagbag.py:536} INFO - Filling up the DagBag from /opt/airflow/dags/dbt_main_project/jars/iceberg-spark-runtime-3.5_2.12-1.9.2.jar
[2025-08-06T13:56:33.424+0000] {processor.py:841} WARNING - No viable dags retrieved from /opt/airflow/dags/dbt_main_project/jars/iceberg-spark-runtime-3.5_2.12-1.9.2.jar
[2025-08-06T13:56:33.440+0000] {processor.py:179} INFO - Processing /opt/airflow/dags/dbt_main_project/jars/iceberg-spark-runtime-3.5_2.12-1.9.2.jar took 0.253 seconds
[2025-08-06T13:57:27.467+0000] {processor.py:157} INFO - Started process (PID=326) to work on /opt/airflow/dags/dbt_main_project/jars/iceberg-spark-runtime-3.5_2.12-1.9.2.jar
[2025-08-06T13:57:27.468+0000] {processor.py:829} INFO - Processing file /opt/airflow/dags/dbt_main_project/jars/iceberg-spark-runtime-3.5_2.12-1.9.2.jar for tasks to queue
[2025-08-06T13:57:27.471+0000] {logging_mixin.py:154} INFO - [2025-08-06T13:57:27.470+0000] {dagbag.py:536} INFO - Filling up the DagBag from /opt/airflow/dags/dbt_main_project/jars/iceberg-spark-runtime-3.5_2.12-1.9.2.jar
[2025-08-06T13:57:27.786+0000] {processor.py:841} WARNING - No viable dags retrieved from /opt/airflow/dags/dbt_main_project/jars/iceberg-spark-runtime-3.5_2.12-1.9.2.jar
[2025-08-06T13:57:27.806+0000] {processor.py:179} INFO - Processing /opt/airflow/dags/dbt_main_project/jars/iceberg-spark-runtime-3.5_2.12-1.9.2.jar took 0.343 seconds
[2025-08-06T13:58:22.754+0000] {processor.py:157} INFO - Started process (PID=370) to work on /opt/airflow/dags/dbt_main_project/jars/iceberg-spark-runtime-3.5_2.12-1.9.2.jar
[2025-08-06T13:58:22.756+0000] {processor.py:829} INFO - Processing file /opt/airflow/dags/dbt_main_project/jars/iceberg-spark-runtime-3.5_2.12-1.9.2.jar for tasks to queue
[2025-08-06T13:58:22.759+0000] {logging_mixin.py:154} INFO - [2025-08-06T13:58:22.759+0000] {dagbag.py:536} INFO - Filling up the DagBag from /opt/airflow/dags/dbt_main_project/jars/iceberg-spark-runtime-3.5_2.12-1.9.2.jar
[2025-08-06T13:58:23.241+0000] {processor.py:841} WARNING - No viable dags retrieved from /opt/airflow/dags/dbt_main_project/jars/iceberg-spark-runtime-3.5_2.12-1.9.2.jar
[2025-08-06T13:58:23.255+0000] {processor.py:179} INFO - Processing /opt/airflow/dags/dbt_main_project/jars/iceberg-spark-runtime-3.5_2.12-1.9.2.jar took 0.504 seconds
[2025-08-06T13:58:57.433+0000] {processor.py:157} INFO - Started process (PID=395) to work on /opt/airflow/dags/dbt_main_project/jars/iceberg-spark-runtime-3.5_2.12-1.9.2.jar
[2025-08-06T13:58:57.434+0000] {processor.py:829} INFO - Processing file /opt/airflow/dags/dbt_main_project/jars/iceberg-spark-runtime-3.5_2.12-1.9.2.jar for tasks to queue
[2025-08-06T13:58:57.438+0000] {logging_mixin.py:154} INFO - [2025-08-06T13:58:57.437+0000] {dagbag.py:536} INFO - Filling up the DagBag from /opt/airflow/dags/dbt_main_project/jars/iceberg-spark-runtime-3.5_2.12-1.9.2.jar
[2025-08-06T13:58:57.722+0000] {processor.py:841} WARNING - No viable dags retrieved from /opt/airflow/dags/dbt_main_project/jars/iceberg-spark-runtime-3.5_2.12-1.9.2.jar
[2025-08-06T13:58:57.745+0000] {processor.py:179} INFO - Processing /opt/airflow/dags/dbt_main_project/jars/iceberg-spark-runtime-3.5_2.12-1.9.2.jar took 0.317 seconds
[2025-08-06T13:59:37.422+0000] {processor.py:157} INFO - Started process (PID=421) to work on /opt/airflow/dags/dbt_main_project/jars/iceberg-spark-runtime-3.5_2.12-1.9.2.jar
[2025-08-06T13:59:37.424+0000] {processor.py:829} INFO - Processing file /opt/airflow/dags/dbt_main_project/jars/iceberg-spark-runtime-3.5_2.12-1.9.2.jar for tasks to queue
[2025-08-06T13:59:37.426+0000] {logging_mixin.py:154} INFO - [2025-08-06T13:59:37.426+0000] {dagbag.py:536} INFO - Filling up the DagBag from /opt/airflow/dags/dbt_main_project/jars/iceberg-spark-runtime-3.5_2.12-1.9.2.jar
[2025-08-06T13:59:37.672+0000] {processor.py:841} WARNING - No viable dags retrieved from /opt/airflow/dags/dbt_main_project/jars/iceberg-spark-runtime-3.5_2.12-1.9.2.jar
[2025-08-06T13:59:37.688+0000] {processor.py:179} INFO - Processing /opt/airflow/dags/dbt_main_project/jars/iceberg-spark-runtime-3.5_2.12-1.9.2.jar took 0.270 seconds
[2025-08-06T14:00:11.832+0000] {processor.py:157} INFO - Started process (PID=445) to work on /opt/airflow/dags/dbt_main_project/jars/iceberg-spark-runtime-3.5_2.12-1.9.2.jar
[2025-08-06T14:00:11.833+0000] {processor.py:829} INFO - Processing file /opt/airflow/dags/dbt_main_project/jars/iceberg-spark-runtime-3.5_2.12-1.9.2.jar for tasks to queue
[2025-08-06T14:00:11.836+0000] {logging_mixin.py:154} INFO - [2025-08-06T14:00:11.836+0000] {dagbag.py:536} INFO - Filling up the DagBag from /opt/airflow/dags/dbt_main_project/jars/iceberg-spark-runtime-3.5_2.12-1.9.2.jar
[2025-08-06T14:00:12.069+0000] {processor.py:841} WARNING - No viable dags retrieved from /opt/airflow/dags/dbt_main_project/jars/iceberg-spark-runtime-3.5_2.12-1.9.2.jar
[2025-08-06T14:00:12.085+0000] {processor.py:179} INFO - Processing /opt/airflow/dags/dbt_main_project/jars/iceberg-spark-runtime-3.5_2.12-1.9.2.jar took 0.256 seconds
[2025-08-06T14:01:07.110+0000] {processor.py:157} INFO - Started process (PID=491) to work on /opt/airflow/dags/dbt_main_project/jars/iceberg-spark-runtime-3.5_2.12-1.9.2.jar
[2025-08-06T14:01:07.112+0000] {processor.py:829} INFO - Processing file /opt/airflow/dags/dbt_main_project/jars/iceberg-spark-runtime-3.5_2.12-1.9.2.jar for tasks to queue
[2025-08-06T14:01:07.116+0000] {logging_mixin.py:154} INFO - [2025-08-06T14:01:07.115+0000] {dagbag.py:536} INFO - Filling up the DagBag from /opt/airflow/dags/dbt_main_project/jars/iceberg-spark-runtime-3.5_2.12-1.9.2.jar
[2025-08-06T14:01:07.688+0000] {processor.py:841} WARNING - No viable dags retrieved from /opt/airflow/dags/dbt_main_project/jars/iceberg-spark-runtime-3.5_2.12-1.9.2.jar
[2025-08-06T14:01:07.702+0000] {processor.py:179} INFO - Processing /opt/airflow/dags/dbt_main_project/jars/iceberg-spark-runtime-3.5_2.12-1.9.2.jar took 0.596 seconds
[2025-08-06T14:02:07.105+0000] {processor.py:157} INFO - Started process (PID=549) to work on /opt/airflow/dags/dbt_main_project/jars/iceberg-spark-runtime-3.5_2.12-1.9.2.jar
[2025-08-06T14:02:07.106+0000] {processor.py:829} INFO - Processing file /opt/airflow/dags/dbt_main_project/jars/iceberg-spark-runtime-3.5_2.12-1.9.2.jar for tasks to queue
[2025-08-06T14:02:07.109+0000] {logging_mixin.py:154} INFO - [2025-08-06T14:02:07.109+0000] {dagbag.py:536} INFO - Filling up the DagBag from /opt/airflow/dags/dbt_main_project/jars/iceberg-spark-runtime-3.5_2.12-1.9.2.jar
[2025-08-06T14:02:07.343+0000] {processor.py:841} WARNING - No viable dags retrieved from /opt/airflow/dags/dbt_main_project/jars/iceberg-spark-runtime-3.5_2.12-1.9.2.jar
[2025-08-06T14:02:07.359+0000] {processor.py:179} INFO - Processing /opt/airflow/dags/dbt_main_project/jars/iceberg-spark-runtime-3.5_2.12-1.9.2.jar took 0.257 seconds
[2025-08-06T14:02:50.683+0000] {processor.py:157} INFO - Started process (PID=587) to work on /opt/airflow/dags/dbt_main_project/jars/iceberg-spark-runtime-3.5_2.12-1.9.2.jar
[2025-08-06T14:02:50.684+0000] {processor.py:829} INFO - Processing file /opt/airflow/dags/dbt_main_project/jars/iceberg-spark-runtime-3.5_2.12-1.9.2.jar for tasks to queue
[2025-08-06T14:02:50.688+0000] {logging_mixin.py:154} INFO - [2025-08-06T14:02:50.687+0000] {dagbag.py:536} INFO - Filling up the DagBag from /opt/airflow/dags/dbt_main_project/jars/iceberg-spark-runtime-3.5_2.12-1.9.2.jar
[2025-08-06T14:02:50.921+0000] {processor.py:841} WARNING - No viable dags retrieved from /opt/airflow/dags/dbt_main_project/jars/iceberg-spark-runtime-3.5_2.12-1.9.2.jar
[2025-08-06T14:02:50.937+0000] {processor.py:179} INFO - Processing /opt/airflow/dags/dbt_main_project/jars/iceberg-spark-runtime-3.5_2.12-1.9.2.jar took 0.258 seconds
[2025-08-06T14:03:25.877+0000] {processor.py:157} INFO - Started process (PID=611) to work on /opt/airflow/dags/dbt_main_project/jars/iceberg-spark-runtime-3.5_2.12-1.9.2.jar
[2025-08-06T14:03:25.881+0000] {processor.py:829} INFO - Processing file /opt/airflow/dags/dbt_main_project/jars/iceberg-spark-runtime-3.5_2.12-1.9.2.jar for tasks to queue
[2025-08-06T14:03:25.891+0000] {logging_mixin.py:154} INFO - [2025-08-06T14:03:25.890+0000] {dagbag.py:536} INFO - Filling up the DagBag from /opt/airflow/dags/dbt_main_project/jars/iceberg-spark-runtime-3.5_2.12-1.9.2.jar
[2025-08-06T14:03:26.701+0000] {processor.py:841} WARNING - No viable dags retrieved from /opt/airflow/dags/dbt_main_project/jars/iceberg-spark-runtime-3.5_2.12-1.9.2.jar
[2025-08-06T14:03:26.717+0000] {processor.py:179} INFO - Processing /opt/airflow/dags/dbt_main_project/jars/iceberg-spark-runtime-3.5_2.12-1.9.2.jar took 0.854 seconds
[2025-08-06T14:04:23.065+0000] {processor.py:157} INFO - Started process (PID=658) to work on /opt/airflow/dags/dbt_main_project/jars/iceberg-spark-runtime-3.5_2.12-1.9.2.jar
[2025-08-06T14:04:23.067+0000] {processor.py:829} INFO - Processing file /opt/airflow/dags/dbt_main_project/jars/iceberg-spark-runtime-3.5_2.12-1.9.2.jar for tasks to queue
[2025-08-06T14:04:23.072+0000] {logging_mixin.py:154} INFO - [2025-08-06T14:04:23.071+0000] {dagbag.py:536} INFO - Filling up the DagBag from /opt/airflow/dags/dbt_main_project/jars/iceberg-spark-runtime-3.5_2.12-1.9.2.jar
[2025-08-06T14:04:23.411+0000] {processor.py:841} WARNING - No viable dags retrieved from /opt/airflow/dags/dbt_main_project/jars/iceberg-spark-runtime-3.5_2.12-1.9.2.jar
[2025-08-06T14:04:23.430+0000] {processor.py:179} INFO - Processing /opt/airflow/dags/dbt_main_project/jars/iceberg-spark-runtime-3.5_2.12-1.9.2.jar took 0.370 seconds
[2025-08-06T14:04:58.210+0000] {processor.py:157} INFO - Started process (PID=696) to work on /opt/airflow/dags/dbt_main_project/jars/iceberg-spark-runtime-3.5_2.12-1.9.2.jar
[2025-08-06T14:04:58.212+0000] {processor.py:829} INFO - Processing file /opt/airflow/dags/dbt_main_project/jars/iceberg-spark-runtime-3.5_2.12-1.9.2.jar for tasks to queue
[2025-08-06T14:04:58.216+0000] {logging_mixin.py:154} INFO - [2025-08-06T14:04:58.215+0000] {dagbag.py:536} INFO - Filling up the DagBag from /opt/airflow/dags/dbt_main_project/jars/iceberg-spark-runtime-3.5_2.12-1.9.2.jar
[2025-08-06T14:04:58.472+0000] {processor.py:841} WARNING - No viable dags retrieved from /opt/airflow/dags/dbt_main_project/jars/iceberg-spark-runtime-3.5_2.12-1.9.2.jar
[2025-08-06T14:04:58.499+0000] {processor.py:179} INFO - Processing /opt/airflow/dags/dbt_main_project/jars/iceberg-spark-runtime-3.5_2.12-1.9.2.jar took 0.293 seconds
[2025-08-06T14:05:41.638+0000] {processor.py:157} INFO - Started process (PID=734) to work on /opt/airflow/dags/dbt_main_project/jars/iceberg-spark-runtime-3.5_2.12-1.9.2.jar
[2025-08-06T14:05:41.640+0000] {processor.py:829} INFO - Processing file /opt/airflow/dags/dbt_main_project/jars/iceberg-spark-runtime-3.5_2.12-1.9.2.jar for tasks to queue
[2025-08-06T14:05:41.643+0000] {logging_mixin.py:154} INFO - [2025-08-06T14:05:41.642+0000] {dagbag.py:536} INFO - Filling up the DagBag from /opt/airflow/dags/dbt_main_project/jars/iceberg-spark-runtime-3.5_2.12-1.9.2.jar
[2025-08-06T14:05:41.917+0000] {processor.py:841} WARNING - No viable dags retrieved from /opt/airflow/dags/dbt_main_project/jars/iceberg-spark-runtime-3.5_2.12-1.9.2.jar
[2025-08-06T14:05:41.936+0000] {processor.py:179} INFO - Processing /opt/airflow/dags/dbt_main_project/jars/iceberg-spark-runtime-3.5_2.12-1.9.2.jar took 0.301 seconds
[2025-08-06T14:06:35.496+0000] {processor.py:157} INFO - Started process (PID=777) to work on /opt/airflow/dags/dbt_main_project/jars/iceberg-spark-runtime-3.5_2.12-1.9.2.jar
[2025-08-06T14:06:35.497+0000] {processor.py:829} INFO - Processing file /opt/airflow/dags/dbt_main_project/jars/iceberg-spark-runtime-3.5_2.12-1.9.2.jar for tasks to queue
[2025-08-06T14:06:35.500+0000] {logging_mixin.py:154} INFO - [2025-08-06T14:06:35.499+0000] {dagbag.py:536} INFO - Filling up the DagBag from /opt/airflow/dags/dbt_main_project/jars/iceberg-spark-runtime-3.5_2.12-1.9.2.jar
[2025-08-06T14:06:35.956+0000] {processor.py:841} WARNING - No viable dags retrieved from /opt/airflow/dags/dbt_main_project/jars/iceberg-spark-runtime-3.5_2.12-1.9.2.jar
[2025-08-06T14:06:35.971+0000] {processor.py:179} INFO - Processing /opt/airflow/dags/dbt_main_project/jars/iceberg-spark-runtime-3.5_2.12-1.9.2.jar took 0.479 seconds
[2025-08-06T14:07:28.588+0000] {processor.py:157} INFO - Started process (PID=804) to work on /opt/airflow/dags/dbt_main_project/jars/iceberg-spark-runtime-3.5_2.12-1.9.2.jar
[2025-08-06T14:07:28.589+0000] {processor.py:829} INFO - Processing file /opt/airflow/dags/dbt_main_project/jars/iceberg-spark-runtime-3.5_2.12-1.9.2.jar for tasks to queue
[2025-08-06T14:07:28.592+0000] {logging_mixin.py:154} INFO - [2025-08-06T14:07:28.591+0000] {dagbag.py:536} INFO - Filling up the DagBag from /opt/airflow/dags/dbt_main_project/jars/iceberg-spark-runtime-3.5_2.12-1.9.2.jar
[2025-08-06T14:07:28.840+0000] {processor.py:841} WARNING - No viable dags retrieved from /opt/airflow/dags/dbt_main_project/jars/iceberg-spark-runtime-3.5_2.12-1.9.2.jar
[2025-08-06T14:07:28.855+0000] {processor.py:179} INFO - Processing /opt/airflow/dags/dbt_main_project/jars/iceberg-spark-runtime-3.5_2.12-1.9.2.jar took 0.271 seconds
