[2025-08-06T09:05:55.948+0000] {processor.py:157} INFO - Started process (PID=71) to work on /opt/airflow/dags/dbt_main_project/jars/postgresql-42.7.7.jar
[2025-08-06T09:05:55.950+0000] {processor.py:829} INFO - Processing file /opt/airflow/dags/dbt_main_project/jars/postgresql-42.7.7.jar for tasks to queue
[2025-08-06T09:05:55.953+0000] {logging_mixin.py:154} INFO - [2025-08-06T09:05:55.952+0000] {dagbag.py:536} INFO - Filling up the DagBag from /opt/airflow/dags/dbt_main_project/jars/postgresql-42.7.7.jar
[2025-08-06T09:05:55.965+0000] {processor.py:841} WARNING - No viable dags retrieved from /opt/airflow/dags/dbt_main_project/jars/postgresql-42.7.7.jar
[2025-08-06T09:05:55.983+0000] {processor.py:179} INFO - Processing /opt/airflow/dags/dbt_main_project/jars/postgresql-42.7.7.jar took 0.039 seconds
[2025-08-06T09:06:26.236+0000] {processor.py:157} INFO - Started process (PID=108) to work on /opt/airflow/dags/dbt_main_project/jars/postgresql-42.7.7.jar
[2025-08-06T09:06:26.237+0000] {processor.py:829} INFO - Processing file /opt/airflow/dags/dbt_main_project/jars/postgresql-42.7.7.jar for tasks to queue
[2025-08-06T09:06:26.240+0000] {logging_mixin.py:154} INFO - [2025-08-06T09:06:26.239+0000] {dagbag.py:536} INFO - Filling up the DagBag from /opt/airflow/dags/dbt_main_project/jars/postgresql-42.7.7.jar
[2025-08-06T09:06:26.250+0000] {processor.py:841} WARNING - No viable dags retrieved from /opt/airflow/dags/dbt_main_project/jars/postgresql-42.7.7.jar
[2025-08-06T09:06:26.266+0000] {processor.py:179} INFO - Processing /opt/airflow/dags/dbt_main_project/jars/postgresql-42.7.7.jar took 0.033 seconds
[2025-08-06T09:07:14.206+0000] {processor.py:157} INFO - Started process (PID=133) to work on /opt/airflow/dags/dbt_main_project/jars/postgresql-42.7.7.jar
[2025-08-06T09:07:14.208+0000] {processor.py:829} INFO - Processing file /opt/airflow/dags/dbt_main_project/jars/postgresql-42.7.7.jar for tasks to queue
[2025-08-06T09:07:14.212+0000] {logging_mixin.py:154} INFO - [2025-08-06T09:07:14.211+0000] {dagbag.py:536} INFO - Filling up the DagBag from /opt/airflow/dags/dbt_main_project/jars/postgresql-42.7.7.jar
[2025-08-06T09:07:14.228+0000] {processor.py:841} WARNING - No viable dags retrieved from /opt/airflow/dags/dbt_main_project/jars/postgresql-42.7.7.jar
[2025-08-06T09:07:14.259+0000] {processor.py:179} INFO - Processing /opt/airflow/dags/dbt_main_project/jars/postgresql-42.7.7.jar took 0.059 seconds
[2025-08-06T09:07:44.461+0000] {processor.py:157} INFO - Started process (PID=157) to work on /opt/airflow/dags/dbt_main_project/jars/postgresql-42.7.7.jar
[2025-08-06T09:07:44.462+0000] {processor.py:829} INFO - Processing file /opt/airflow/dags/dbt_main_project/jars/postgresql-42.7.7.jar for tasks to queue
[2025-08-06T09:07:44.465+0000] {logging_mixin.py:154} INFO - [2025-08-06T09:07:44.465+0000] {dagbag.py:536} INFO - Filling up the DagBag from /opt/airflow/dags/dbt_main_project/jars/postgresql-42.7.7.jar
[2025-08-06T09:07:44.478+0000] {processor.py:841} WARNING - No viable dags retrieved from /opt/airflow/dags/dbt_main_project/jars/postgresql-42.7.7.jar
[2025-08-06T09:07:44.497+0000] {processor.py:179} INFO - Processing /opt/airflow/dags/dbt_main_project/jars/postgresql-42.7.7.jar took 0.039 seconds
[2025-08-06T09:08:18.999+0000] {processor.py:157} INFO - Started process (PID=183) to work on /opt/airflow/dags/dbt_main_project/jars/postgresql-42.7.7.jar
[2025-08-06T09:08:19.000+0000] {processor.py:829} INFO - Processing file /opt/airflow/dags/dbt_main_project/jars/postgresql-42.7.7.jar for tasks to queue
[2025-08-06T09:08:19.003+0000] {logging_mixin.py:154} INFO - [2025-08-06T09:08:19.003+0000] {dagbag.py:536} INFO - Filling up the DagBag from /opt/airflow/dags/dbt_main_project/jars/postgresql-42.7.7.jar
[2025-08-06T09:08:19.014+0000] {processor.py:841} WARNING - No viable dags retrieved from /opt/airflow/dags/dbt_main_project/jars/postgresql-42.7.7.jar
[2025-08-06T09:08:19.032+0000] {processor.py:179} INFO - Processing /opt/airflow/dags/dbt_main_project/jars/postgresql-42.7.7.jar took 0.037 seconds
[2025-08-06T09:08:51.918+0000] {processor.py:157} INFO - Started process (PID=207) to work on /opt/airflow/dags/dbt_main_project/jars/postgresql-42.7.7.jar
[2025-08-06T09:08:51.919+0000] {processor.py:829} INFO - Processing file /opt/airflow/dags/dbt_main_project/jars/postgresql-42.7.7.jar for tasks to queue
[2025-08-06T09:08:51.922+0000] {logging_mixin.py:154} INFO - [2025-08-06T09:08:51.921+0000] {dagbag.py:536} INFO - Filling up the DagBag from /opt/airflow/dags/dbt_main_project/jars/postgresql-42.7.7.jar
[2025-08-06T09:08:51.934+0000] {processor.py:841} WARNING - No viable dags retrieved from /opt/airflow/dags/dbt_main_project/jars/postgresql-42.7.7.jar
[2025-08-06T09:08:51.952+0000] {processor.py:179} INFO - Processing /opt/airflow/dags/dbt_main_project/jars/postgresql-42.7.7.jar took 0.038 seconds
[2025-08-06T09:09:25.971+0000] {processor.py:157} INFO - Started process (PID=231) to work on /opt/airflow/dags/dbt_main_project/jars/postgresql-42.7.7.jar
[2025-08-06T09:09:25.972+0000] {processor.py:829} INFO - Processing file /opt/airflow/dags/dbt_main_project/jars/postgresql-42.7.7.jar for tasks to queue
[2025-08-06T09:09:25.975+0000] {logging_mixin.py:154} INFO - [2025-08-06T09:09:25.974+0000] {dagbag.py:536} INFO - Filling up the DagBag from /opt/airflow/dags/dbt_main_project/jars/postgresql-42.7.7.jar
[2025-08-06T09:09:25.985+0000] {processor.py:841} WARNING - No viable dags retrieved from /opt/airflow/dags/dbt_main_project/jars/postgresql-42.7.7.jar
[2025-08-06T09:09:26.003+0000] {processor.py:179} INFO - Processing /opt/airflow/dags/dbt_main_project/jars/postgresql-42.7.7.jar took 0.037 seconds
[2025-08-06T09:10:01.854+0000] {processor.py:157} INFO - Started process (PID=255) to work on /opt/airflow/dags/dbt_main_project/jars/postgresql-42.7.7.jar
[2025-08-06T09:10:01.856+0000] {processor.py:829} INFO - Processing file /opt/airflow/dags/dbt_main_project/jars/postgresql-42.7.7.jar for tasks to queue
[2025-08-06T09:10:01.858+0000] {logging_mixin.py:154} INFO - [2025-08-06T09:10:01.858+0000] {dagbag.py:536} INFO - Filling up the DagBag from /opt/airflow/dags/dbt_main_project/jars/postgresql-42.7.7.jar
[2025-08-06T09:10:01.869+0000] {processor.py:841} WARNING - No viable dags retrieved from /opt/airflow/dags/dbt_main_project/jars/postgresql-42.7.7.jar
[2025-08-06T09:10:01.887+0000] {processor.py:179} INFO - Processing /opt/airflow/dags/dbt_main_project/jars/postgresql-42.7.7.jar took 0.036 seconds
[2025-08-06T09:10:47.821+0000] {processor.py:157} INFO - Started process (PID=299) to work on /opt/airflow/dags/dbt_main_project/jars/postgresql-42.7.7.jar
[2025-08-06T09:10:47.822+0000] {processor.py:829} INFO - Processing file /opt/airflow/dags/dbt_main_project/jars/postgresql-42.7.7.jar for tasks to queue
[2025-08-06T09:10:47.825+0000] {logging_mixin.py:154} INFO - [2025-08-06T09:10:47.824+0000] {dagbag.py:536} INFO - Filling up the DagBag from /opt/airflow/dags/dbt_main_project/jars/postgresql-42.7.7.jar
[2025-08-06T09:10:47.835+0000] {processor.py:841} WARNING - No viable dags retrieved from /opt/airflow/dags/dbt_main_project/jars/postgresql-42.7.7.jar
[2025-08-06T09:10:47.852+0000] {processor.py:179} INFO - Processing /opt/airflow/dags/dbt_main_project/jars/postgresql-42.7.7.jar took 0.035 seconds
[2025-08-06T09:11:18.099+0000] {processor.py:157} INFO - Started process (PID=323) to work on /opt/airflow/dags/dbt_main_project/jars/postgresql-42.7.7.jar
[2025-08-06T09:11:18.100+0000] {processor.py:829} INFO - Processing file /opt/airflow/dags/dbt_main_project/jars/postgresql-42.7.7.jar for tasks to queue
[2025-08-06T09:11:18.105+0000] {logging_mixin.py:154} INFO - [2025-08-06T09:11:18.104+0000] {dagbag.py:536} INFO - Filling up the DagBag from /opt/airflow/dags/dbt_main_project/jars/postgresql-42.7.7.jar
[2025-08-06T09:11:18.118+0000] {processor.py:841} WARNING - No viable dags retrieved from /opt/airflow/dags/dbt_main_project/jars/postgresql-42.7.7.jar
[2025-08-06T09:11:18.140+0000] {processor.py:179} INFO - Processing /opt/airflow/dags/dbt_main_project/jars/postgresql-42.7.7.jar took 0.045 seconds
