[2025-08-06T09:05:55.825+0000] {processor.py:157} INFO - Started process (PID=70) to work on /opt/airflow/dags/dags_airflow/ex.py
[2025-08-06T09:05:55.827+0000] {processor.py:829} INFO - Processing file /opt/airflow/dags/dags_airflow/ex.py for tasks to queue
[2025-08-06T09:05:55.829+0000] {logging_mixin.py:154} INFO - [2025-08-06T09:05:55.829+0000] {dagbag.py:536} INFO - Filling up the DagBag from /opt/airflow/dags/dags_airflow/ex.py
[2025-08-06T09:05:55.866+0000] {logging_mixin.py:154} INFO - [2025-08-06T09:05:55.866+0000] {graph.py:611} INFO - Trying to parse the dbt project using dbt ls cache cosmos_cache__example_iceberg__dbt_processing...
[2025-08-06T09:05:55.885+0000] {logging_mixin.py:154} INFO - [2025-08-06T09:05:55.884+0000] {graph.py:617} INFO - Cosmos performance: Cache miss for cosmos_cache__example_iceberg__dbt_processing
[2025-08-06T09:05:55.885+0000] {logging_mixin.py:154} INFO - [2025-08-06T09:05:55.885+0000] {graph.py:721} INFO - Trying to parse the dbt project in `/opt/airflow/dags/dbt_main_project` using dbt ls...
[2025-08-06T09:05:55.896+0000] {logging_mixin.py:154} INFO - [2025-08-06T09:05:55.896+0000] {graph.py:740} INFO - Partial parse is enabled and the latest partial parse file is /opt/airflow/dags/dbt_main_project/target/partial_parse.msgpack
[2025-08-06T09:05:55.927+0000] {logging_mixin.py:154} INFO - [2025-08-06T09:05:55.927+0000] {config.py:364} INFO - Profile caching is enable.
[2025-08-06T09:05:55.928+0000] {logging_mixin.py:154} INFO - [2025-08-06T09:05:55.928+0000] {base.py:241} INFO - Using mock values for profile dbt_main_project
[2025-08-06T09:05:55.930+0000] {logging_mixin.py:154} INFO - [2025-08-06T09:05:55.930+0000] {config.py:351} INFO - Profile not found in cache storing and using profile: /tmp/cosmos/profile/9e40321f5fdc0be12296d35728232fa8898a3439138a668ef6b27bff3a3c4f71/profiles.yml.
[2025-08-06T09:05:55.931+0000] {logging_mixin.py:154} INFO - [2025-08-06T09:05:55.931+0000] {project.py:39} INFO - Project /opt/airflow/dags/dbt_main_project does not have {'dependencies.yml', 'packages.yml'}
[2025-08-06T09:05:57.437+0000] {logging_mixin.py:154} INFO - [2025-08-06T09:05:57.437+0000] {graph.py:267} INFO - Running command with dbt Runner: `/home/airflow/.local/bin/dbt ls --output json --project-dir /tmp/tmpp9x3tw63 --profiles-dir /tmp/cosmos/profile/9e40321f5fdc0be12296d35728232fa8898a3439138a668ef6b27bff3a3c4f71 --profile dbt_main_project --target dev`
[2025-08-06T09:05:57.438+0000] {logging_mixin.py:154} INFO - [2025-08-06T09:05:57.437+0000] {runner.py:60} INFO - Trying to run dbtRunner with:
 ['ls', '--output', 'json', '--project-dir', '/tmp/tmpp9x3tw63', '--profiles-dir', '/tmp/cosmos/profile/9e40321f5fdc0be12296d35728232fa8898a3439138a668ef6b27bff3a3c4f71', '--profile', 'dbt_main_project', '--target', 'dev']
 in /tmp/tmpp9x3tw63
[2025-08-06T09:05:57.501+0000] {logging_mixin.py:154} INFO - 09:05:57  Running with dbt=1.9.0-b2
[2025-08-06T09:05:58.151+0000] {logging_mixin.py:154} INFO - 09:05:58  Registered adapter: spark=1.8.0
[2025-08-06T09:05:58.282+0000] {logging_mixin.py:154} INFO - 09:05:58  Unable to do partial parsing because of a version mismatch
[2025-08-06T09:05:59.601+0000] {logging_mixin.py:154} INFO - 09:05:59  Found 1 model, 1 seed, 463 macros
[2025-08-06T09:05:59.603+0000] {logging_mixin.py:154} INFO - {"name": "orders_by_date", "resource_type": "model", "package_name": "dag", "original_file_path": "models/orders_by_date.sql", "unique_id": "model.dag.orders_by_date", "alias": "orders_by_date", "config": {"enabled": true, "alias": null, "schema": null, "database": null, "tags": [], "meta": {}, "group": null, "materialized": "table", "incremental_strategy": null, "batch_size": null, "lookback": 0, "begin": null, "persist_docs": {}, "post-hook": [], "pre-hook": [], "quoting": {}, "column_types": {}, "full_refresh": null, "unique_key": null, "on_schema_change": "ignore", "on_configuration_change": "apply", "grants": {}, "packages": [], "docs": {"show": true, "node_color": null}, "contract": {"enforced": false, "alias_types": true}, "event_time": null, "access": "protected", "file_format": "iceberg", "location_root": "s3a://iceberg-warehouse/output/orders", "table_properties": {"write.format.default": "parquet"}}, "tags": [], "depends_on": {"macros": [], "nodes": ["seed.dag.orders"]}}
[2025-08-06T09:05:59.604+0000] {logging_mixin.py:154} INFO - {"name": "orders", "resource_type": "seed", "package_name": "dag", "original_file_path": "seeds/orders.csv", "unique_id": "seed.dag.orders", "alias": "orders", "config": {"enabled": true, "alias": null, "schema": null, "database": null, "tags": [], "meta": {}, "group": null, "materialized": "seed", "incremental_strategy": null, "batch_size": null, "lookback": 0, "begin": null, "persist_docs": {}, "post-hook": [], "pre-hook": [], "quoting": {}, "column_types": {}, "full_refresh": null, "unique_key": null, "on_schema_change": "ignore", "on_configuration_change": "apply", "grants": {}, "packages": [], "docs": {"show": true, "node_color": null}, "contract": {"enforced": false, "alias_types": true}, "event_time": null, "delimiter": ",", "quote_columns": null}, "tags": [], "depends_on": {"macros": []}}
[2025-08-06T09:06:03.141+0000] {logging_mixin.py:154} INFO - [2025-08-06T09:06:03.141+0000] {cache.py:320} INFO - Cosmos performance: time to calculate cache identifier cosmos_cache__example_iceberg__dbt_processing for current version: 1.796306796000863
[2025-08-06T09:06:03.155+0000] {logging_mixin.py:154} INFO - [2025-08-06T09:06:03.154+0000] {graph.py:561} INFO - Total nodes: 2
[2025-08-06T09:06:03.155+0000] {logging_mixin.py:154} INFO - [2025-08-06T09:06:03.155+0000] {graph.py:562} INFO - Total filtered nodes: 2
[2025-08-06T09:06:03.156+0000] {logging_mixin.py:154} INFO - [2025-08-06T09:06:03.155+0000] {converter.py:291} INFO - Cosmos performance (example_iceberg__dbt_processing) -  [c153e5c47390|70]: It took 7.13s to parse the dbt project for DAG using LoadMode.DBT_LS
[2025-08-06T09:06:03.156+0000] {logging_mixin.py:154} INFO - [2025-08-06T09:06:03.156+0000] {project.py:39} INFO - Project /opt/airflow/dags/dbt_main_project does not have {'dependencies.yml', 'packages.yml'}
[2025-08-06T09:06:03.158+0000] {logging_mixin.py:154} INFO - [2025-08-06T09:06:03.158+0000] {project.py:39} INFO - Project /opt/airflow/dags/dbt_main_project does not have {'dependencies.yml', 'packages.yml'}
[2025-08-06T09:06:03.160+0000] {logging_mixin.py:154} INFO - [2025-08-06T09:06:03.160+0000] {project.py:39} INFO - Project /opt/airflow/dags/dbt_main_project does not have {'dependencies.yml', 'packages.yml'}
[2025-08-06T09:06:03.161+0000] {logging_mixin.py:154} INFO - [2025-08-06T09:06:03.161+0000] {converter.py:336} INFO - Cosmos performance (example_iceberg__dbt_processing) - [c153e5c47390|70]: It took 0.00558s to build the Airflow DAG.
[2025-08-06T09:06:03.163+0000] {processor.py:839} INFO - DAG(s) dict_keys(['example_iceberg']) retrieved from /opt/airflow/dags/dags_airflow/ex.py
[2025-08-06T09:06:03.258+0000] {logging_mixin.py:154} INFO - [2025-08-06T09:06:03.258+0000] {manager.py:499} INFO - Created Permission View: %s
[2025-08-06T09:06:03.268+0000] {logging_mixin.py:154} INFO - [2025-08-06T09:06:03.267+0000] {manager.py:499} INFO - Created Permission View: %s
[2025-08-06T09:06:03.275+0000] {logging_mixin.py:154} INFO - [2025-08-06T09:06:03.275+0000] {manager.py:499} INFO - Created Permission View: %s
[2025-08-06T09:06:03.276+0000] {logging_mixin.py:154} INFO - [2025-08-06T09:06:03.276+0000] {dag.py:2941} INFO - Sync 1 DAGs
[2025-08-06T09:06:03.287+0000] {logging_mixin.py:154} INFO - [2025-08-06T09:06:03.287+0000] {dag.py:2963} INFO - Creating ORM DAG for example_iceberg
[2025-08-06T09:06:03.298+0000] {logging_mixin.py:154} INFO - [2025-08-06T09:06:03.298+0000] {dag.py:3722} INFO - Setting next_dagrun for example_iceberg to 2025-08-05T00:00:00+00:00, run_after=2025-08-06T00:00:00+00:00
[2025-08-06T09:06:03.322+0000] {processor.py:179} INFO - Processing /opt/airflow/dags/dags_airflow/ex.py took 7.340 seconds
[2025-08-06T09:06:51.345+0000] {processor.py:157} INFO - Started process (PID=131) to work on /opt/airflow/dags/dags_airflow/ex.py
[2025-08-06T09:06:51.347+0000] {processor.py:829} INFO - Processing file /opt/airflow/dags/dags_airflow/ex.py for tasks to queue
[2025-08-06T09:06:51.351+0000] {logging_mixin.py:154} INFO - [2025-08-06T09:06:51.351+0000] {dagbag.py:536} INFO - Filling up the DagBag from /opt/airflow/dags/dags_airflow/ex.py
[2025-08-06T09:06:51.378+0000] {logging_mixin.py:154} INFO - [2025-08-06T09:06:51.378+0000] {graph.py:611} INFO - Trying to parse the dbt project using dbt ls cache cosmos_cache__example_iceberg__dbt_processing...
[2025-08-06T09:06:53.674+0000] {logging_mixin.py:154} INFO - [2025-08-06T09:06:53.673+0000] {cache.py:320} INFO - Cosmos performance: time to calculate cache identifier cosmos_cache__example_iceberg__dbt_processing for current version: 2.2650297289983428
[2025-08-06T09:06:53.674+0000] {logging_mixin.py:154} INFO - [2025-08-06T09:06:53.674+0000] {graph.py:628} INFO - Cosmos performance [c153e5c47390|131]: The cache size for cosmos_cache__example_iceberg__dbt_processing is 1804
[2025-08-06T09:06:53.675+0000] {logging_mixin.py:154} INFO - [2025-08-06T09:06:53.675+0000] {graph.py:636} INFO - Cosmos performance: Cache hit for cosmos_cache__example_iceberg__dbt_processing - 2dd022de829012a9d98a9136aa8adb3a,d41d8cd98f00b204e9800998ecf8427e
[2025-08-06T09:06:53.675+0000] {logging_mixin.py:154} INFO - [2025-08-06T09:06:53.675+0000] {graph.py:561} INFO - Total nodes: 2
[2025-08-06T09:06:53.675+0000] {logging_mixin.py:154} INFO - [2025-08-06T09:06:53.675+0000] {graph.py:562} INFO - Total filtered nodes: 2
[2025-08-06T09:06:53.676+0000] {logging_mixin.py:154} INFO - [2025-08-06T09:06:53.676+0000] {converter.py:291} INFO - Cosmos performance (example_iceberg__dbt_processing) -  [c153e5c47390|131]: It took 2.3s to parse the dbt project for DAG using LoadMode.DBT_LS_CACHE
[2025-08-06T09:06:53.676+0000] {logging_mixin.py:154} INFO - [2025-08-06T09:06:53.676+0000] {project.py:39} INFO - Project /opt/airflow/dags/dbt_main_project does not have {'dependencies.yml', 'packages.yml'}
[2025-08-06T09:06:53.678+0000] {logging_mixin.py:154} INFO - [2025-08-06T09:06:53.678+0000] {project.py:39} INFO - Project /opt/airflow/dags/dbt_main_project does not have {'dependencies.yml', 'packages.yml'}
[2025-08-06T09:06:53.680+0000] {logging_mixin.py:154} INFO - [2025-08-06T09:06:53.680+0000] {project.py:39} INFO - Project /opt/airflow/dags/dbt_main_project does not have {'dependencies.yml', 'packages.yml'}
[2025-08-06T09:06:53.682+0000] {logging_mixin.py:154} INFO - [2025-08-06T09:06:53.682+0000] {converter.py:336} INFO - Cosmos performance (example_iceberg__dbt_processing) - [c153e5c47390|131]: It took 0.00619s to build the Airflow DAG.
[2025-08-06T09:06:53.684+0000] {processor.py:839} INFO - DAG(s) dict_keys(['example_iceberg']) retrieved from /opt/airflow/dags/dags_airflow/ex.py
[2025-08-06T09:06:53.715+0000] {logging_mixin.py:154} INFO - [2025-08-06T09:06:53.715+0000] {dag.py:2941} INFO - Sync 1 DAGs
[2025-08-06T09:06:53.746+0000] {logging_mixin.py:154} INFO - [2025-08-06T09:06:53.745+0000] {dag.py:3722} INFO - Setting next_dagrun for example_iceberg to 2025-08-06T00:00:00+00:00, run_after=2025-08-07T00:00:00+00:00
[2025-08-06T09:06:53.769+0000] {processor.py:179} INFO - Processing /opt/airflow/dags/dags_airflow/ex.py took 2.429 seconds
[2025-08-06T09:07:44.276+0000] {processor.py:157} INFO - Started process (PID=156) to work on /opt/airflow/dags/dags_airflow/ex.py
[2025-08-06T09:07:44.288+0000] {processor.py:829} INFO - Processing file /opt/airflow/dags/dags_airflow/ex.py for tasks to queue
[2025-08-06T09:07:44.292+0000] {logging_mixin.py:154} INFO - [2025-08-06T09:07:44.292+0000] {dagbag.py:536} INFO - Filling up the DagBag from /opt/airflow/dags/dags_airflow/ex.py
[2025-08-06T09:07:44.317+0000] {logging_mixin.py:154} INFO - [2025-08-06T09:07:44.316+0000] {graph.py:611} INFO - Trying to parse the dbt project using dbt ls cache cosmos_cache__example_iceberg__dbt_processing...
[2025-08-06T09:07:46.281+0000] {logging_mixin.py:154} INFO - [2025-08-06T09:07:46.281+0000] {cache.py:320} INFO - Cosmos performance: time to calculate cache identifier cosmos_cache__example_iceberg__dbt_processing for current version: 1.929394973001763
[2025-08-06T09:07:46.282+0000] {logging_mixin.py:154} INFO - [2025-08-06T09:07:46.281+0000] {graph.py:628} INFO - Cosmos performance [c153e5c47390|156]: The cache size for cosmos_cache__example_iceberg__dbt_processing is 1804
[2025-08-06T09:07:46.282+0000] {logging_mixin.py:154} INFO - [2025-08-06T09:07:46.282+0000] {graph.py:636} INFO - Cosmos performance: Cache hit for cosmos_cache__example_iceberg__dbt_processing - 2dd022de829012a9d98a9136aa8adb3a,d41d8cd98f00b204e9800998ecf8427e
[2025-08-06T09:07:46.283+0000] {logging_mixin.py:154} INFO - [2025-08-06T09:07:46.282+0000] {graph.py:561} INFO - Total nodes: 2
[2025-08-06T09:07:46.283+0000] {logging_mixin.py:154} INFO - [2025-08-06T09:07:46.283+0000] {graph.py:562} INFO - Total filtered nodes: 2
[2025-08-06T09:07:46.283+0000] {logging_mixin.py:154} INFO - [2025-08-06T09:07:46.283+0000] {converter.py:291} INFO - Cosmos performance (example_iceberg__dbt_processing) -  [c153e5c47390|156]: It took 1.97s to parse the dbt project for DAG using LoadMode.DBT_LS_CACHE
[2025-08-06T09:07:46.284+0000] {logging_mixin.py:154} INFO - [2025-08-06T09:07:46.284+0000] {project.py:39} INFO - Project /opt/airflow/dags/dbt_main_project does not have {'dependencies.yml', 'packages.yml'}
[2025-08-06T09:07:46.286+0000] {logging_mixin.py:154} INFO - [2025-08-06T09:07:46.285+0000] {project.py:39} INFO - Project /opt/airflow/dags/dbt_main_project does not have {'dependencies.yml', 'packages.yml'}
[2025-08-06T09:07:46.289+0000] {logging_mixin.py:154} INFO - [2025-08-06T09:07:46.288+0000] {project.py:39} INFO - Project /opt/airflow/dags/dbt_main_project does not have {'dependencies.yml', 'packages.yml'}
[2025-08-06T09:07:46.290+0000] {logging_mixin.py:154} INFO - [2025-08-06T09:07:46.290+0000] {converter.py:336} INFO - Cosmos performance (example_iceberg__dbt_processing) - [c153e5c47390|156]: It took 0.007s to build the Airflow DAG.
[2025-08-06T09:07:46.292+0000] {processor.py:839} INFO - DAG(s) dict_keys(['example_iceberg']) retrieved from /opt/airflow/dags/dags_airflow/ex.py
[2025-08-06T09:07:46.314+0000] {logging_mixin.py:154} INFO - [2025-08-06T09:07:46.314+0000] {dag.py:2941} INFO - Sync 1 DAGs
[2025-08-06T09:07:46.338+0000] {logging_mixin.py:154} INFO - [2025-08-06T09:07:46.338+0000] {dag.py:3722} INFO - Setting next_dagrun for example_iceberg to 2025-08-06T00:00:00+00:00, run_after=2025-08-07T00:00:00+00:00
[2025-08-06T09:07:46.361+0000] {processor.py:179} INFO - Processing /opt/airflow/dags/dags_airflow/ex.py took 2.088 seconds
[2025-08-06T09:08:16.806+0000] {processor.py:157} INFO - Started process (PID=182) to work on /opt/airflow/dags/dags_airflow/ex.py
[2025-08-06T09:08:16.808+0000] {processor.py:829} INFO - Processing file /opt/airflow/dags/dags_airflow/ex.py for tasks to queue
[2025-08-06T09:08:16.810+0000] {logging_mixin.py:154} INFO - [2025-08-06T09:08:16.810+0000] {dagbag.py:536} INFO - Filling up the DagBag from /opt/airflow/dags/dags_airflow/ex.py
[2025-08-06T09:08:16.836+0000] {logging_mixin.py:154} INFO - [2025-08-06T09:08:16.836+0000] {graph.py:611} INFO - Trying to parse the dbt project using dbt ls cache cosmos_cache__example_iceberg__dbt_processing...
[2025-08-06T09:08:19.690+0000] {logging_mixin.py:154} INFO - [2025-08-06T09:08:19.689+0000] {cache.py:320} INFO - Cosmos performance: time to calculate cache identifier cosmos_cache__example_iceberg__dbt_processing for current version: 2.8234828210006526
[2025-08-06T09:08:19.690+0000] {logging_mixin.py:154} INFO - [2025-08-06T09:08:19.690+0000] {graph.py:628} INFO - Cosmos performance [c153e5c47390|182]: The cache size for cosmos_cache__example_iceberg__dbt_processing is 1804
[2025-08-06T09:08:19.691+0000] {logging_mixin.py:154} INFO - [2025-08-06T09:08:19.691+0000] {graph.py:636} INFO - Cosmos performance: Cache hit for cosmos_cache__example_iceberg__dbt_processing - 2dd022de829012a9d98a9136aa8adb3a,d41d8cd98f00b204e9800998ecf8427e
[2025-08-06T09:08:19.692+0000] {logging_mixin.py:154} INFO - [2025-08-06T09:08:19.691+0000] {graph.py:561} INFO - Total nodes: 2
[2025-08-06T09:08:19.692+0000] {logging_mixin.py:154} INFO - [2025-08-06T09:08:19.692+0000] {graph.py:562} INFO - Total filtered nodes: 2
[2025-08-06T09:08:19.692+0000] {logging_mixin.py:154} INFO - [2025-08-06T09:08:19.692+0000] {converter.py:291} INFO - Cosmos performance (example_iceberg__dbt_processing) -  [c153e5c47390|182]: It took 2.86s to parse the dbt project for DAG using LoadMode.DBT_LS_CACHE
[2025-08-06T09:08:19.693+0000] {logging_mixin.py:154} INFO - [2025-08-06T09:08:19.693+0000] {project.py:39} INFO - Project /opt/airflow/dags/dbt_main_project does not have {'dependencies.yml', 'packages.yml'}
[2025-08-06T09:08:19.695+0000] {logging_mixin.py:154} INFO - [2025-08-06T09:08:19.695+0000] {project.py:39} INFO - Project /opt/airflow/dags/dbt_main_project does not have {'dependencies.yml', 'packages.yml'}
[2025-08-06T09:08:19.698+0000] {logging_mixin.py:154} INFO - [2025-08-06T09:08:19.697+0000] {project.py:39} INFO - Project /opt/airflow/dags/dbt_main_project does not have {'dependencies.yml', 'packages.yml'}
[2025-08-06T09:08:19.699+0000] {logging_mixin.py:154} INFO - [2025-08-06T09:08:19.699+0000] {converter.py:336} INFO - Cosmos performance (example_iceberg__dbt_processing) - [c153e5c47390|182]: It took 0.00626s to build the Airflow DAG.
[2025-08-06T09:08:19.700+0000] {processor.py:839} INFO - DAG(s) dict_keys(['example_iceberg']) retrieved from /opt/airflow/dags/dags_airflow/ex.py
[2025-08-06T09:08:19.728+0000] {logging_mixin.py:154} INFO - [2025-08-06T09:08:19.728+0000] {dag.py:2941} INFO - Sync 1 DAGs
[2025-08-06T09:08:19.757+0000] {logging_mixin.py:154} INFO - [2025-08-06T09:08:19.757+0000] {dag.py:3722} INFO - Setting next_dagrun for example_iceberg to 2025-08-06T00:00:00+00:00, run_after=2025-08-07T00:00:00+00:00
[2025-08-06T09:08:19.784+0000] {processor.py:179} INFO - Processing /opt/airflow/dags/dags_airflow/ex.py took 2.982 seconds
[2025-08-06T09:08:51.548+0000] {processor.py:157} INFO - Started process (PID=206) to work on /opt/airflow/dags/dags_airflow/ex.py
[2025-08-06T09:08:51.549+0000] {processor.py:829} INFO - Processing file /opt/airflow/dags/dags_airflow/ex.py for tasks to queue
[2025-08-06T09:08:51.552+0000] {logging_mixin.py:154} INFO - [2025-08-06T09:08:51.551+0000] {dagbag.py:536} INFO - Filling up the DagBag from /opt/airflow/dags/dags_airflow/ex.py
[2025-08-06T09:08:51.570+0000] {logging_mixin.py:154} INFO - [2025-08-06T09:08:51.570+0000] {graph.py:611} INFO - Trying to parse the dbt project using dbt ls cache cosmos_cache__example_iceberg__dbt_processing...
[2025-08-06T09:08:53.518+0000] {logging_mixin.py:154} INFO - [2025-08-06T09:08:53.518+0000] {cache.py:320} INFO - Cosmos performance: time to calculate cache identifier cosmos_cache__example_iceberg__dbt_processing for current version: 1.9266886910008907
[2025-08-06T09:08:53.519+0000] {logging_mixin.py:154} INFO - [2025-08-06T09:08:53.518+0000] {graph.py:628} INFO - Cosmos performance [c153e5c47390|206]: The cache size for cosmos_cache__example_iceberg__dbt_processing is 1804
[2025-08-06T09:08:53.519+0000] {logging_mixin.py:154} INFO - [2025-08-06T09:08:53.519+0000] {graph.py:636} INFO - Cosmos performance: Cache hit for cosmos_cache__example_iceberg__dbt_processing - 2dd022de829012a9d98a9136aa8adb3a,d41d8cd98f00b204e9800998ecf8427e
[2025-08-06T09:08:53.519+0000] {logging_mixin.py:154} INFO - [2025-08-06T09:08:53.519+0000] {graph.py:561} INFO - Total nodes: 2
[2025-08-06T09:08:53.520+0000] {logging_mixin.py:154} INFO - [2025-08-06T09:08:53.520+0000] {graph.py:562} INFO - Total filtered nodes: 2
[2025-08-06T09:08:53.520+0000] {logging_mixin.py:154} INFO - [2025-08-06T09:08:53.520+0000] {converter.py:291} INFO - Cosmos performance (example_iceberg__dbt_processing) -  [c153e5c47390|206]: It took 1.95s to parse the dbt project for DAG using LoadMode.DBT_LS_CACHE
[2025-08-06T09:08:53.521+0000] {logging_mixin.py:154} INFO - [2025-08-06T09:08:53.520+0000] {project.py:39} INFO - Project /opt/airflow/dags/dbt_main_project does not have {'dependencies.yml', 'packages.yml'}
[2025-08-06T09:08:53.522+0000] {logging_mixin.py:154} INFO - [2025-08-06T09:08:53.522+0000] {project.py:39} INFO - Project /opt/airflow/dags/dbt_main_project does not have {'dependencies.yml', 'packages.yml'}
[2025-08-06T09:08:53.524+0000] {logging_mixin.py:154} INFO - [2025-08-06T09:08:53.524+0000] {project.py:39} INFO - Project /opt/airflow/dags/dbt_main_project does not have {'dependencies.yml', 'packages.yml'}
[2025-08-06T09:08:53.525+0000] {logging_mixin.py:154} INFO - [2025-08-06T09:08:53.525+0000] {converter.py:336} INFO - Cosmos performance (example_iceberg__dbt_processing) - [c153e5c47390|206]: It took 0.00497s to build the Airflow DAG.
[2025-08-06T09:08:53.526+0000] {processor.py:839} INFO - DAG(s) dict_keys(['example_iceberg']) retrieved from /opt/airflow/dags/dags_airflow/ex.py
[2025-08-06T09:08:53.540+0000] {logging_mixin.py:154} INFO - [2025-08-06T09:08:53.540+0000] {dag.py:2941} INFO - Sync 1 DAGs
[2025-08-06T09:08:53.558+0000] {logging_mixin.py:154} INFO - [2025-08-06T09:08:53.558+0000] {dag.py:3722} INFO - Setting next_dagrun for example_iceberg to 2025-08-06T00:00:00+00:00, run_after=2025-08-07T00:00:00+00:00
[2025-08-06T09:08:53.576+0000] {processor.py:179} INFO - Processing /opt/airflow/dags/dags_airflow/ex.py took 2.031 seconds
[2025-08-06T09:09:41.429+0000] {processor.py:157} INFO - Started process (PID=251) to work on /opt/airflow/dags/dags_airflow/ex.py
[2025-08-06T09:09:41.430+0000] {processor.py:829} INFO - Processing file /opt/airflow/dags/dags_airflow/ex.py for tasks to queue
[2025-08-06T09:09:41.432+0000] {logging_mixin.py:154} INFO - [2025-08-06T09:09:41.432+0000] {dagbag.py:536} INFO - Filling up the DagBag from /opt/airflow/dags/dags_airflow/ex.py
[2025-08-06T09:09:41.467+0000] {logging_mixin.py:154} INFO - [2025-08-06T09:09:41.466+0000] {graph.py:611} INFO - Trying to parse the dbt project using dbt ls cache cosmos_cache__example_iceberg__dbt_processing...
[2025-08-06T09:09:43.094+0000] {logging_mixin.py:154} INFO - [2025-08-06T09:09:43.094+0000] {cache.py:320} INFO - Cosmos performance: time to calculate cache identifier cosmos_cache__example_iceberg__dbt_processing for current version: 1.6064607090011123
[2025-08-06T09:09:43.094+0000] {logging_mixin.py:154} INFO - [2025-08-06T09:09:43.094+0000] {graph.py:628} INFO - Cosmos performance [c153e5c47390|251]: The cache size for cosmos_cache__example_iceberg__dbt_processing is 1804
[2025-08-06T09:09:43.095+0000] {logging_mixin.py:154} INFO - [2025-08-06T09:09:43.095+0000] {graph.py:636} INFO - Cosmos performance: Cache hit for cosmos_cache__example_iceberg__dbt_processing - 2dd022de829012a9d98a9136aa8adb3a,d41d8cd98f00b204e9800998ecf8427e
[2025-08-06T09:09:43.095+0000] {logging_mixin.py:154} INFO - [2025-08-06T09:09:43.095+0000] {graph.py:561} INFO - Total nodes: 2
[2025-08-06T09:09:43.096+0000] {logging_mixin.py:154} INFO - [2025-08-06T09:09:43.096+0000] {graph.py:562} INFO - Total filtered nodes: 2
[2025-08-06T09:09:43.096+0000] {logging_mixin.py:154} INFO - [2025-08-06T09:09:43.096+0000] {converter.py:291} INFO - Cosmos performance (example_iceberg__dbt_processing) -  [c153e5c47390|251]: It took 1.63s to parse the dbt project for DAG using LoadMode.DBT_LS_CACHE
[2025-08-06T09:09:43.097+0000] {logging_mixin.py:154} INFO - [2025-08-06T09:09:43.097+0000] {project.py:39} INFO - Project /opt/airflow/dags/dbt_main_project does not have {'dependencies.yml', 'packages.yml'}
[2025-08-06T09:09:43.098+0000] {logging_mixin.py:154} INFO - [2025-08-06T09:09:43.098+0000] {project.py:39} INFO - Project /opt/airflow/dags/dbt_main_project does not have {'dependencies.yml', 'packages.yml'}
[2025-08-06T09:09:43.100+0000] {logging_mixin.py:154} INFO - [2025-08-06T09:09:43.100+0000] {project.py:39} INFO - Project /opt/airflow/dags/dbt_main_project does not have {'dependencies.yml', 'packages.yml'}
[2025-08-06T09:09:43.102+0000] {logging_mixin.py:154} INFO - [2025-08-06T09:09:43.102+0000] {converter.py:336} INFO - Cosmos performance (example_iceberg__dbt_processing) - [c153e5c47390|251]: It took 0.00567s to build the Airflow DAG.
[2025-08-06T09:09:43.104+0000] {processor.py:839} INFO - DAG(s) dict_keys(['example_iceberg']) retrieved from /opt/airflow/dags/dags_airflow/ex.py
[2025-08-06T09:09:43.121+0000] {logging_mixin.py:154} INFO - [2025-08-06T09:09:43.121+0000] {dag.py:2941} INFO - Sync 1 DAGs
[2025-08-06T09:09:43.141+0000] {logging_mixin.py:154} INFO - [2025-08-06T09:09:43.141+0000] {dag.py:3722} INFO - Setting next_dagrun for example_iceberg to 2025-08-06T00:00:00+00:00, run_after=2025-08-07T00:00:00+00:00
[2025-08-06T09:09:43.174+0000] {processor.py:179} INFO - Processing /opt/airflow/dags/dags_airflow/ex.py took 1.748 seconds
[2025-08-06T09:10:13.907+0000] {processor.py:157} INFO - Started process (PID=278) to work on /opt/airflow/dags/dags_airflow/ex.py
[2025-08-06T09:10:13.908+0000] {processor.py:829} INFO - Processing file /opt/airflow/dags/dags_airflow/ex.py for tasks to queue
[2025-08-06T09:10:13.910+0000] {logging_mixin.py:154} INFO - [2025-08-06T09:10:13.910+0000] {dagbag.py:536} INFO - Filling up the DagBag from /opt/airflow/dags/dags_airflow/ex.py
[2025-08-06T09:10:13.929+0000] {logging_mixin.py:154} INFO - [2025-08-06T09:10:13.929+0000] {graph.py:611} INFO - Trying to parse the dbt project using dbt ls cache cosmos_cache__example_iceberg__dbt_processing...
[2025-08-06T09:10:15.453+0000] {logging_mixin.py:154} INFO - [2025-08-06T09:10:15.453+0000] {cache.py:320} INFO - Cosmos performance: time to calculate cache identifier cosmos_cache__example_iceberg__dbt_processing for current version: 1.5056303110031877
[2025-08-06T09:10:15.454+0000] {logging_mixin.py:154} INFO - [2025-08-06T09:10:15.454+0000] {graph.py:628} INFO - Cosmos performance [c153e5c47390|278]: The cache size for cosmos_cache__example_iceberg__dbt_processing is 1804
[2025-08-06T09:10:15.454+0000] {logging_mixin.py:154} INFO - [2025-08-06T09:10:15.454+0000] {graph.py:636} INFO - Cosmos performance: Cache hit for cosmos_cache__example_iceberg__dbt_processing - 2dd022de829012a9d98a9136aa8adb3a,d41d8cd98f00b204e9800998ecf8427e
[2025-08-06T09:10:15.455+0000] {logging_mixin.py:154} INFO - [2025-08-06T09:10:15.455+0000] {graph.py:561} INFO - Total nodes: 2
[2025-08-06T09:10:15.455+0000] {logging_mixin.py:154} INFO - [2025-08-06T09:10:15.455+0000] {graph.py:562} INFO - Total filtered nodes: 2
[2025-08-06T09:10:15.455+0000] {logging_mixin.py:154} INFO - [2025-08-06T09:10:15.455+0000] {converter.py:291} INFO - Cosmos performance (example_iceberg__dbt_processing) -  [c153e5c47390|278]: It took 1.53s to parse the dbt project for DAG using LoadMode.DBT_LS_CACHE
[2025-08-06T09:10:15.456+0000] {logging_mixin.py:154} INFO - [2025-08-06T09:10:15.456+0000] {project.py:39} INFO - Project /opt/airflow/dags/dbt_main_project does not have {'dependencies.yml', 'packages.yml'}
[2025-08-06T09:10:15.458+0000] {logging_mixin.py:154} INFO - [2025-08-06T09:10:15.458+0000] {project.py:39} INFO - Project /opt/airflow/dags/dbt_main_project does not have {'dependencies.yml', 'packages.yml'}
[2025-08-06T09:10:15.460+0000] {logging_mixin.py:154} INFO - [2025-08-06T09:10:15.460+0000] {project.py:39} INFO - Project /opt/airflow/dags/dbt_main_project does not have {'dependencies.yml', 'packages.yml'}
[2025-08-06T09:10:15.461+0000] {logging_mixin.py:154} INFO - [2025-08-06T09:10:15.461+0000] {converter.py:336} INFO - Cosmos performance (example_iceberg__dbt_processing) - [c153e5c47390|278]: It took 0.00552s to build the Airflow DAG.
[2025-08-06T09:10:15.462+0000] {processor.py:839} INFO - DAG(s) dict_keys(['example_iceberg']) retrieved from /opt/airflow/dags/dags_airflow/ex.py
[2025-08-06T09:10:15.659+0000] {logging_mixin.py:154} INFO - [2025-08-06T09:10:15.659+0000] {dag.py:2941} INFO - Sync 1 DAGs
[2025-08-06T09:10:15.677+0000] {logging_mixin.py:154} INFO - [2025-08-06T09:10:15.677+0000] {dag.py:3722} INFO - Setting next_dagrun for example_iceberg to 2025-08-06T00:00:00+00:00, run_after=2025-08-07T00:00:00+00:00
[2025-08-06T09:10:15.699+0000] {processor.py:179} INFO - Processing /opt/airflow/dags/dags_airflow/ex.py took 1.796 seconds
[2025-08-06T09:10:47.727+0000] {processor.py:157} INFO - Started process (PID=298) to work on /opt/airflow/dags/dags_airflow/ex.py
[2025-08-06T09:10:47.728+0000] {processor.py:829} INFO - Processing file /opt/airflow/dags/dags_airflow/ex.py for tasks to queue
[2025-08-06T09:10:47.731+0000] {logging_mixin.py:154} INFO - [2025-08-06T09:10:47.731+0000] {dagbag.py:536} INFO - Filling up the DagBag from /opt/airflow/dags/dags_airflow/ex.py
[2025-08-06T09:10:47.748+0000] {logging_mixin.py:154} INFO - [2025-08-06T09:10:47.748+0000] {graph.py:611} INFO - Trying to parse the dbt project using dbt ls cache cosmos_cache__example_iceberg__dbt_processing...
[2025-08-06T09:10:49.468+0000] {logging_mixin.py:154} INFO - [2025-08-06T09:10:49.468+0000] {cache.py:320} INFO - Cosmos performance: time to calculate cache identifier cosmos_cache__example_iceberg__dbt_processing for current version: 1.7002891759984777
[2025-08-06T09:10:49.469+0000] {logging_mixin.py:154} INFO - [2025-08-06T09:10:49.469+0000] {graph.py:628} INFO - Cosmos performance [c153e5c47390|298]: The cache size for cosmos_cache__example_iceberg__dbt_processing is 1804
[2025-08-06T09:10:49.469+0000] {logging_mixin.py:154} INFO - [2025-08-06T09:10:49.469+0000] {graph.py:636} INFO - Cosmos performance: Cache hit for cosmos_cache__example_iceberg__dbt_processing - 2dd022de829012a9d98a9136aa8adb3a,d41d8cd98f00b204e9800998ecf8427e
[2025-08-06T09:10:49.470+0000] {logging_mixin.py:154} INFO - [2025-08-06T09:10:49.470+0000] {graph.py:561} INFO - Total nodes: 2
[2025-08-06T09:10:49.470+0000] {logging_mixin.py:154} INFO - [2025-08-06T09:10:49.470+0000] {graph.py:562} INFO - Total filtered nodes: 2
[2025-08-06T09:10:49.470+0000] {logging_mixin.py:154} INFO - [2025-08-06T09:10:49.470+0000] {converter.py:291} INFO - Cosmos performance (example_iceberg__dbt_processing) -  [c153e5c47390|298]: It took 1.72s to parse the dbt project for DAG using LoadMode.DBT_LS_CACHE
[2025-08-06T09:10:49.471+0000] {logging_mixin.py:154} INFO - [2025-08-06T09:10:49.471+0000] {project.py:39} INFO - Project /opt/airflow/dags/dbt_main_project does not have {'dependencies.yml', 'packages.yml'}
[2025-08-06T09:10:49.473+0000] {logging_mixin.py:154} INFO - [2025-08-06T09:10:49.473+0000] {project.py:39} INFO - Project /opt/airflow/dags/dbt_main_project does not have {'dependencies.yml', 'packages.yml'}
[2025-08-06T09:10:49.476+0000] {logging_mixin.py:154} INFO - [2025-08-06T09:10:49.476+0000] {project.py:39} INFO - Project /opt/airflow/dags/dbt_main_project does not have {'dependencies.yml', 'packages.yml'}
[2025-08-06T09:10:49.477+0000] {logging_mixin.py:154} INFO - [2025-08-06T09:10:49.477+0000] {converter.py:336} INFO - Cosmos performance (example_iceberg__dbt_processing) - [c153e5c47390|298]: It took 0.00653s to build the Airflow DAG.
[2025-08-06T09:10:49.479+0000] {processor.py:839} INFO - DAG(s) dict_keys(['example_iceberg']) retrieved from /opt/airflow/dags/dags_airflow/ex.py
[2025-08-06T09:10:49.495+0000] {logging_mixin.py:154} INFO - [2025-08-06T09:10:49.495+0000] {dag.py:2941} INFO - Sync 1 DAGs
[2025-08-06T09:10:49.517+0000] {logging_mixin.py:154} INFO - [2025-08-06T09:10:49.517+0000] {dag.py:3722} INFO - Setting next_dagrun for example_iceberg to 2025-08-06T00:00:00+00:00, run_after=2025-08-07T00:00:00+00:00
[2025-08-06T09:10:49.535+0000] {processor.py:179} INFO - Processing /opt/airflow/dags/dags_airflow/ex.py took 1.811 seconds
[2025-08-06T09:11:22.151+0000] {processor.py:157} INFO - Started process (PID=324) to work on /opt/airflow/dags/dags_airflow/ex.py
[2025-08-06T09:11:22.152+0000] {processor.py:829} INFO - Processing file /opt/airflow/dags/dags_airflow/ex.py for tasks to queue
[2025-08-06T09:11:22.156+0000] {logging_mixin.py:154} INFO - [2025-08-06T09:11:22.155+0000] {dagbag.py:536} INFO - Filling up the DagBag from /opt/airflow/dags/dags_airflow/ex.py
[2025-08-06T09:11:22.179+0000] {logging_mixin.py:154} INFO - [2025-08-06T09:11:22.179+0000] {graph.py:611} INFO - Trying to parse the dbt project using dbt ls cache cosmos_cache__example_iceberg__dbt_processing...
[2025-08-06T09:11:23.853+0000] {logging_mixin.py:154} INFO - [2025-08-06T09:11:23.852+0000] {cache.py:320} INFO - Cosmos performance: time to calculate cache identifier cosmos_cache__example_iceberg__dbt_processing for current version: 1.652021230001992
[2025-08-06T09:11:23.853+0000] {logging_mixin.py:154} INFO - [2025-08-06T09:11:23.853+0000] {graph.py:628} INFO - Cosmos performance [c153e5c47390|324]: The cache size for cosmos_cache__example_iceberg__dbt_processing is 1804
[2025-08-06T09:11:23.854+0000] {logging_mixin.py:154} INFO - [2025-08-06T09:11:23.854+0000] {graph.py:636} INFO - Cosmos performance: Cache hit for cosmos_cache__example_iceberg__dbt_processing - 2dd022de829012a9d98a9136aa8adb3a,d41d8cd98f00b204e9800998ecf8427e
[2025-08-06T09:11:23.854+0000] {logging_mixin.py:154} INFO - [2025-08-06T09:11:23.854+0000] {graph.py:561} INFO - Total nodes: 2
[2025-08-06T09:11:23.854+0000] {logging_mixin.py:154} INFO - [2025-08-06T09:11:23.854+0000] {graph.py:562} INFO - Total filtered nodes: 2
[2025-08-06T09:11:23.854+0000] {logging_mixin.py:154} INFO - [2025-08-06T09:11:23.854+0000] {converter.py:291} INFO - Cosmos performance (example_iceberg__dbt_processing) -  [c153e5c47390|324]: It took 1.68s to parse the dbt project for DAG using LoadMode.DBT_LS_CACHE
[2025-08-06T09:11:23.855+0000] {logging_mixin.py:154} INFO - [2025-08-06T09:11:23.855+0000] {project.py:39} INFO - Project /opt/airflow/dags/dbt_main_project does not have {'dependencies.yml', 'packages.yml'}
[2025-08-06T09:11:23.857+0000] {logging_mixin.py:154} INFO - [2025-08-06T09:11:23.856+0000] {project.py:39} INFO - Project /opt/airflow/dags/dbt_main_project does not have {'dependencies.yml', 'packages.yml'}
[2025-08-06T09:11:23.858+0000] {logging_mixin.py:154} INFO - [2025-08-06T09:11:23.858+0000] {project.py:39} INFO - Project /opt/airflow/dags/dbt_main_project does not have {'dependencies.yml', 'packages.yml'}
[2025-08-06T09:11:23.859+0000] {logging_mixin.py:154} INFO - [2025-08-06T09:11:23.859+0000] {converter.py:336} INFO - Cosmos performance (example_iceberg__dbt_processing) - [c153e5c47390|324]: It took 0.00485s to build the Airflow DAG.
[2025-08-06T09:11:23.861+0000] {processor.py:839} INFO - DAG(s) dict_keys(['example_iceberg']) retrieved from /opt/airflow/dags/dags_airflow/ex.py
[2025-08-06T09:11:23.876+0000] {logging_mixin.py:154} INFO - [2025-08-06T09:11:23.876+0000] {dag.py:2941} INFO - Sync 1 DAGs
[2025-08-06T09:11:23.898+0000] {logging_mixin.py:154} INFO - [2025-08-06T09:11:23.898+0000] {dag.py:3722} INFO - Setting next_dagrun for example_iceberg to 2025-08-06T00:00:00+00:00, run_after=2025-08-07T00:00:00+00:00
[2025-08-06T09:11:23.918+0000] {processor.py:179} INFO - Processing /opt/airflow/dags/dags_airflow/ex.py took 1.771 seconds
